[INFO] Logs guardándose en: /mnt/d/Seba - Dev/DRAFTS-UC/drafts_pipeline_20250729_205845.log
[INFO] [38;5;39mINICIANDO PIPELINE DE DETECCIÓN DE FRB[0m
[INFO] [94mLeyenda de Colores:[0m
[INFO] [38;5;39m  🚀 Pipeline: Operaciones principales del pipeline[0m
[INFO] [38;5;87m  📂 Archivos: Procesamiento de archivos[0m
[INFO] [38;5;220m  🧩 Procesamiento: Chunks y Slices[0m
[INFO] [38;5;82m  🎯 Detección: Candidatos detectados[0m
[INFO] [38;5;213m  🖥️  GPU: Operaciones de GPU[0m
[INFO] [93m  ⚠️  Advertencia: Problemas no críticos[0m
[INFO] [38;5;196m  ❌ Error: Fallos críticos[0m
[INFO] [96m  🔍 Debug: Información detallada (solo en modo DEBUG)[0m
[INFO] 
[INFO] Datos: Data/raw
[INFO] Resultados: Results/ObjectDetection
[INFO] Targets: ['3100_0001_00_8bit']
[INFO] Chunking: 2,097,152 muestras/bloque
[INFO] Cargando modelos...
[INFO] Modelos cargados exitosamente
[INFO] Buscando archivos para target: 3100_0001_00_8bit
[INFO] Archivos encontrados: ['3100_0001_00_8bit.fil']
[INFO] Leyendo parámetros desde: 3100_0001_00_8bit.fil
[INFO] Parámetros de observación cargados
[INFO] [38;5;87m Procesando: 3100_0001_00_8bit.fil[0m
[INFO] Muestras: 65,917,985
[INFO] Duración: 60.0 min
[INFO] Canales: 512
[INFO] Configuración de slice:
[INFO] Duración objetivo: 1000.0 ms
[INFO] SLICE_LEN: 1308 muestras
[INFO] Duración real: 1000.1 ms
