[INFO] Logs guardándose en: /mnt/d/Seba - Dev/DRAFTS-UC/drafts/logging/log/drafts_pipeline_20250729_211710.log
[INFO] [38;5;39mINICIANDO PIPELINE DE DETECCIÓN DE FRB[0m
[INFO] [94mLeyenda de Colores:[0m
[INFO] [38;5;39m Pipeline: Operaciones principales del pipeline[0m
[INFO] [38;5;87m Archivos: Procesamiento de archivos[0m
[INFO] [38;5;220m Procesamiento: Chunks y Slices[0m
[INFO] [38;5;82m Detección: Candidatos detectados[0m
[INFO] [38;5;213m GPU: Operaciones de GPU[0m
[INFO] [93m Advertencia: Problemas no críticos[0m
[INFO] [38;5;196m Error: Fallos críticos[0m
[INFO] [96m Debug: Información detallada (solo en modo DEBUG)[0m
[INFO] 
[INFO] Datos: Data/raw
[INFO] Resultados: Results/ObjectDetection
[INFO] Targets: ['2017-04-03-08-16-13_142_0003_t39.977']
[INFO] Chunking: 2,097,152 muestras/bloque
[INFO] Cargando modelos...
[INFO] Modelos cargados exitosamente
[INFO] Buscando archivos para target: 2017-04-03-08-16-13_142_0003_t39.977
[INFO] Archivos encontrados: ['2017-04-03-08-16-13_142_0003_t39.977.fits']
[INFO] Leyendo parámetros desde: 2017-04-03-08-16-13_142_0003_t39.977.fits
[INFO] Parámetros de observación cargados
[INFO] [38;5;87m Procesando: 2017-04-03-08-16-13_142_0003_t39.977.fits[0m
[INFO] Muestras: 1,638,400
[INFO] Duración: 0.9 min
[INFO] Canales: 32
[INFO] Configuración de slice:
[INFO] Duración objetivo: 500.0 ms
[INFO] SLICE_LEN: 651 muestras
[INFO] Duración real: 500.0 ms
[INFO] [38;5;220m Progreso: slice 000/104 (0.0%) (chunk 000)[0m
[INFO] [38;5;220m Procesando slice 000 (chunk 000)[0m
[INFO] [38;5;220m Procesando Full Band (slice 0)[0m
[INFO] [38;5;220m Procesando slice 001 (chunk 000)[0m
[INFO] [38;5;220m Procesando Full Band (slice 1)[0m
[INFO] [38;5;220m Procesando slice 002 (chunk 000)[0m
[INFO] [38;5;220m Procesando Full Band (slice 2)[0m
[INFO] [38;5;220m Procesando slice 003 (chunk 000)[0m
[INFO] [38;5;220m Procesando Full Band (slice 3)[0m
[INFO] [38;5;220m Procesando slice 004 (chunk 000)[0m
[INFO] [38;5;220m Procesando Full Band (slice 4)[0m
[INFO] [38;5;220m Procesando slice 005 (chunk 000)[0m
[INFO] [38;5;220m Procesando Full Band (slice 5)[0m
[INFO] [38;5;220m Procesando slice 006 (chunk 000)[0m
[INFO] [38;5;220m Procesando Full Band (slice 6)[0m
[INFO] [38;5;220m Procesando slice 007 (chunk 000)[0m
[INFO] [38;5;220m Procesando Full Band (slice 7)[0m
[INFO] [38;5;220m Procesando slice 008 (chunk 000)[0m
[INFO] [38;5;220m Procesando Full Band (slice 8)[0m
[INFO] [38;5;220m Procesando slice 009 (chunk 000)[0m
[INFO] [38;5;220m Procesando Full Band (slice 9)[0m
[INFO] [38;5;82m Full Band: 1 candidatos detectados[0m
[INFO] [38;5;82m Candidato encontrado: DM=1088.8 t=4.510s conf=0.23 class=0.44 → NO burst[0m
[INFO] [96m SNR Raw: 0.00σ, SNR Patch: 3.19σ[0m
[INFO] [38;5;82m Slice 009 completado: 1 candidatos (0 bursts, 1 no bursts)[0m
[INFO] [38;5;82m Slice 009 completado: 1 candidatos (0 bursts, 1 no bursts)[0m
[INFO] [38;5;220m Progreso: slice 010/104 (9.5%) (chunk 000)[0m
[INFO] [38;5;220m Procesando slice 010 (chunk 000)[0m
[INFO] [38;5;220m Procesando Full Band (slice 10)[0m
[INFO] [38;5;220m Procesando slice 011 (chunk 000)[0m
[INFO] [38;5;220m Procesando Full Band (slice 11)[0m
[INFO] [38;5;220m Procesando slice 012 (chunk 000)[0m
[INFO] [38;5;220m Procesando Full Band (slice 12)[0m
[INFO] [38;5;220m Procesando slice 013 (chunk 000)[0m
[INFO] [38;5;220m Procesando Full Band (slice 13)[0m
[INFO] [38;5;220m Procesando slice 014 (chunk 000)[0m
[INFO] [38;5;220m Procesando Full Band (slice 14)[0m
[INFO] [38;5;220m Procesando slice 015 (chunk 000)[0m
[INFO] [38;5;220m Procesando Full Band (slice 15)[0m
[INFO] [38;5;220m Procesando slice 016 (chunk 000)[0m
[INFO] [38;5;220m Procesando Full Band (slice 16)[0m
[INFO] [38;5;220m Procesando slice 017 (chunk 000)[0m
[INFO] [38;5;220m Procesando Full Band (slice 17)[0m
[INFO] [38;5;220m Procesando slice 018 (chunk 000)[0m
[INFO] [38;5;220m Procesando Full Band (slice 18)[0m
[INFO] [38;5;220m Procesando slice 019 (chunk 000)[0m
[INFO] [38;5;220m Procesando Full Band (slice 19)[0m
[INFO] [38;5;220m Progreso: slice 020/104 (19.0%) (chunk 000)[0m
[INFO] [38;5;220m Procesando slice 020 (chunk 000)[0m
[INFO] [38;5;220m Procesando Full Band (slice 20)[0m
[INFO] [38;5;220m Procesando slice 021 (chunk 000)[0m
[INFO] [38;5;220m Procesando Full Band (slice 21)[0m
[INFO] [38;5;220m Procesando slice 022 (chunk 000)[0m
[INFO] [38;5;220m Procesando Full Band (slice 22)[0m
[INFO] [38;5;220m Procesando slice 023 (chunk 000)[0m
[INFO] [38;5;220m Procesando Full Band (slice 23)[0m
[INFO] [38;5;220m Procesando slice 024 (chunk 000)[0m
[INFO] [38;5;220m Procesando Full Band (slice 24)[0m
[INFO] [38;5;220m Procesando slice 025 (chunk 000)[0m
[INFO] [38;5;220m Procesando Full Band (slice 25)[0m
[INFO] [38;5;220m Procesando slice 026 (chunk 000)[0m
[INFO] [38;5;220m Procesando Full Band (slice 26)[0m
[INFO] [38;5;220m Procesando slice 027 (chunk 000)[0m
[INFO] [38;5;220m Procesando Full Band (slice 27)[0m
[INFO] [38;5;220m Procesando slice 028 (chunk 000)[0m
[INFO] [38;5;220m Procesando Full Band (slice 28)[0m
[INFO] [38;5;220m Procesando slice 029 (chunk 000)[0m
[INFO] [38;5;220m Procesando Full Band (slice 29)[0m
[INFO] [38;5;220m Progreso: slice 030/104 (28.6%) (chunk 000)[0m
[INFO] [38;5;220m Procesando slice 030 (chunk 000)[0m
[INFO] [38;5;220m Procesando Full Band (slice 30)[0m
[INFO] [38;5;220m Procesando slice 031 (chunk 000)[0m
[INFO] [38;5;220m Procesando Full Band (slice 31)[0m
[INFO] [38;5;220m Procesando slice 032 (chunk 000)[0m
[INFO] [38;5;220m Procesando Full Band (slice 32)[0m
[INFO] [38;5;220m Procesando slice 033 (chunk 000)[0m
[INFO] [38;5;220m Procesando Full Band (slice 33)[0m
[INFO] [38;5;220m Procesando slice 034 (chunk 000)[0m
[INFO] [38;5;220m Procesando Full Band (slice 34)[0m
[INFO] [38;5;220m Procesando slice 035 (chunk 000)[0m
[INFO] [38;5;220m Procesando Full Band (slice 35)[0m
[INFO] [38;5;220m Procesando slice 036 (chunk 000)[0m
[INFO] [38;5;220m Procesando Full Band (slice 36)[0m
[INFO] [38;5;220m Procesando slice 037 (chunk 000)[0m
[INFO] [38;5;220m Procesando Full Band (slice 37)[0m
[INFO] [38;5;220m Procesando slice 038 (chunk 000)[0m
[INFO] [38;5;220m Procesando Full Band (slice 38)[0m
[INFO] [38;5;220m Procesando slice 039 (chunk 000)[0m
[INFO] [38;5;220m Procesando Full Band (slice 39)[0m
[INFO] [38;5;220m Progreso: slice 040/104 (38.1%) (chunk 000)[0m
[INFO] [38;5;220m Procesando slice 040 (chunk 000)[0m
[INFO] [38;5;220m Procesando Full Band (slice 40)[0m
[INFO] [38;5;220m Procesando slice 041 (chunk 000)[0m
[INFO] [38;5;220m Procesando Full Band (slice 41)[0m
[INFO] [38;5;220m Procesando slice 042 (chunk 000)[0m
[INFO] [38;5;220m Procesando Full Band (slice 42)[0m
[INFO] [38;5;220m Procesando slice 043 (chunk 000)[0m
[INFO] [38;5;220m Procesando Full Band (slice 43)[0m
[INFO] [38;5;220m Procesando slice 044 (chunk 000)[0m
[INFO] [38;5;220m Procesando Full Band (slice 44)[0m
[INFO] [38;5;220m Procesando slice 045 (chunk 000)[0m
[INFO] [38;5;220m Procesando Full Band (slice 45)[0m
[INFO] [38;5;220m Procesando slice 046 (chunk 000)[0m
[INFO] [38;5;220m Procesando Full Band (slice 46)[0m
[INFO] [38;5;220m Procesando slice 047 (chunk 000)[0m
[INFO] [38;5;220m Procesando Full Band (slice 47)[0m
[INFO] [38;5;220m Procesando slice 048 (chunk 000)[0m
[INFO] [38;5;220m Procesando Full Band (slice 48)[0m
[INFO] [38;5;220m Procesando slice 049 (chunk 000)[0m
[INFO] [38;5;220m Procesando Full Band (slice 49)[0m
[INFO] [38;5;220m Progreso: slice 050/104 (47.6%) (chunk 000)[0m
[INFO] [38;5;220m Procesando slice 050 (chunk 000)[0m
[INFO] [38;5;220m Procesando Full Band (slice 50)[0m
[INFO] [38;5;220m Procesando slice 051 (chunk 000)[0m
[INFO] [38;5;220m Procesando Full Band (slice 51)[0m
[INFO] [38;5;220m Procesando slice 052 (chunk 000)[0m
[INFO] [38;5;220m Procesando Full Band (slice 52)[0m
[INFO] [38;5;220m Procesando slice 053 (chunk 000)[0m
[INFO] [38;5;220m Procesando Full Band (slice 53)[0m
[INFO] [38;5;220m Procesando slice 054 (chunk 000)[0m
[INFO] [38;5;220m Procesando Full Band (slice 54)[0m
[INFO] [38;5;220m Procesando slice 055 (chunk 000)[0m
[INFO] [38;5;220m Procesando Full Band (slice 55)[0m
[INFO] [38;5;220m Procesando slice 056 (chunk 000)[0m
[INFO] [38;5;220m Procesando Full Band (slice 56)[0m
[INFO] [38;5;220m Procesando slice 057 (chunk 000)[0m
[INFO] [38;5;220m Procesando Full Band (slice 57)[0m
[INFO] [38;5;220m Procesando slice 058 (chunk 000)[0m
[INFO] [38;5;220m Procesando Full Band (slice 58)[0m
[INFO] [38;5;220m Procesando slice 059 (chunk 000)[0m
[INFO] [38;5;220m Procesando Full Band (slice 59)[0m
[INFO] [38;5;220m Progreso: slice 060/104 (57.1%) (chunk 000)[0m
[INFO] [38;5;220m Procesando slice 060 (chunk 000)[0m
[INFO] [38;5;220m Procesando Full Band (slice 60)[0m
[INFO] [38;5;220m Procesando slice 061 (chunk 000)[0m
[INFO] [38;5;220m Procesando Full Band (slice 61)[0m
[INFO] [38;5;220m Procesando slice 062 (chunk 000)[0m
[INFO] [38;5;220m Procesando Full Band (slice 62)[0m
[INFO] [38;5;220m Procesando slice 063 (chunk 000)[0m
[INFO] [38;5;220m Procesando Full Band (slice 63)[0m
[INFO] [38;5;220m Procesando slice 064 (chunk 000)[0m
[INFO] [38;5;220m Procesando Full Band (slice 64)[0m
[INFO] [38;5;220m Procesando slice 065 (chunk 000)[0m
[INFO] [38;5;220m Procesando Full Band (slice 65)[0m
[INFO] [38;5;220m Procesando slice 066 (chunk 000)[0m
[INFO] [38;5;220m Procesando Full Band (slice 66)[0m
[INFO] [38;5;220m Procesando slice 067 (chunk 000)[0m
[INFO] [38;5;220m Procesando Full Band (slice 67)[0m
[INFO] [38;5;220m Procesando slice 068 (chunk 000)[0m
[INFO] [38;5;220m Procesando Full Band (slice 68)[0m
[INFO] [38;5;220m Procesando slice 069 (chunk 000)[0m
[INFO] [38;5;220m Procesando Full Band (slice 69)[0m
[INFO] [38;5;220m Progreso: slice 070/104 (66.7%) (chunk 000)[0m
[INFO] [38;5;220m Procesando slice 070 (chunk 000)[0m
[INFO] [38;5;220m Procesando Full Band (slice 70)[0m
[INFO] [38;5;220m Procesando slice 071 (chunk 000)[0m
[INFO] [38;5;220m Procesando Full Band (slice 71)[0m
[INFO] [38;5;220m Procesando slice 072 (chunk 000)[0m
[INFO] [38;5;220m Procesando Full Band (slice 72)[0m
[INFO] [38;5;220m Procesando slice 073 (chunk 000)[0m
[INFO] [38;5;220m Procesando Full Band (slice 73)[0m
[INFO] [38;5;220m Procesando slice 074 (chunk 000)[0m
[INFO] [38;5;220m Procesando Full Band (slice 74)[0m
[INFO] [38;5;220m Procesando slice 075 (chunk 000)[0m
[INFO] [38;5;220m Procesando Full Band (slice 75)[0m
[INFO] [38;5;220m Procesando slice 076 (chunk 000)[0m
[INFO] [38;5;220m Procesando Full Band (slice 76)[0m
[INFO] [38;5;220m Procesando slice 077 (chunk 000)[0m
[INFO] [38;5;220m Procesando Full Band (slice 77)[0m
[INFO] [38;5;220m Procesando slice 078 (chunk 000)[0m
[INFO] [38;5;220m Procesando Full Band (slice 78)[0m
[INFO] [38;5;220m Procesando slice 079 (chunk 000)[0m
[INFO] [38;5;220m Procesando Full Band (slice 79)[0m
[INFO] [38;5;220m Progreso: slice 080/104 (76.2%) (chunk 000)[0m
[INFO] [38;5;220m Procesando slice 080 (chunk 000)[0m
[INFO] [38;5;220m Procesando Full Band (slice 80)[0m
[INFO] [38;5;220m Procesando slice 081 (chunk 000)[0m
[INFO] [38;5;220m Procesando Full Band (slice 81)[0m
[INFO] [38;5;220m Procesando slice 082 (chunk 000)[0m
[INFO] [38;5;220m Procesando Full Band (slice 82)[0m
[INFO] [38;5;220m Procesando slice 083 (chunk 000)[0m
[INFO] [38;5;220m Procesando Full Band (slice 83)[0m
[INFO] [38;5;220m Procesando slice 084 (chunk 000)[0m
[INFO] [38;5;220m Procesando Full Band (slice 84)[0m
[INFO] [38;5;220m Procesando slice 085 (chunk 000)[0m
[INFO] [38;5;220m Procesando Full Band (slice 85)[0m
[INFO] [38;5;220m Procesando slice 086 (chunk 000)[0m
[INFO] [38;5;220m Procesando Full Band (slice 86)[0m
[INFO] [38;5;220m Procesando slice 087 (chunk 000)[0m
[INFO] [38;5;220m Procesando Full Band (slice 87)[0m
[INFO] [38;5;220m Procesando slice 088 (chunk 000)[0m
[INFO] [38;5;220m Procesando Full Band (slice 88)[0m
[INFO] [38;5;220m Procesando slice 089 (chunk 000)[0m
[INFO] [38;5;220m Procesando Full Band (slice 89)[0m
[INFO] [38;5;220m Progreso: slice 090/104 (85.7%) (chunk 000)[0m
[INFO] [38;5;220m Procesando slice 090 (chunk 000)[0m
[INFO] [38;5;220m Procesando Full Band (slice 90)[0m
[INFO] [38;5;220m Procesando slice 091 (chunk 000)[0m
[INFO] [38;5;220m Procesando Full Band (slice 91)[0m
[INFO] [38;5;220m Procesando slice 092 (chunk 000)[0m
[INFO] [38;5;220m Procesando Full Band (slice 92)[0m
[INFO] [38;5;220m Procesando slice 093 (chunk 000)[0m
[INFO] [38;5;220m Procesando Full Band (slice 93)[0m
[INFO] [38;5;220m Procesando slice 094 (chunk 000)[0m
[INFO] [38;5;220m Procesando Full Band (slice 94)[0m
[INFO] [38;5;220m Procesando slice 095 (chunk 000)[0m
[INFO] [38;5;220m Procesando Full Band (slice 95)[0m
[INFO] [38;5;220m Procesando slice 096 (chunk 000)[0m
[INFO] [38;5;220m Procesando Full Band (slice 96)[0m
[INFO] [38;5;220m Procesando slice 097 (chunk 000)[0m
[INFO] [38;5;220m Procesando Full Band (slice 97)[0m
[INFO] [38;5;220m Procesando slice 098 (chunk 000)[0m
