[INFO] Logs guardándose en: /mnt/d/Seba - Dev/DRAFTS-UC/drafts/logging/log/drafts_pipeline_20250730_000759.log
[INFO] [38;5;39mINICIANDO PIPELINE DE DETECCIÓN DE FRB[0m
[INFO] [94mLeyenda de Colores:[0m
[INFO] [38;5;39m Pipeline: Operaciones principales del pipeline[0m
[INFO] [38;5;87m Archivos: Procesamiento de archivos[0m
[INFO] [38;5;220m Procesamiento: Chunks y Slices[0m
[INFO] [38;5;82m Detección: Candidatos detectados[0m
[INFO] [38;5;213m GPU: Operaciones de GPU[0m
[INFO] [93m Advertencia: Problemas no críticos[0m
[INFO] [38;5;196m Error: Fallos críticos[0m
[INFO] [96m Debug: Información detallada (solo en modo DEBUG)[0m
[INFO] 
[INFO] Datos: Data/raw
[INFO] Resultados: Results/ObjectDetection
[INFO] Targets: ['2017-04-03-0825_13_0003']
[INFO] Chunking: 2,097,152 muestras/bloque
[INFO] Cargando modelos...
[INFO] Modelos cargados exitosamente
[INFO] Buscando archivos para target: 2017-04-03-0825_13_0003
[INFO] Archivos encontrados: ['2017-04-03-0825_13_0003.fits']
[INFO] Leyendo parámetros desde: 2017-04-03-0825_13_0003.fits
[INFO] Parámetros de observación cargados
[INFO] [38;5;87m Procesando: 2017-04-03-0825_13_0003.fits[0m
[INFO] Muestras: 1,638,400
[INFO] Duración: 0.9 min
[INFO] Canales: 32
[INFO] Configuración de slice:
[INFO] Duración objetivo: 300.0 ms
[INFO] SLICE_LEN: 391 muestras
[INFO] Duración real: 300.3 ms
[INFO] [38;5;220m Progreso: slice 000/174 (0.0%) (chunk 000)[0m
[INFO] [38;5;220m Procesando slice 000 (chunk 000)[0m
[INFO] [38;5;220m Procesando Full Band (slice 0)[0m
[INFO] [38;5;82m Full Band: 1 candidatos detectados[0m
[INFO] [38;5;82m Candidato encontrado: DM=696.8 t=0.151s conf=0.16 class=0.03 → NO burst[0m
[INFO] [96m SNR Raw: 0.00σ, SNR Patch: 2.71σ[0m
[INFO] [38;5;82m Slice 000 completado: 1 candidatos (0 bursts, 1 no bursts)[0m
[INFO] [38;5;82m Slice 000 completado: 1 candidatos (0 bursts, 1 no bursts)[0m
[INFO] [38;5;220m Procesando slice 001 (chunk 000)[0m
[INFO] [38;5;220m Procesando Full Band (slice 1)[0m
[INFO] [38;5;220m Procesando slice 002 (chunk 000)[0m
[INFO] [38;5;220m Procesando Full Band (slice 2)[0m
[INFO] [38;5;220m Procesando slice 003 (chunk 000)[0m
[INFO] [38;5;220m Procesando Full Band (slice 3)[0m
[INFO] [38;5;220m Procesando slice 004 (chunk 000)[0m
[INFO] [38;5;220m Procesando Full Band (slice 4)[0m
[INFO] [38;5;220m Procesando slice 005 (chunk 000)[0m
[INFO] [38;5;220m Procesando Full Band (slice 5)[0m
[INFO] [38;5;82m Full Band: 1 candidatos detectados[0m
[INFO] [38;5;82m Candidato encontrado: DM=642.0 t=1.528s conf=0.10 class=0.04 → NO burst[0m
[INFO] [96m SNR Raw: 0.00σ, SNR Patch: 2.87σ[0m
[INFO] [38;5;82m Slice 005 completado: 1 candidatos (0 bursts, 1 no bursts)[0m
[INFO] [38;5;82m Slice 005 completado: 1 candidatos (0 bursts, 1 no bursts)[0m
[INFO] [38;5;220m Procesando slice 006 (chunk 000)[0m
[INFO] [38;5;220m Procesando Full Band (slice 6)[0m
[INFO] [38;5;82m Full Band: 1 candidatos detectados[0m
[INFO] [38;5;82m Candidato encontrado: DM=613.9 t=1.826s conf=0.10 class=0.04 → NO burst[0m
[INFO] [96m SNR Raw: 0.00σ, SNR Patch: 2.90σ[0m
[INFO] [38;5;82m Slice 006 completado: 1 candidatos (0 bursts, 1 no bursts)[0m
[INFO] [38;5;82m Slice 006 completado: 1 candidatos (0 bursts, 1 no bursts)[0m
[INFO] [38;5;220m Procesando slice 007 (chunk 000)[0m
[INFO] [38;5;220m Procesando Full Band (slice 7)[0m
[INFO] [38;5;220m Procesando slice 008 (chunk 000)[0m
[INFO] [38;5;220m Procesando Full Band (slice 8)[0m
[INFO] [38;5;220m Procesando slice 009 (chunk 000)[0m
[INFO] [38;5;220m Procesando Full Band (slice 9)[0m
[INFO] [38;5;220m Progreso: slice 010/174 (5.7%) (chunk 000)[0m
[INFO] [38;5;220m Procesando slice 010 (chunk 000)[0m
[INFO] [38;5;220m Procesando Full Band (slice 10)[0m
[INFO] [38;5;82m Full Band: 1 candidatos detectados[0m
[INFO] [38;5;82m Candidato encontrado: DM=696.8 t=3.146s conf=0.16 class=0.01 → NO burst[0m
[INFO] [96m SNR Raw: 0.00σ, SNR Patch: 3.56σ[0m
[INFO] [38;5;82m Slice 010 completado: 1 candidatos (0 bursts, 1 no bursts)[0m
[INFO] [38;5;82m Slice 010 completado: 1 candidatos (0 bursts, 1 no bursts)[0m
[INFO] [38;5;220m Procesando slice 011 (chunk 000)[0m
[INFO] [38;5;220m Procesando Full Band (slice 11)[0m
[INFO] [38;5;82m Full Band: 1 candidatos detectados[0m
[INFO] [38;5;82m Candidato encontrado: DM=627.8 t=3.372s conf=0.13 class=0.01 → NO burst[0m
[INFO] [96m SNR Raw: 0.00σ, SNR Patch: 3.45σ[0m
[INFO] [38;5;82m Slice 011 completado: 1 candidatos (0 bursts, 1 no bursts)[0m
[INFO] [38;5;82m Slice 011 completado: 1 candidatos (0 bursts, 1 no bursts)[0m
[INFO] [38;5;220m Procesando slice 012 (chunk 000)[0m
[INFO] [38;5;220m Procesando Full Band (slice 12)[0m
[INFO] [38;5;220m Procesando slice 013 (chunk 000)[0m
[INFO] [38;5;220m Procesando Full Band (slice 13)[0m
[INFO] [38;5;220m Procesando slice 014 (chunk 000)[0m
[INFO] [38;5;220m Procesando Full Band (slice 14)[0m
[INFO] [38;5;82m Full Band: 1 candidatos detectados[0m
[INFO] [38;5;82m Candidato encontrado: DM=628.1 t=4.214s conf=0.13 class=0.03 → NO burst[0m
[INFO] [96m SNR Raw: 0.00σ, SNR Patch: 2.79σ[0m
[INFO] [38;5;82m Slice 014 completado: 1 candidatos (0 bursts, 1 no bursts)[0m
[INFO] [38;5;82m Slice 014 completado: 1 candidatos (0 bursts, 1 no bursts)[0m
[INFO] [38;5;220m Procesando slice 015 (chunk 000)[0m
[INFO] [38;5;220m Procesando Full Band (slice 15)[0m
[INFO] [38;5;220m Procesando slice 016 (chunk 000)[0m
[INFO] [38;5;220m Procesando Full Band (slice 16)[0m
[INFO] [38;5;82m Full Band: 2 candidatos detectados[0m
[INFO] [38;5;82m Candidato encontrado: DM=710.9 t=5.026s conf=0.20 class=0.21 → NO burst[0m
[INFO] [96m SNR Raw: 0.00σ, SNR Patch: 3.61σ[0m
[INFO] [38;5;82m Candidato encontrado: DM=711.8 t=5.100s conf=0.12 class=0.06 → NO burst[0m
[INFO] [96m SNR Raw: 0.00σ, SNR Patch: 3.55σ[0m
[INFO] [38;5;82m Slice 016 completado: 2 candidatos (0 bursts, 2 no bursts)[0m
[INFO] [38;5;82m Slice 016 completado: 2 candidatos (0 bursts, 2 no bursts)[0m
[INFO] [38;5;220m Procesando slice 017 (chunk 000)[0m
[INFO] [38;5;220m Procesando Full Band (slice 17)[0m
[INFO] [38;5;220m Procesando slice 018 (chunk 000)[0m
[INFO] [38;5;220m Procesando Full Band (slice 18)[0m
[INFO] [38;5;220m Procesando slice 019 (chunk 000)[0m
[INFO] [38;5;220m Procesando Full Band (slice 19)[0m
[INFO] [38;5;220m Progreso: slice 020/174 (11.4%) (chunk 000)[0m
[INFO] [38;5;220m Procesando slice 020 (chunk 000)[0m
[INFO] [38;5;220m Procesando Full Band (slice 20)[0m
[INFO] [38;5;220m Procesando slice 021 (chunk 000)[0m
[INFO] [38;5;220m Procesando Full Band (slice 21)[0m
[INFO] [38;5;220m Procesando slice 022 (chunk 000)[0m
[INFO] [38;5;220m Procesando Full Band (slice 22)[0m
[INFO] [38;5;220m Procesando slice 023 (chunk 000)[0m
[INFO] [38;5;220m Procesando Full Band (slice 23)[0m
[INFO] [38;5;220m Procesando slice 024 (chunk 000)[0m
[INFO] [38;5;220m Procesando Full Band (slice 24)[0m
[INFO] [38;5;220m Procesando slice 025 (chunk 000)[0m
[INFO] [38;5;220m Procesando Full Band (slice 25)[0m
[INFO] [38;5;220m Procesando slice 026 (chunk 000)[0m
[INFO] [38;5;220m Procesando Full Band (slice 26)[0m
[INFO] [38;5;82m Full Band: 1 candidatos detectados[0m
[INFO] [38;5;82m Candidato encontrado: DM=628.1 t=8.054s conf=0.15 class=0.01 → NO burst[0m
[INFO] [96m SNR Raw: 0.00σ, SNR Patch: 3.83σ[0m
[INFO] [38;5;82m Slice 026 completado: 1 candidatos (0 bursts, 1 no bursts)[0m
[INFO] [38;5;82m Slice 026 completado: 1 candidatos (0 bursts, 1 no bursts)[0m
[INFO] [38;5;220m Procesando slice 027 (chunk 000)[0m
[INFO] [38;5;220m Procesando Full Band (slice 27)[0m
[INFO] [38;5;220m Procesando slice 028 (chunk 000)[0m
[INFO] [38;5;220m Procesando Full Band (slice 28)[0m
[INFO] [38;5;220m Procesando slice 029 (chunk 000)[0m
[INFO] [38;5;220m Procesando Full Band (slice 29)[0m
[INFO] [38;5;220m Progreso: slice 030/174 (17.1%) (chunk 000)[0m
[INFO] [38;5;220m Procesando slice 030 (chunk 000)[0m
[INFO] [38;5;220m Procesando Full Band (slice 30)[0m
[INFO] [38;5;220m Procesando slice 031 (chunk 000)[0m
[INFO] [38;5;220m Procesando Full Band (slice 31)[0m
[INFO] [38;5;82m Full Band: 1 candidatos detectados[0m
[INFO] [38;5;82m Candidato encontrado: DM=642.3 t=9.386s conf=0.17 class=0.01 → NO burst[0m
[INFO] [96m SNR Raw: 0.00σ, SNR Patch: 3.36σ[0m
[INFO] [38;5;82m Slice 031 completado: 1 candidatos (0 bursts, 1 no bursts)[0m
[INFO] [38;5;82m Slice 031 completado: 1 candidatos (0 bursts, 1 no bursts)[0m
[INFO] [38;5;220m Procesando slice 032 (chunk 000)[0m
[INFO] [38;5;220m Procesando Full Band (slice 32)[0m
[INFO] [38;5;82m Full Band: 1 candidatos detectados[0m
[INFO] [38;5;82m Candidato encontrado: DM=655.5 t=9.718s conf=0.15 class=0.04 → NO burst[0m
[INFO] [96m SNR Raw: 0.00σ, SNR Patch: 3.10σ[0m
[INFO] [38;5;82m Slice 032 completado: 1 candidatos (0 bursts, 1 no bursts)[0m
[INFO] [38;5;82m Slice 032 completado: 1 candidatos (0 bursts, 1 no bursts)[0m
[INFO] [38;5;220m Procesando slice 033 (chunk 000)[0m
[INFO] [38;5;220m Procesando Full Band (slice 33)[0m
[INFO] [38;5;220m Procesando slice 034 (chunk 000)[0m
[INFO] [38;5;220m Procesando Full Band (slice 34)[0m
[INFO] [38;5;220m Procesando slice 035 (chunk 000)[0m
[INFO] [38;5;220m Procesando Full Band (slice 35)[0m
[INFO] [38;5;220m Procesando slice 036 (chunk 000)[0m
[INFO] [38;5;220m Procesando Full Band (slice 36)[0m
[INFO] [38;5;220m Procesando slice 037 (chunk 000)[0m
[INFO] [38;5;220m Procesando Full Band (slice 37)[0m
[INFO] [38;5;220m Procesando slice 038 (chunk 000)[0m
[INFO] [38;5;220m Procesando Full Band (slice 38)[0m
[INFO] [38;5;82m Full Band: 1 candidatos detectados[0m
[INFO] [38;5;82m Candidato encontrado: DM=1111.2 t=11.571s conf=0.11 class=0.02 → NO burst[0m
[INFO] [96m SNR Raw: 0.00σ, SNR Patch: 3.20σ[0m
[INFO] [38;5;82m Slice 038 completado: 1 candidatos (0 bursts, 1 no bursts)[0m
[INFO] [38;5;82m Slice 038 completado: 1 candidatos (0 bursts, 1 no bursts)[0m
[INFO] [38;5;220m Procesando slice 039 (chunk 000)[0m
[INFO] [38;5;220m Procesando Full Band (slice 39)[0m
[INFO] [38;5;82m Full Band: 1 candidatos detectados[0m
[INFO] [38;5;82m Candidato encontrado: DM=696.6 t=11.881s conf=0.11 class=0.07 → NO burst[0m
[INFO] [96m SNR Raw: 0.00σ, SNR Patch: 3.19σ[0m
[INFO] [38;5;82m Slice 039 completado: 1 candidatos (0 bursts, 1 no bursts)[0m
[INFO] [38;5;82m Slice 039 completado: 1 candidatos (0 bursts, 1 no bursts)[0m
[INFO] [38;5;220m Progreso: slice 040/174 (22.9%) (chunk 000)[0m
[INFO] [38;5;220m Procesando slice 040 (chunk 000)[0m
[INFO] [38;5;220m Procesando Full Band (slice 40)[0m
[INFO] [38;5;82m Full Band: 1 candidatos detectados[0m
[INFO] [38;5;82m Candidato encontrado: DM=669.6 t=12.019s conf=0.14 class=0.09 → NO burst[0m
[INFO] [96m SNR Raw: 0.00σ, SNR Patch: 3.55σ[0m
[INFO] [38;5;82m Slice 040 completado: 1 candidatos (0 bursts, 1 no bursts)[0m
[INFO] [38;5;82m Slice 040 completado: 1 candidatos (0 bursts, 1 no bursts)[0m
[INFO] [38;5;220m Procesando slice 041 (chunk 000)[0m
[INFO] [38;5;220m Procesando Full Band (slice 41)[0m
[INFO] [38;5;82m Full Band: 1 candidatos detectados[0m
[INFO] [38;5;82m Candidato encontrado: DM=682.9 t=12.329s conf=0.16 class=0.07 → NO burst[0m
[INFO] [96m SNR Raw: 0.00σ, SNR Patch: 3.52σ[0m
[INFO] [38;5;82m Slice 041 completado: 1 candidatos (0 bursts, 1 no bursts)[0m
[INFO] [38;5;82m Slice 041 completado: 1 candidatos (0 bursts, 1 no bursts)[0m
[INFO] [38;5;220m Procesando slice 042 (chunk 000)[0m
[INFO] [38;5;220m Procesando Full Band (slice 42)[0m
[INFO] [38;5;82m Full Band: 1 candidatos detectados[0m
[INFO] [38;5;82m Candidato encontrado: DM=696.5 t=12.671s conf=0.15 class=0.03 → NO burst[0m
[INFO] [96m SNR Raw: 0.00σ, SNR Patch: 2.88σ[0m
[INFO] [38;5;82m Slice 042 completado: 1 candidatos (0 bursts, 1 no bursts)[0m
[INFO] [38;5;82m Slice 042 completado: 1 candidatos (0 bursts, 1 no bursts)[0m
[INFO] [38;5;220m Procesando slice 043 (chunk 000)[0m
[INFO] [38;5;220m Procesando Full Band (slice 43)[0m
[INFO] [38;5;220m Procesando slice 044 (chunk 000)[0m
[INFO] [38;5;220m Procesando Full Band (slice 44)[0m
[INFO] [38;5;220m Procesando slice 045 (chunk 000)[0m
[INFO] [38;5;220m Procesando Full Band (slice 45)[0m
[INFO] [38;5;220m Procesando slice 046 (chunk 000)[0m
[INFO] [38;5;220m Procesando Full Band (slice 46)[0m
[INFO] [38;5;220m Procesando slice 047 (chunk 000)[0m
[INFO] [38;5;220m Procesando Full Band (slice 47)[0m
[INFO] [38;5;82m Full Band: 1 candidatos detectados[0m
[INFO] [38;5;82m Candidato encontrado: DM=641.5 t=14.182s conf=0.14 class=0.09 → NO burst[0m
[INFO] [96m SNR Raw: 0.00σ, SNR Patch: 3.04σ[0m
[INFO] [38;5;82m Slice 047 completado: 1 candidatos (0 bursts, 1 no bursts)[0m
[INFO] [38;5;82m Slice 047 completado: 1 candidatos (0 bursts, 1 no bursts)[0m
[INFO] [38;5;220m Procesando slice 048 (chunk 000)[0m
[INFO] [38;5;220m Procesando Full Band (slice 48)[0m
[INFO] [38;5;220m Procesando slice 049 (chunk 000)[0m
[INFO] [38;5;220m Procesando Full Band (slice 49)[0m
[INFO] [38;5;82m Full Band: 1 candidatos detectados[0m
[INFO] [38;5;82m Candidato encontrado: DM=627.7 t=14.731s conf=0.10 class=0.09 → NO burst[0m
[INFO] [96m SNR Raw: 0.00σ, SNR Patch: 3.20σ[0m
[INFO] [38;5;82m Slice 049 completado: 1 candidatos (0 bursts, 1 no bursts)[0m
[INFO] [38;5;82m Slice 049 completado: 1 candidatos (0 bursts, 1 no bursts)[0m
[INFO] [38;5;220m Progreso: slice 050/174 (28.6%) (chunk 000)[0m
[INFO] [38;5;220m Procesando slice 050 (chunk 000)[0m
[INFO] [38;5;220m Procesando Full Band (slice 50)[0m
[INFO] [38;5;220m Procesando slice 051 (chunk 000)[0m
[INFO] [38;5;220m Procesando Full Band (slice 51)[0m
[INFO] [38;5;220m Procesando slice 052 (chunk 000)[0m
[INFO] [38;5;220m Procesando Full Band (slice 52)[0m
[INFO] [38;5;82m Full Band: 1 candidatos detectados[0m
[INFO] [38;5;82m Candidato encontrado: DM=711.0 t=15.655s conf=0.12 class=0.04 → NO burst[0m
[INFO] [96m SNR Raw: 0.00σ, SNR Patch: 3.32σ[0m
[INFO] [38;5;82m Slice 052 completado: 1 candidatos (0 bursts, 1 no bursts)[0m
[INFO] [38;5;82m Slice 052 completado: 1 candidatos (0 bursts, 1 no bursts)[0m
[INFO] [38;5;220m Procesando slice 053 (chunk 000)[0m
[INFO] [38;5;220m Procesando Full Band (slice 53)[0m
[INFO] [38;5;220m Procesando slice 054 (chunk 000)[0m
[INFO] [38;5;220m Procesando Full Band (slice 54)[0m
[INFO] [38;5;220m Procesando slice 055 (chunk 000)[0m
[INFO] [38;5;220m Procesando Full Band (slice 55)[0m
[INFO] [38;5;220m Procesando slice 056 (chunk 000)[0m
[INFO] [38;5;220m Procesando Full Band (slice 56)[0m
[INFO] [38;5;220m Procesando slice 057 (chunk 000)[0m
[INFO] [38;5;220m Procesando Full Band (slice 57)[0m
[INFO] [38;5;220m Procesando slice 058 (chunk 000)[0m
[INFO] [38;5;220m Procesando Full Band (slice 58)[0m
[INFO] [38;5;82m Full Band: 1 candidatos detectados[0m
[INFO] [38;5;82m Candidato encontrado: DM=655.2 t=17.441s conf=0.12 class=0.07 → NO burst[0m
[INFO] [96m SNR Raw: 0.00σ, SNR Patch: 2.61σ[0m
[INFO] [38;5;82m Slice 058 completado: 1 candidatos (0 bursts, 1 no bursts)[0m
[INFO] [38;5;82m Slice 058 completado: 1 candidatos (0 bursts, 1 no bursts)[0m
[INFO] [38;5;220m Procesando slice 059 (chunk 000)[0m
[INFO] [38;5;220m Procesando Full Band (slice 59)[0m
[INFO] [38;5;220m Progreso: slice 060/174 (34.3%) (chunk 000)[0m
[INFO] [38;5;220m Procesando slice 060 (chunk 000)[0m
[INFO] [38;5;220m Procesando Full Band (slice 60)[0m
[INFO] [38;5;220m Procesando slice 061 (chunk 000)[0m
[INFO] [38;5;220m Procesando Full Band (slice 61)[0m
[INFO] [38;5;82m Full Band: 1 candidatos detectados[0m
[INFO] [38;5;82m Candidato encontrado: DM=697.0 t=18.438s conf=0.16 class=0.03 → NO burst[0m
[INFO] [96m SNR Raw: 0.00σ, SNR Patch: 3.82σ[0m
[INFO] [38;5;82m Slice 061 completado: 1 candidatos (0 bursts, 1 no bursts)[0m
[INFO] [38;5;82m Slice 061 completado: 1 candidatos (0 bursts, 1 no bursts)[0m
[INFO] [38;5;220m Procesando slice 062 (chunk 000)[0m
[INFO] [38;5;220m Procesando Full Band (slice 62)[0m
[INFO] [38;5;82m Full Band: 1 candidatos detectados[0m
[INFO] [38;5;82m Candidato encontrado: DM=670.1 t=18.626s conf=0.10 class=0.03 → NO burst[0m
[INFO] [96m SNR Raw: 0.00σ, SNR Patch: 3.75σ[0m
[INFO] [38;5;82m Slice 062 completado: 1 candidatos (0 bursts, 1 no bursts)[0m
[INFO] [38;5;82m Slice 062 completado: 1 candidatos (0 bursts, 1 no bursts)[0m
[INFO] [38;5;220m Procesando slice 063 (chunk 000)[0m
[INFO] [38;5;220m Procesando Full Band (slice 63)[0m
[INFO] [38;5;220m Procesando slice 064 (chunk 000)[0m
[INFO] [38;5;220m Procesando Full Band (slice 64)[0m
[INFO] [38;5;220m Procesando slice 065 (chunk 000)[0m
[INFO] [38;5;220m Procesando Full Band (slice 65)[0m
[INFO] [38;5;220m Procesando slice 066 (chunk 000)[0m
[INFO] [38;5;220m Procesando Full Band (slice 66)[0m
[INFO] [38;5;82m Full Band: 1 candidatos detectados[0m
[INFO] [38;5;82m Candidato encontrado: DM=656.5 t=19.822s conf=0.19 class=0.02 → NO burst[0m
[INFO] [96m SNR Raw: 0.00σ, SNR Patch: 3.95σ[0m
[INFO] [38;5;82m Slice 066 completado: 1 candidatos (0 bursts, 1 no bursts)[0m
[INFO] [38;5;82m Slice 066 completado: 1 candidatos (0 bursts, 1 no bursts)[0m
[INFO] [38;5;220m Procesando slice 067 (chunk 000)[0m
[INFO] [38;5;220m Procesando Full Band (slice 67)[0m
[INFO] [38;5;220m Procesando slice 068 (chunk 000)[0m
[INFO] [38;5;220m Procesando Full Band (slice 68)[0m
[INFO] [38;5;220m Procesando slice 069 (chunk 000)[0m
[INFO] [38;5;220m Procesando Full Band (slice 69)[0m
[INFO] [38;5;220m Progreso: slice 070/174 (40.0%) (chunk 000)[0m
[INFO] [38;5;220m Procesando slice 070 (chunk 000)[0m
[INFO] [38;5;220m Procesando Full Band (slice 70)[0m
[INFO] [38;5;220m Procesando slice 071 (chunk 000)[0m
[INFO] [38;5;220m Procesando Full Band (slice 71)[0m
[INFO] [38;5;220m Procesando slice 072 (chunk 000)[0m
[INFO] [38;5;220m Procesando Full Band (slice 72)[0m
[INFO] [38;5;220m Procesando slice 073 (chunk 000)[0m
[INFO] [38;5;220m Procesando Full Band (slice 73)[0m
[INFO] [38;5;220m Procesando slice 074 (chunk 000)[0m
[INFO] [38;5;220m Procesando Full Band (slice 74)[0m
[INFO] [38;5;220m Procesando slice 075 (chunk 000)[0m
[INFO] [38;5;220m Procesando Full Band (slice 75)[0m
[INFO] [38;5;220m Procesando slice 076 (chunk 000)[0m
[INFO] [38;5;220m Procesando Full Band (slice 76)[0m
[INFO] [38;5;220m Procesando slice 077 (chunk 000)[0m
[INFO] [38;5;220m Procesando Full Band (slice 77)[0m
[INFO] [38;5;220m Procesando slice 078 (chunk 000)[0m
[INFO] [38;5;220m Procesando Full Band (slice 78)[0m
[INFO] [38;5;220m Procesando slice 079 (chunk 000)[0m
[INFO] [38;5;220m Procesando Full Band (slice 79)[0m
[INFO] [38;5;82m Full Band: 2 candidatos detectados[0m
[INFO] [38;5;82m Candidato encontrado: DM=669.8 t=23.742s conf=0.13 class=0.09 → NO burst[0m
[INFO] [96m SNR Raw: 0.00σ, SNR Patch: 3.93σ[0m
[INFO] [38;5;82m Candidato encontrado: DM=613.8 t=23.799s conf=0.10 class=0.05 → NO burst[0m
[INFO] [96m SNR Raw: 0.00σ, SNR Patch: 3.87σ[0m
[INFO] [38;5;82m Slice 079 completado: 2 candidatos (0 bursts, 2 no bursts)[0m
[INFO] [38;5;82m Slice 079 completado: 2 candidatos (0 bursts, 2 no bursts)[0m
[INFO] [38;5;220m Progreso: slice 080/174 (45.7%) (chunk 000)[0m
[INFO] [38;5;220m Procesando slice 080 (chunk 000)[0m
[INFO] [38;5;220m Procesando Full Band (slice 80)[0m
[INFO] [38;5;220m Procesando slice 081 (chunk 000)[0m
[INFO] [38;5;220m Procesando Full Band (slice 81)[0m
[INFO] [38;5;220m Procesando slice 082 (chunk 000)[0m
[INFO] [38;5;220m Procesando Full Band (slice 82)[0m
[INFO] [38;5;82m Full Band: 1 candidatos detectados[0m
[INFO] [38;5;82m Candidato encontrado: DM=696.7 t=24.676s conf=0.18 class=0.01 → NO burst[0m
[INFO] [96m SNR Raw: 0.00σ, SNR Patch: 3.25σ[0m
[INFO] [38;5;82m Slice 082 completado: 1 candidatos (0 bursts, 1 no bursts)[0m
[INFO] [38;5;82m Slice 082 completado: 1 candidatos (0 bursts, 1 no bursts)[0m
[INFO] [38;5;220m Procesando slice 083 (chunk 000)[0m
[INFO] [38;5;220m Procesando Full Band (slice 83)[0m
[INFO] [38;5;82m Full Band: 2 candidatos detectados[0m
[INFO] [38;5;82m Candidato encontrado: DM=641.8 t=25.080s conf=0.12 class=0.04 → NO burst[0m
[INFO] [96m SNR Raw: 0.00σ, SNR Patch: 2.69σ[0m
[INFO] [38;5;82m Candidato encontrado: DM=642.8 t=24.926s conf=0.10 class=0.05 → NO burst[0m
[INFO] [96m SNR Raw: 0.00σ, SNR Patch: 2.43σ[0m
[INFO] [38;5;82m Slice 083 completado: 2 candidatos (0 bursts, 2 no bursts)[0m
[INFO] [38;5;82m Slice 083 completado: 2 candidatos (0 bursts, 2 no bursts)[0m
[INFO] [38;5;220m Procesando slice 084 (chunk 000)[0m
[INFO] [38;5;220m Procesando Full Band (slice 84)[0m
[INFO] [38;5;82m Full Band: 1 candidatos detectados[0m
[INFO] [38;5;82m Candidato encontrado: DM=613.5 t=25.351s conf=0.11 class=0.04 → NO burst[0m
[INFO] [96m SNR Raw: 0.00σ, SNR Patch: 2.56σ[0m
[INFO] [38;5;82m Slice 084 completado: 1 candidatos (0 bursts, 1 no bursts)[0m
[INFO] [38;5;82m Slice 084 completado: 1 candidatos (0 bursts, 1 no bursts)[0m
[INFO] [38;5;220m Procesando slice 085 (chunk 000)[0m
[INFO] [38;5;220m Procesando Full Band (slice 85)[0m
[INFO] [38;5;220m Procesando slice 086 (chunk 000)[0m
[INFO] [38;5;220m Procesando Full Band (slice 86)[0m
[INFO] [38;5;220m Procesando slice 087 (chunk 000)[0m
[INFO] [38;5;220m Procesando Full Band (slice 87)[0m
[INFO] [38;5;220m Procesando slice 088 (chunk 000)[0m
[INFO] [38;5;220m Procesando Full Band (slice 88)[0m
[INFO] [38;5;220m Procesando slice 089 (chunk 000)[0m
[INFO] [38;5;220m Procesando Full Band (slice 89)[0m
[INFO] [38;5;82m Full Band: 1 candidatos detectados[0m
[INFO] [38;5;82m Candidato encontrado: DM=627.1 t=26.843s conf=0.11 class=0.04 → NO burst[0m
[INFO] [96m SNR Raw: 0.00σ, SNR Patch: 2.94σ[0m
[INFO] [38;5;82m Slice 089 completado: 1 candidatos (0 bursts, 1 no bursts)[0m
[INFO] [38;5;82m Slice 089 completado: 1 candidatos (0 bursts, 1 no bursts)[0m
[INFO] [38;5;220m Progreso: slice 090/174 (51.4%) (chunk 000)[0m
[INFO] [38;5;220m Procesando slice 090 (chunk 000)[0m
[INFO] [38;5;220m Procesando Full Band (slice 90)[0m
[INFO] [38;5;220m Procesando slice 091 (chunk 000)[0m
[INFO] [38;5;220m Procesando Full Band (slice 91)[0m
[INFO] [38;5;220m Procesando slice 092 (chunk 000)[0m
[INFO] [38;5;220m Procesando Full Band (slice 92)[0m
[INFO] [38;5;220m Procesando slice 093 (chunk 000)[0m
[INFO] [38;5;220m Procesando Full Band (slice 93)[0m
[INFO] [38;5;220m Procesando slice 094 (chunk 000)[0m
[INFO] [38;5;220m Procesando Full Band (slice 94)[0m
[INFO] [38;5;82m Full Band: 1 candidatos detectados[0m
[INFO] [38;5;82m Candidato encontrado: DM=696.9 t=28.303s conf=0.17 class=0.69 → BURST[0m
[INFO] [96m SNR Raw: 0.00σ, SNR Patch: 3.04σ[0m
[INFO] [38;5;82m Slice 094 completado: 1 candidatos (1 bursts, 0 no bursts)[0m
[INFO] [38;5;82m Slice 094 completado: 1 candidatos (1 bursts, 0 no bursts)[0m
[INFO] [38;5;220m Procesando slice 095 (chunk 000)[0m
[INFO] [38;5;220m Procesando Full Band (slice 95)[0m
[INFO] [38;5;82m Full Band: 2 candidatos detectados[0m
[INFO] [38;5;82m Candidato encontrado: DM=629.0 t=28.530s conf=0.11 class=0.92 → BURST[0m
[INFO] [96m SNR Raw: 0.00σ, SNR Patch: 2.90σ[0m
[INFO] [38;5;82m Candidato encontrado: DM=696.5 t=28.568s conf=0.11 class=0.03 → NO burst[0m
[INFO] [96m SNR Raw: 0.00σ, SNR Patch: 2.94σ[0m
[INFO] [38;5;82m Slice 095 completado: 2 candidatos (1 bursts, 1 no bursts)[0m
[INFO] [38;5;82m Slice 095 completado: 2 candidatos (1 bursts, 1 no bursts)[0m
[INFO] [38;5;220m Procesando slice 096 (chunk 000)[0m
[INFO] [38;5;220m Procesando Full Band (slice 96)[0m
[INFO] [38;5;220m Procesando slice 097 (chunk 000)[0m
[INFO] [38;5;220m Procesando Full Band (slice 97)[0m
[INFO] [38;5;82m Full Band: 1 candidatos detectados[0m
[INFO] [38;5;82m Candidato encontrado: DM=696.3 t=29.164s conf=0.12 class=0.07 → NO burst[0m
[INFO] [96m SNR Raw: 0.00σ, SNR Patch: 2.62σ[0m
[INFO] [38;5;82m Slice 097 completado: 1 candidatos (0 bursts, 1 no bursts)[0m
[INFO] [38;5;82m Slice 097 completado: 1 candidatos (0 bursts, 1 no bursts)[0m
[INFO] [38;5;220m Procesando slice 098 (chunk 000)[0m
[INFO] [38;5;220m Procesando Full Band (slice 98)[0m
[INFO] [38;5;220m Procesando slice 099 (chunk 000)[0m
[INFO] [38;5;220m Procesando Full Band (slice 99)[0m
[INFO] [38;5;220m Progreso: slice 100/174 (57.1%) (chunk 000)[0m
[INFO] [38;5;220m Procesando slice 100 (chunk 000)[0m
[INFO] [38;5;220m Procesando Full Band (slice 100)[0m
[INFO] [38;5;220m Procesando slice 101 (chunk 000)[0m
[INFO] [38;5;220m Procesando Full Band (slice 101)[0m
[INFO] [38;5;220m Procesando slice 102 (chunk 000)[0m
[INFO] [38;5;220m Procesando Full Band (slice 102)[0m
[INFO] [38;5;220m Procesando slice 103 (chunk 000)[0m
[INFO] [38;5;220m Procesando Full Band (slice 103)[0m
[INFO] [38;5;82m Full Band: 2 candidatos detectados[0m
[INFO] [38;5;82m Candidato encontrado: DM=628.1 t=31.017s conf=0.11 class=0.06 → NO burst[0m
[INFO] [96m SNR Raw: 0.00σ, SNR Patch: 3.50σ[0m
[INFO] [38;5;82m Candidato encontrado: DM=697.0 t=30.970s conf=0.10 class=0.09 → NO burst[0m
[INFO] [96m SNR Raw: 0.00σ, SNR Patch: 3.56σ[0m
[INFO] [38;5;82m Slice 103 completado: 2 candidatos (0 bursts, 2 no bursts)[0m
[INFO] [38;5;82m Slice 103 completado: 2 candidatos (0 bursts, 2 no bursts)[0m
[INFO] [38;5;220m Procesando slice 104 (chunk 000)[0m
[INFO] [38;5;220m Procesando Full Band (slice 104)[0m
[INFO] [38;5;220m Procesando slice 105 (chunk 000)[0m
[INFO] [38;5;220m Procesando Full Band (slice 105)[0m
[INFO] [38;5;220m Procesando slice 106 (chunk 000)[0m
[INFO] [38;5;220m Procesando Full Band (slice 106)[0m
[INFO] [38;5;220m Procesando slice 107 (chunk 000)[0m
[INFO] [38;5;220m Procesando Full Band (slice 107)[0m
[INFO] [38;5;82m Full Band: 1 candidatos detectados[0m
[INFO] [38;5;82m Candidato encontrado: DM=628.5 t=32.359s conf=0.12 class=0.03 → NO burst[0m
[INFO] [96m SNR Raw: 0.00σ, SNR Patch: 2.74σ[0m
[INFO] [38;5;82m Slice 107 completado: 1 candidatos (0 bursts, 1 no bursts)[0m
[INFO] [38;5;82m Slice 107 completado: 1 candidatos (0 bursts, 1 no bursts)[0m
[INFO] [38;5;220m Procesando slice 108 (chunk 000)[0m
[INFO] [38;5;220m Procesando Full Band (slice 108)[0m
[INFO] [38;5;220m Procesando slice 109 (chunk 000)[0m
[INFO] [38;5;220m Procesando Full Band (slice 109)[0m
[INFO] [38;5;220m Progreso: slice 110/174 (62.9%) (chunk 000)[0m
[INFO] [38;5;220m Procesando slice 110 (chunk 000)[0m
[INFO] [38;5;220m Procesando Full Band (slice 110)[0m
[INFO] [38;5;82m Full Band: 2 candidatos detectados[0m
[INFO] [38;5;82m Candidato encontrado: DM=696.9 t=33.131s conf=0.14 class=0.04 → NO burst[0m
[INFO] [96m SNR Raw: 0.00σ, SNR Patch: 3.21σ[0m
[INFO] [38;5;82m Candidato encontrado: DM=641.4 t=33.222s conf=0.11 class=0.03 → NO burst[0m
[INFO] [96m SNR Raw: 0.00σ, SNR Patch: 2.90σ[0m
[INFO] [38;5;82m Slice 110 completado: 2 candidatos (0 bursts, 2 no bursts)[0m
[INFO] [38;5;82m Slice 110 completado: 2 candidatos (0 bursts, 2 no bursts)[0m
[INFO] [38;5;220m Procesando slice 111 (chunk 000)[0m
[INFO] [38;5;220m Procesando Full Band (slice 111)[0m
[INFO] [38;5;82m Full Band: 1 candidatos detectados[0m
[INFO] [38;5;82m Candidato encontrado: DM=696.5 t=33.375s conf=0.10 class=0.05 → NO burst[0m
[INFO] [96m SNR Raw: 0.00σ, SNR Patch: 2.94σ[0m
[INFO] [38;5;82m Slice 111 completado: 1 candidatos (0 bursts, 1 no bursts)[0m
[INFO] [38;5;82m Slice 111 completado: 1 candidatos (0 bursts, 1 no bursts)[0m
[INFO] [38;5;220m Procesando slice 112 (chunk 000)[0m
[INFO] [38;5;220m Procesando Full Band (slice 112)[0m
[INFO] [38;5;220m Procesando slice 113 (chunk 000)[0m
[INFO] [38;5;220m Procesando Full Band (slice 113)[0m
[INFO] [38;5;220m Procesando slice 114 (chunk 000)[0m
[INFO] [38;5;220m Procesando Full Band (slice 114)[0m
[INFO] [38;5;82m Full Band: 1 candidatos detectados[0m
[INFO] [38;5;82m Candidato encontrado: DM=601.4 t=34.239s conf=0.11 class=0.01 → NO burst[0m
[INFO] [96m SNR Raw: 0.00σ, SNR Patch: 3.36σ[0m
[INFO] [38;5;82m Slice 114 completado: 1 candidatos (0 bursts, 1 no bursts)[0m
[INFO] [38;5;82m Slice 114 completado: 1 candidatos (0 bursts, 1 no bursts)[0m
[INFO] [38;5;220m Procesando slice 115 (chunk 000)[0m
[INFO] [38;5;220m Procesando Full Band (slice 115)[0m
[INFO] [38;5;82m Full Band: 1 candidatos detectados[0m
[INFO] [38;5;82m Candidato encontrado: DM=696.9 t=34.735s conf=0.21 class=0.02 → NO burst[0m
[INFO] [96m SNR Raw: 0.00σ, SNR Patch: 4.79σ[0m
[INFO] [38;5;82m Slice 115 completado: 1 candidatos (0 bursts, 1 no bursts)[0m
[INFO] [38;5;82m Slice 115 completado: 1 candidatos (0 bursts, 1 no bursts)[0m
[INFO] [38;5;220m Procesando slice 116 (chunk 000)[0m
[INFO] [38;5;220m Procesando Full Band (slice 116)[0m
[INFO] [38;5;82m Full Band: 1 candidatos detectados[0m
[INFO] [38;5;82m Candidato encontrado: DM=627.6 t=34.897s conf=0.10 class=0.06 → NO burst[0m
[INFO] [96m SNR Raw: 0.00σ, SNR Patch: 4.52σ[0m
[INFO] [38;5;82m Slice 116 completado: 1 candidatos (0 bursts, 1 no bursts)[0m
[INFO] [38;5;82m Slice 116 completado: 1 candidatos (0 bursts, 1 no bursts)[0m
[INFO] [38;5;220m Procesando slice 117 (chunk 000)[0m
[INFO] [38;5;220m Procesando Full Band (slice 117)[0m
[INFO] [38;5;220m Procesando slice 118 (chunk 000)[0m
[INFO] [38;5;220m Procesando Full Band (slice 118)[0m
[INFO] [38;5;220m Procesando slice 119 (chunk 000)[0m
[INFO] [38;5;220m Procesando Full Band (slice 119)[0m
[INFO] [38;5;220m Progreso: slice 120/174 (68.6%) (chunk 000)[0m
[INFO] [38;5;220m Procesando slice 120 (chunk 000)[0m
[INFO] [38;5;220m Procesando Full Band (slice 120)[0m
[INFO] [38;5;220m Procesando slice 121 (chunk 000)[0m
[INFO] [38;5;220m Procesando Full Band (slice 121)[0m
[INFO] [38;5;220m Procesando slice 122 (chunk 000)[0m
[INFO] [38;5;220m Procesando Full Band (slice 122)[0m
[INFO] [38;5;220m Procesando slice 123 (chunk 000)[0m
[INFO] [38;5;220m Procesando Full Band (slice 123)[0m
[INFO] [38;5;220m Procesando slice 124 (chunk 000)[0m
[INFO] [38;5;220m Procesando Full Band (slice 124)[0m
[INFO] [38;5;220m Procesando slice 125 (chunk 000)[0m
[INFO] [38;5;220m Procesando Full Band (slice 125)[0m
[INFO] [38;5;220m Procesando slice 126 (chunk 000)[0m
[INFO] [38;5;220m Procesando Full Band (slice 126)[0m
[INFO] [38;5;220m Procesando slice 127 (chunk 000)[0m
[INFO] [38;5;220m Procesando Full Band (slice 127)[0m
[INFO] [38;5;220m Procesando slice 128 (chunk 000)[0m
[INFO] [38;5;220m Procesando Full Band (slice 128)[0m
[INFO] [38;5;220m Procesando slice 129 (chunk 000)[0m
[INFO] [38;5;220m Procesando Full Band (slice 129)[0m
[INFO] [38;5;82m Full Band: 1 candidatos detectados[0m
[INFO] [38;5;82m Candidato encontrado: DM=1153.1 t=38.780s conf=0.18 class=0.96 → BURST[0m
[INFO] [96m SNR Raw: 0.00σ, SNR Patch: 4.36σ[0m
[INFO] [38;5;82m Slice 129 completado: 1 candidatos (1 bursts, 0 no bursts)[0m
[INFO] [38;5;82m Slice 129 completado: 1 candidatos (1 bursts, 0 no bursts)[0m
[INFO] [38;5;220m Progreso: slice 130/174 (74.3%) (chunk 000)[0m
[INFO] [38;5;220m Procesando slice 130 (chunk 000)[0m
[INFO] [38;5;220m Procesando Full Band (slice 130)[0m
[INFO] [38;5;82m Full Band: 2 candidatos detectados[0m
[INFO] [38;5;82m Candidato encontrado: DM=641.9 t=39.259s conf=0.14 class=0.07 → NO burst[0m
[INFO] [96m SNR Raw: 0.00σ, SNR Patch: 2.84σ[0m
[INFO] [38;5;82m Candidato encontrado: DM=628.8 t=39.206s conf=0.11 class=0.04 → NO burst[0m
[INFO] [96m SNR Raw: 0.00σ, SNR Patch: 2.85σ[0m
[INFO] [38;5;82m Slice 130 completado: 2 candidatos (0 bursts, 2 no bursts)[0m
[INFO] [38;5;82m Slice 130 completado: 2 candidatos (0 bursts, 2 no bursts)[0m
[INFO] [38;5;220m Procesando slice 131 (chunk 000)[0m
[INFO] [38;5;220m Procesando Full Band (slice 131)[0m
[INFO] [38;5;220m Procesando slice 132 (chunk 000)[0m
[INFO] [38;5;220m Procesando Full Band (slice 132)[0m
[INFO] [38;5;220m Procesando slice 133 (chunk 000)[0m
[INFO] [38;5;220m Procesando Full Band (slice 133)[0m
[INFO] [38;5;220m Procesando slice 134 (chunk 000)[0m
[INFO] [38;5;220m Procesando Full Band (slice 134)[0m
[INFO] [38;5;220m Procesando slice 135 (chunk 000)[0m
[INFO] [38;5;220m Procesando Full Band (slice 135)[0m
[INFO] [38;5;82m Full Band: 1 candidatos detectados[0m
[INFO] [38;5;82m Candidato encontrado: DM=655.8 t=40.563s conf=0.12 class=0.04 → NO burst[0m
[INFO] [96m SNR Raw: 0.00σ, SNR Patch: 2.72σ[0m
[INFO] [38;5;82m Slice 135 completado: 1 candidatos (0 bursts, 1 no bursts)[0m
[INFO] [38;5;82m Slice 135 completado: 1 candidatos (0 bursts, 1 no bursts)[0m
[INFO] [38;5;220m Procesando slice 136 (chunk 000)[0m
[INFO] [38;5;220m Procesando Full Band (slice 136)[0m
[INFO] [38;5;220m Procesando slice 137 (chunk 000)[0m
[INFO] [38;5;220m Procesando Full Band (slice 137)[0m
[INFO] [38;5;220m Procesando slice 138 (chunk 000)[0m
[INFO] [38;5;220m Procesando Full Band (slice 138)[0m
[INFO] [38;5;220m Procesando slice 139 (chunk 000)[0m
[INFO] [38;5;220m Procesando Full Band (slice 139)[0m
[INFO] [38;5;220m Progreso: slice 140/174 (80.0%) (chunk 000)[0m
[INFO] [38;5;220m Procesando slice 140 (chunk 000)[0m
[INFO] [38;5;220m Procesando Full Band (slice 140)[0m
[INFO] [38;5;220m Procesando slice 141 (chunk 000)[0m
[INFO] [38;5;220m Procesando Full Band (slice 141)[0m
[INFO] [38;5;82m Full Band: 1 candidatos detectados[0m
[INFO] [38;5;82m Candidato encontrado: DM=641.5 t=42.559s conf=0.15 class=0.02 → NO burst[0m
[INFO] [96m SNR Raw: 0.00σ, SNR Patch: 3.67σ[0m
[INFO] [38;5;82m Slice 141 completado: 1 candidatos (0 bursts, 1 no bursts)[0m
[INFO] [38;5;82m Slice 141 completado: 1 candidatos (0 bursts, 1 no bursts)[0m
[INFO] [38;5;220m Procesando slice 142 (chunk 000)[0m
[INFO] [38;5;220m Procesando Full Band (slice 142)[0m
[INFO] [38;5;82m Full Band: 1 candidatos detectados[0m
[INFO] [38;5;82m Candidato encontrado: DM=586.3 t=42.806s conf=0.10 class=0.08 → NO burst[0m
[INFO] [96m SNR Raw: 0.00σ, SNR Patch: 2.47σ[0m
[INFO] [38;5;82m Slice 142 completado: 1 candidatos (0 bursts, 1 no bursts)[0m
[INFO] [38;5;82m Slice 142 completado: 1 candidatos (0 bursts, 1 no bursts)[0m
[INFO] [38;5;220m Procesando slice 143 (chunk 000)[0m
[INFO] [38;5;220m Procesando Full Band (slice 143)[0m
[INFO] [38;5;82m Full Band: 1 candidatos detectados[0m
[INFO] [38;5;82m Candidato encontrado: DM=628.0 t=43.015s conf=0.14 class=0.12 → NO burst[0m
[INFO] [96m SNR Raw: 0.00σ, SNR Patch: 2.27σ[0m
[INFO] [38;5;82m Slice 143 completado: 1 candidatos (0 bursts, 1 no bursts)[0m
[INFO] [38;5;82m Slice 143 completado: 1 candidatos (0 bursts, 1 no bursts)[0m
[INFO] [38;5;220m Procesando slice 144 (chunk 000)[0m
[INFO] [38;5;220m Procesando Full Band (slice 144)[0m
[INFO] [38;5;220m Procesando slice 145 (chunk 000)[0m
[INFO] [38;5;220m Procesando Full Band (slice 145)[0m
[INFO] [38;5;220m Procesando slice 146 (chunk 000)[0m
[INFO] [38;5;220m Procesando Full Band (slice 146)[0m
[INFO] [38;5;220m Procesando slice 147 (chunk 000)[0m
[INFO] [38;5;220m Procesando Full Band (slice 147)[0m
[INFO] [38;5;220m Procesando slice 148 (chunk 000)[0m
[INFO] [38;5;220m Procesando Full Band (slice 148)[0m
[INFO] [38;5;220m Procesando slice 149 (chunk 000)[0m
[INFO] [38;5;220m Procesando Full Band (slice 149)[0m
[INFO] [38;5;220m Progreso: slice 150/174 (85.7%) (chunk 000)[0m
[INFO] [38;5;220m Procesando slice 150 (chunk 000)[0m
[INFO] [38;5;220m Procesando Full Band (slice 150)[0m
[INFO] [38;5;220m Procesando slice 151 (chunk 000)[0m
[INFO] [38;5;220m Procesando Full Band (slice 151)[0m
[INFO] [38;5;82m Full Band: 1 candidatos detectados[0m
[INFO] [38;5;82m Candidato encontrado: DM=1152.1 t=45.565s conf=0.11 class=0.08 → NO burst[0m
[INFO] [96m SNR Raw: 0.00σ, SNR Patch: 2.87σ[0m
[INFO] [38;5;82m Slice 151 completado: 1 candidatos (0 bursts, 1 no bursts)[0m
[INFO] [38;5;82m Slice 151 completado: 1 candidatos (0 bursts, 1 no bursts)[0m
[INFO] [38;5;220m Procesando slice 152 (chunk 000)[0m
[INFO] [38;5;220m Procesando Full Band (slice 152)[0m
[INFO] [38;5;82m Full Band: 1 candidatos detectados[0m
[INFO] [38;5;82m Candidato encontrado: DM=642.7 t=45.647s conf=0.12 class=0.03 → NO burst[0m
[INFO] [96m SNR Raw: 0.00σ, SNR Patch: 3.58σ[0m
[INFO] [38;5;82m Slice 152 completado: 1 candidatos (0 bursts, 1 no bursts)[0m
[INFO] [38;5;82m Slice 152 completado: 1 candidatos (0 bursts, 1 no bursts)[0m
[INFO] [38;5;220m Procesando slice 153 (chunk 000)[0m
[INFO] [38;5;220m Procesando Full Band (slice 153)[0m
[INFO] [38;5;220m Procesando slice 154 (chunk 000)[0m
[INFO] [38;5;220m Procesando Full Band (slice 154)[0m
[INFO] [38;5;220m Procesando slice 155 (chunk 000)[0m
[INFO] [38;5;220m Procesando Full Band (slice 155)[0m
[INFO] [38;5;220m Procesando slice 156 (chunk 000)[0m
[INFO] [38;5;220m Procesando Full Band (slice 156)[0m
[INFO] [38;5;82m Full Band: 1 candidatos detectados[0m
[INFO] [38;5;82m Candidato encontrado: DM=697.1 t=46.863s conf=0.15 class=0.02 → NO burst[0m
[INFO] [96m SNR Raw: 0.00σ, SNR Patch: 3.07σ[0m
[INFO] [38;5;82m Slice 156 completado: 1 candidatos (0 bursts, 1 no bursts)[0m
[INFO] [38;5;82m Slice 156 completado: 1 candidatos (0 bursts, 1 no bursts)[0m
[INFO] [38;5;220m Procesando slice 157 (chunk 000)[0m
[INFO] [38;5;220m Procesando Full Band (slice 157)[0m
[INFO] [38;5;82m Full Band: 1 candidatos detectados[0m
[INFO] [38;5;82m Candidato encontrado: DM=628.1 t=47.366s conf=0.16 class=0.08 → NO burst[0m
[INFO] [96m SNR Raw: 0.00σ, SNR Patch: 2.67σ[0m
[INFO] [38;5;82m Slice 157 completado: 1 candidatos (0 bursts, 1 no bursts)[0m
[INFO] [38;5;82m Slice 157 completado: 1 candidatos (0 bursts, 1 no bursts)[0m
[INFO] [38;5;220m Procesando slice 158 (chunk 000)[0m
[INFO] [38;5;220m Procesando Full Band (slice 158)[0m
[INFO] [38;5;220m Procesando slice 159 (chunk 000)[0m
[INFO] [38;5;220m Procesando Full Band (slice 159)[0m
[INFO] [38;5;82m Full Band: 1 candidatos detectados[0m
[INFO] [38;5;82m Candidato encontrado: DM=642.0 t=47.936s conf=0.12 class=0.02 → NO burst[0m
[INFO] [96m SNR Raw: 0.00σ, SNR Patch: 2.87σ[0m
[INFO] [38;5;82m Slice 159 completado: 1 candidatos (0 bursts, 1 no bursts)[0m
[INFO] [38;5;82m Slice 159 completado: 1 candidatos (0 bursts, 1 no bursts)[0m
[INFO] [38;5;220m Progreso: slice 160/174 (91.4%) (chunk 000)[0m
[INFO] [38;5;220m Procesando slice 160 (chunk 000)[0m
[INFO] [38;5;220m Procesando Full Band (slice 160)[0m
[INFO] [38;5;220m Procesando slice 161 (chunk 000)[0m
[INFO] [38;5;220m Procesando Full Band (slice 161)[0m
[INFO] [38;5;220m Procesando slice 162 (chunk 000)[0m
[INFO] [38;5;220m Procesando Full Band (slice 162)[0m
[INFO] [38;5;82m Full Band: 1 candidatos detectados[0m
[INFO] [38;5;82m Candidato encontrado: DM=1153.0 t=48.680s conf=0.15 class=0.83 → BURST[0m
[INFO] [96m SNR Raw: 0.00σ, SNR Patch: 3.39σ[0m
[INFO] [38;5;82m Slice 162 completado: 1 candidatos (1 bursts, 0 no bursts)[0m
[INFO] [38;5;82m Slice 162 completado: 1 candidatos (1 bursts, 0 no bursts)[0m
[INFO] [38;5;220m Procesando slice 163 (chunk 000)[0m
[INFO] [38;5;220m Procesando Full Band (slice 163)[0m
[INFO] [38;5;220m Procesando slice 164 (chunk 000)[0m
[INFO] [38;5;220m Procesando Full Band (slice 164)[0m
[INFO] [38;5;82m Full Band: 1 candidatos detectados[0m
[INFO] [38;5;82m Candidato encontrado: DM=710.9 t=49.290s conf=0.13 class=0.01 → NO burst[0m
[INFO] [96m SNR Raw: 0.00σ, SNR Patch: 3.11σ[0m
[INFO] [38;5;82m Slice 164 completado: 1 candidatos (0 bursts, 1 no bursts)[0m
[INFO] [38;5;82m Slice 164 completado: 1 candidatos (0 bursts, 1 no bursts)[0m
[INFO] [38;5;220m Procesando slice 165 (chunk 000)[0m
[INFO] [38;5;220m Procesando Full Band (slice 165)[0m
[INFO] [38;5;220m Procesando slice 166 (chunk 000)[0m
[INFO] [38;5;220m Procesando Full Band (slice 166)[0m
[INFO] [38;5;82m Full Band: 1 candidatos detectados[0m
[INFO] [38;5;82m Candidato encontrado: DM=696.8 t=49.909s conf=0.14 class=0.08 → NO burst[0m
[INFO] [96m SNR Raw: 0.00σ, SNR Patch: 3.13σ[0m
[INFO] [38;5;82m Slice 166 completado: 1 candidatos (0 bursts, 1 no bursts)[0m
[INFO] [38;5;82m Slice 166 completado: 1 candidatos (0 bursts, 1 no bursts)[0m
[INFO] [38;5;220m Procesando slice 167 (chunk 000)[0m
[INFO] [38;5;220m Procesando Full Band (slice 167)[0m
[INFO] [38;5;220m Procesando slice 168 (chunk 000)[0m
[INFO] [38;5;220m Procesando Full Band (slice 168)[0m
[INFO] [38;5;82m Full Band: 2 candidatos detectados[0m
[INFO] [38;5;82m Candidato encontrado: DM=628.6 t=50.454s conf=0.17 class=0.01 → NO burst[0m
[INFO] [96m SNR Raw: 0.00σ, SNR Patch: 2.58σ[0m
[INFO] [38;5;82m Candidato encontrado: DM=696.7 t=50.667s conf=0.12 class=0.05 → NO burst[0m
[INFO] [96m SNR Raw: 0.00σ, SNR Patch: 3.52σ[0m
[INFO] [38;5;82m Slice 168 completado: 2 candidatos (0 bursts, 2 no bursts)[0m
[INFO] [38;5;82m Slice 168 completado: 2 candidatos (0 bursts, 2 no bursts)[0m
[INFO] [38;5;220m Procesando slice 169 (chunk 000)[0m
[INFO] [38;5;220m Procesando Full Band (slice 169)[0m
[INFO] [38;5;220m Progreso: slice 170/174 (97.1%) (chunk 000)[0m
[INFO] [38;5;220m Procesando slice 170 (chunk 000)[0m
[INFO] [38;5;220m Procesando Full Band (slice 170)[0m
[INFO] [38;5;82m Full Band: 1 candidatos detectados[0m
[INFO] [38;5;82m Candidato encontrado: DM=1152.2 t=51.103s conf=0.11 class=0.04 → NO burst[0m
[INFO] [96m SNR Raw: 0.00σ, SNR Patch: 2.80σ[0m
[INFO] [38;5;82m Slice 170 completado: 1 candidatos (0 bursts, 1 no bursts)[0m
[INFO] [38;5;82m Slice 170 completado: 1 candidatos (0 bursts, 1 no bursts)[0m
[INFO] [38;5;220m Procesando slice 171 (chunk 000)[0m
[INFO] [38;5;220m Procesando Full Band (slice 171)[0m
[INFO] [38;5;220m Procesando slice 172 (chunk 000)[0m
[INFO] [38;5;220m Procesando Full Band (slice 172)[0m
[INFO] [38;5;220m Procesando slice 173 (chunk 000)[0m
[INFO] [38;5;220m Procesando Full Band (slice 173)[0m
[INFO] [38;5;82m Full Band: 1 candidatos detectados[0m
[INFO] [38;5;82m Candidato encontrado: DM=1180.4 t=52.000s conf=0.15 class=0.02 → NO burst[0m
[INFO] [96m SNR Raw: 0.00σ, SNR Patch: 2.92σ[0m
[INFO] [38;5;82m Slice 173 completado: 1 candidatos (0 bursts, 1 no bursts)[0m
[INFO] [38;5;82m Slice 173 completado: 1 candidatos (0 bursts, 1 no bursts)[0m
[INFO] [38;5;220m Procesando slice 174 (chunk 000)[0m
[INFO] [38;5;220m Procesando Full Band (slice 174)[0m
[INFO] [38;5;87m 2017-04-03-0825_13_0003.fits: 62 candidatos, max prob 0.21, 393.6s[0m
[INFO] Escribiendo resumen final...
[INFO] [38;5;39m PIPELINE COMPLETADO[0m
[INFO] Resumen: 1 archivos, 62 candidatos, 4 bursts
[INFO] Tiempo total: 393.6s
