[INFO] Logs guardándose en: /mnt/d/Seba - Dev/DRAFTS-UC/drafts/logging/log/drafts_pipeline_20250729_211056.log
[INFO] [38;5;39mINICIANDO PIPELINE DE DETECCIÓN DE FRB[0m
[INFO] [94mLeyenda de Colores:[0m
[INFO] [38;5;39m Pipeline: Operaciones principales del pipeline[0m
[INFO] [38;5;87m Archivos: Procesamiento de archivos[0m
[INFO] [38;5;220m Procesamiento: Chunks y Slices[0m
[INFO] [38;5;82m Detección: Candidatos detectados[0m
[INFO] [38;5;213m GPU: Operaciones de GPU[0m
[INFO] [93m Advertencia: Problemas no críticos[0m
[INFO] [38;5;196m Error: Fallos críticos[0m
[INFO] [96m Debug: Información detallada (solo en modo DEBUG)[0m
[INFO] 
[INFO] Datos: Data/raw
[INFO] Resultados: Results/ObjectDetection
[INFO] Targets: ['2017-04-03-08-16-13_142_0003_t39.977']
[INFO] Chunking: 2,097,152 muestras/bloque
[INFO] Cargando modelos...
[INFO] Modelos cargados exitosamente
[INFO] Buscando archivos para target: 2017-04-03-08-16-13_142_0003_t39.977
[INFO] Archivos encontrados: ['2017-04-03-08-16-13_142_0003_t39.977.fits']
[INFO] Leyendo parámetros desde: 2017-04-03-08-16-13_142_0003_t39.977.fits
[INFO] Parámetros de observación cargados
[INFO] [38;5;87m Procesando: 2017-04-03-08-16-13_142_0003_t39.977.fits[0m
[INFO] Muestras: 1,638,400
[INFO] Duración: 0.9 min
[INFO] Canales: 32
[INFO] Configuración de slice:
[INFO] Duración objetivo: 142.0 ms
[INFO] SLICE_LEN: 185 muestras
[INFO] Duración real: 142.1 ms
[INFO] [38;5;220m Progreso: slice 000/369 (0.0%) (chunk 000)[0m
[INFO] [38;5;220m Procesando slice 000 (chunk 000)[0m
[INFO] [38;5;220m Procesando Full Band (slice 0)[0m
[INFO] [38;5;220m Procesando slice 001 (chunk 000)[0m
[INFO] [38;5;220m Procesando Full Band (slice 1)[0m
[INFO] [38;5;220m Procesando slice 002 (chunk 000)[0m
[INFO] [38;5;220m Procesando Full Band (slice 2)[0m
[INFO] [38;5;220m Procesando slice 003 (chunk 000)[0m
[INFO] [38;5;220m Procesando Full Band (slice 3)[0m
[INFO] [38;5;220m Procesando slice 004 (chunk 000)[0m
[INFO] [38;5;220m Procesando Full Band (slice 4)[0m
[INFO] [38;5;220m Procesando slice 005 (chunk 000)[0m
[INFO] [38;5;220m Procesando Full Band (slice 5)[0m
[INFO] [38;5;220m Procesando slice 006 (chunk 000)[0m
[INFO] [38;5;220m Procesando Full Band (slice 6)[0m
[INFO] [38;5;220m Procesando slice 007 (chunk 000)[0m
[INFO] [38;5;220m Procesando Full Band (slice 7)[0m
[INFO] [38;5;220m Procesando slice 008 (chunk 000)[0m
[INFO] [38;5;220m Procesando Full Band (slice 8)[0m
[INFO] [38;5;220m Procesando slice 009 (chunk 000)[0m
[INFO] [38;5;220m Procesando Full Band (slice 9)[0m
[INFO] [38;5;220m Progreso: slice 010/369 (2.7%) (chunk 000)[0m
[INFO] [38;5;220m Procesando slice 010 (chunk 000)[0m
[INFO] [38;5;220m Procesando Full Band (slice 10)[0m
[INFO] [38;5;220m Procesando slice 011 (chunk 000)[0m
[INFO] [38;5;220m Procesando Full Band (slice 11)[0m
[INFO] [38;5;220m Procesando slice 012 (chunk 000)[0m
[INFO] [38;5;220m Procesando Full Band (slice 12)[0m
[INFO] [38;5;220m Procesando slice 013 (chunk 000)[0m
[INFO] [38;5;220m Procesando Full Band (slice 13)[0m
[INFO] [38;5;220m Procesando slice 014 (chunk 000)[0m
[INFO] [38;5;220m Procesando Full Band (slice 14)[0m
[INFO] [38;5;220m Procesando slice 015 (chunk 000)[0m
[INFO] [38;5;220m Procesando Full Band (slice 15)[0m
[INFO] [38;5;220m Procesando slice 016 (chunk 000)[0m
[INFO] [38;5;220m Procesando Full Band (slice 16)[0m
[INFO] [38;5;220m Procesando slice 017 (chunk 000)[0m
[INFO] [38;5;220m Procesando Full Band (slice 17)[0m
[INFO] [38;5;220m Procesando slice 018 (chunk 000)[0m
[INFO] [38;5;220m Procesando Full Band (slice 18)[0m
[INFO] [38;5;220m Procesando slice 019 (chunk 000)[0m
[INFO] [38;5;220m Procesando Full Band (slice 19)[0m
[INFO] [38;5;220m Progreso: slice 020/369 (5.4%) (chunk 000)[0m
[INFO] [38;5;220m Procesando slice 020 (chunk 000)[0m
[INFO] [38;5;220m Procesando Full Band (slice 20)[0m
[INFO] [38;5;220m Procesando slice 021 (chunk 000)[0m
[INFO] [38;5;220m Procesando Full Band (slice 21)[0m
[INFO] [38;5;220m Procesando slice 022 (chunk 000)[0m
[INFO] [38;5;220m Procesando Full Band (slice 22)[0m
[INFO] [38;5;220m Procesando slice 023 (chunk 000)[0m
[INFO] [38;5;220m Procesando Full Band (slice 23)[0m
[INFO] [38;5;220m Procesando slice 024 (chunk 000)[0m
[INFO] [38;5;220m Procesando Full Band (slice 24)[0m
[INFO] [38;5;220m Procesando slice 025 (chunk 000)[0m
[INFO] [38;5;220m Procesando Full Band (slice 25)[0m
[INFO] [38;5;220m Procesando slice 026 (chunk 000)[0m
[INFO] [38;5;220m Procesando Full Band (slice 26)[0m
[INFO] [38;5;220m Procesando slice 027 (chunk 000)[0m
[INFO] [38;5;220m Procesando Full Band (slice 27)[0m
[INFO] [38;5;220m Procesando slice 028 (chunk 000)[0m
[INFO] [38;5;220m Procesando Full Band (slice 28)[0m
[INFO] [38;5;220m Procesando slice 029 (chunk 000)[0m
[INFO] [38;5;220m Procesando Full Band (slice 29)[0m
[INFO] [38;5;220m Progreso: slice 030/369 (8.1%) (chunk 000)[0m
[INFO] [38;5;220m Procesando slice 030 (chunk 000)[0m
[INFO] [38;5;220m Procesando Full Band (slice 30)[0m
[INFO] [38;5;220m Procesando slice 031 (chunk 000)[0m
[INFO] [38;5;220m Procesando Full Band (slice 31)[0m
[INFO] [38;5;220m Procesando slice 032 (chunk 000)[0m
[INFO] [38;5;220m Procesando Full Band (slice 32)[0m
[INFO] [38;5;220m Procesando slice 033 (chunk 000)[0m
[INFO] [38;5;220m Procesando Full Band (slice 33)[0m
[INFO] [38;5;220m Procesando slice 034 (chunk 000)[0m
[INFO] [38;5;220m Procesando Full Band (slice 34)[0m
[INFO] [38;5;220m Procesando slice 035 (chunk 000)[0m
[INFO] [38;5;220m Procesando Full Band (slice 35)[0m
[INFO] [38;5;220m Procesando slice 036 (chunk 000)[0m
[INFO] [38;5;220m Procesando Full Band (slice 36)[0m
[INFO] [38;5;220m Procesando slice 037 (chunk 000)[0m
[INFO] [38;5;220m Procesando Full Band (slice 37)[0m
[INFO] [38;5;220m Procesando slice 038 (chunk 000)[0m
[INFO] [38;5;220m Procesando Full Band (slice 38)[0m
[INFO] [38;5;220m Procesando slice 039 (chunk 000)[0m
[INFO] [38;5;220m Procesando Full Band (slice 39)[0m
[INFO] [38;5;220m Progreso: slice 040/369 (10.8%) (chunk 000)[0m
[INFO] [38;5;220m Procesando slice 040 (chunk 000)[0m
[INFO] [38;5;220m Procesando Full Band (slice 40)[0m
[INFO] [38;5;220m Procesando slice 041 (chunk 000)[0m
[INFO] [38;5;220m Procesando Full Band (slice 41)[0m
[INFO] [38;5;220m Procesando slice 042 (chunk 000)[0m
[INFO] [38;5;220m Procesando Full Band (slice 42)[0m
[INFO] [38;5;220m Procesando slice 043 (chunk 000)[0m
[INFO] [38;5;220m Procesando Full Band (slice 43)[0m
[INFO] [38;5;220m Procesando slice 044 (chunk 000)[0m
[INFO] [38;5;220m Procesando Full Band (slice 44)[0m
[INFO] [38;5;220m Procesando slice 045 (chunk 000)[0m
[INFO] [38;5;220m Procesando Full Band (slice 45)[0m
[INFO] [38;5;220m Procesando slice 046 (chunk 000)[0m
[INFO] [38;5;220m Procesando Full Band (slice 46)[0m
[INFO] [38;5;220m Procesando slice 047 (chunk 000)[0m
[INFO] [38;5;220m Procesando Full Band (slice 47)[0m
[INFO] [38;5;220m Procesando slice 048 (chunk 000)[0m
[INFO] [38;5;220m Procesando Full Band (slice 48)[0m
[INFO] [38;5;220m Procesando slice 049 (chunk 000)[0m
[INFO] [38;5;220m Procesando Full Band (slice 49)[0m
[INFO] [38;5;220m Progreso: slice 050/369 (13.5%) (chunk 000)[0m
[INFO] [38;5;220m Procesando slice 050 (chunk 000)[0m
[INFO] [38;5;220m Procesando Full Band (slice 50)[0m
[INFO] [38;5;220m Procesando slice 051 (chunk 000)[0m
[INFO] [38;5;220m Procesando Full Band (slice 51)[0m
[INFO] [38;5;220m Procesando slice 052 (chunk 000)[0m
[INFO] [38;5;220m Procesando Full Band (slice 52)[0m
[INFO] [38;5;220m Procesando slice 053 (chunk 000)[0m
[INFO] [38;5;220m Procesando Full Band (slice 53)[0m
[INFO] [38;5;220m Procesando slice 054 (chunk 000)[0m
[INFO] [38;5;220m Procesando Full Band (slice 54)[0m
[INFO] [38;5;220m Procesando slice 055 (chunk 000)[0m
[INFO] [38;5;220m Procesando Full Band (slice 55)[0m
[INFO] [38;5;220m Procesando slice 056 (chunk 000)[0m
[INFO] [38;5;220m Procesando Full Band (slice 56)[0m
[INFO] [38;5;220m Procesando slice 057 (chunk 000)[0m
[INFO] [38;5;220m Procesando Full Band (slice 57)[0m
[INFO] [38;5;220m Procesando slice 058 (chunk 000)[0m
[INFO] [38;5;220m Procesando Full Band (slice 58)[0m
[INFO] [38;5;220m Procesando slice 059 (chunk 000)[0m
[INFO] [38;5;220m Procesando Full Band (slice 59)[0m
[INFO] [38;5;220m Progreso: slice 060/369 (16.2%) (chunk 000)[0m
[INFO] [38;5;220m Procesando slice 060 (chunk 000)[0m
[INFO] [38;5;220m Procesando Full Band (slice 60)[0m
[INFO] [38;5;220m Procesando slice 061 (chunk 000)[0m
[INFO] [38;5;220m Procesando Full Band (slice 61)[0m
[INFO] [38;5;220m Procesando slice 062 (chunk 000)[0m
[INFO] [38;5;220m Procesando Full Band (slice 62)[0m
[INFO] [38;5;220m Procesando slice 063 (chunk 000)[0m
[INFO] [38;5;220m Procesando Full Band (slice 63)[0m
[INFO] [38;5;220m Procesando slice 064 (chunk 000)[0m
[INFO] [38;5;220m Procesando Full Band (slice 64)[0m
[INFO] [38;5;220m Procesando slice 065 (chunk 000)[0m
[INFO] [38;5;220m Procesando Full Band (slice 65)[0m
[INFO] [38;5;220m Procesando slice 066 (chunk 000)[0m
[INFO] [38;5;220m Procesando Full Band (slice 66)[0m
[INFO] [38;5;220m Procesando slice 067 (chunk 000)[0m
[INFO] [38;5;220m Procesando Full Band (slice 67)[0m
[INFO] [38;5;220m Procesando slice 068 (chunk 000)[0m
[INFO] [38;5;220m Procesando Full Band (slice 68)[0m
[INFO] [38;5;220m Procesando slice 069 (chunk 000)[0m
[INFO] [38;5;220m Procesando Full Band (slice 69)[0m
[INFO] [38;5;220m Progreso: slice 070/369 (18.9%) (chunk 000)[0m
[INFO] [38;5;220m Procesando slice 070 (chunk 000)[0m
[INFO] [38;5;220m Procesando Full Band (slice 70)[0m
[INFO] [38;5;220m Procesando slice 071 (chunk 000)[0m
[INFO] [38;5;220m Procesando Full Band (slice 71)[0m
[INFO] [38;5;220m Procesando slice 072 (chunk 000)[0m
[INFO] [38;5;220m Procesando Full Band (slice 72)[0m
[INFO] [38;5;220m Procesando slice 073 (chunk 000)[0m
[INFO] [38;5;220m Procesando Full Band (slice 73)[0m
[INFO] [38;5;220m Procesando slice 074 (chunk 000)[0m
[INFO] [38;5;220m Procesando Full Band (slice 74)[0m
[INFO] [38;5;220m Procesando slice 075 (chunk 000)[0m
[INFO] [38;5;220m Procesando Full Band (slice 75)[0m
[INFO] [38;5;220m Procesando slice 076 (chunk 000)[0m
[INFO] [38;5;220m Procesando Full Band (slice 76)[0m
[INFO] [38;5;220m Procesando slice 077 (chunk 000)[0m
[INFO] [38;5;220m Procesando Full Band (slice 77)[0m
[INFO] [38;5;220m Procesando slice 078 (chunk 000)[0m
[INFO] [38;5;220m Procesando Full Band (slice 78)[0m
[INFO] [38;5;220m Procesando slice 079 (chunk 000)[0m
[INFO] [38;5;220m Procesando Full Band (slice 79)[0m
[INFO] [38;5;220m Progreso: slice 080/369 (21.6%) (chunk 000)[0m
[INFO] [38;5;220m Procesando slice 080 (chunk 000)[0m
[INFO] [38;5;220m Procesando Full Band (slice 80)[0m
[INFO] [38;5;220m Procesando slice 081 (chunk 000)[0m
[INFO] [38;5;220m Procesando Full Band (slice 81)[0m
[INFO] [38;5;220m Procesando slice 082 (chunk 000)[0m
[INFO] [38;5;220m Procesando Full Band (slice 82)[0m
[INFO] [38;5;220m Procesando slice 083 (chunk 000)[0m
[INFO] [38;5;220m Procesando Full Band (slice 83)[0m
[INFO] [38;5;220m Procesando slice 084 (chunk 000)[0m
[INFO] [38;5;220m Procesando Full Band (slice 84)[0m
[INFO] [38;5;220m Procesando slice 085 (chunk 000)[0m
[INFO] [38;5;220m Procesando Full Band (slice 85)[0m
[INFO] [38;5;220m Procesando slice 086 (chunk 000)[0m
[INFO] [38;5;220m Procesando Full Band (slice 86)[0m
[INFO] [38;5;220m Procesando slice 087 (chunk 000)[0m
[INFO] [38;5;220m Procesando Full Band (slice 87)[0m
[INFO] [38;5;220m Procesando slice 088 (chunk 000)[0m
[INFO] [38;5;220m Procesando Full Band (slice 88)[0m
[INFO] [38;5;220m Procesando slice 089 (chunk 000)[0m
[INFO] [38;5;220m Procesando Full Band (slice 89)[0m
[INFO] [38;5;220m Progreso: slice 090/369 (24.3%) (chunk 000)[0m
[INFO] [38;5;220m Procesando slice 090 (chunk 000)[0m
[INFO] [38;5;220m Procesando Full Band (slice 90)[0m
[INFO] [38;5;220m Procesando slice 091 (chunk 000)[0m
[INFO] [38;5;220m Procesando Full Band (slice 91)[0m
[INFO] [38;5;220m Procesando slice 092 (chunk 000)[0m
[INFO] [38;5;220m Procesando Full Band (slice 92)[0m
[INFO] [38;5;220m Procesando slice 093 (chunk 000)[0m
[INFO] [38;5;220m Procesando Full Band (slice 93)[0m
[INFO] [38;5;220m Procesando slice 094 (chunk 000)[0m
[INFO] [38;5;220m Procesando Full Band (slice 94)[0m
[INFO] [38;5;220m Procesando slice 095 (chunk 000)[0m
[INFO] [38;5;220m Procesando Full Band (slice 95)[0m
[INFO] [38;5;220m Procesando slice 096 (chunk 000)[0m
[INFO] [38;5;220m Procesando Full Band (slice 96)[0m
[INFO] [38;5;220m Procesando slice 097 (chunk 000)[0m
[INFO] [38;5;220m Procesando Full Band (slice 97)[0m
[INFO] [38;5;220m Procesando slice 098 (chunk 000)[0m
[INFO] [38;5;220m Procesando Full Band (slice 98)[0m
[INFO] [38;5;220m Procesando slice 099 (chunk 000)[0m
[INFO] [38;5;220m Procesando Full Band (slice 99)[0m
[INFO] [38;5;220m Progreso: slice 100/369 (27.0%) (chunk 000)[0m
[INFO] [38;5;220m Procesando slice 100 (chunk 000)[0m
[INFO] [38;5;220m Procesando Full Band (slice 100)[0m
[INFO] [38;5;220m Procesando slice 101 (chunk 000)[0m
[INFO] [38;5;220m Procesando Full Band (slice 101)[0m
[INFO] [38;5;220m Procesando slice 102 (chunk 000)[0m
[INFO] [38;5;220m Procesando Full Band (slice 102)[0m
[INFO] [38;5;220m Procesando slice 103 (chunk 000)[0m
[INFO] [38;5;220m Procesando Full Band (slice 103)[0m
[INFO] [38;5;220m Procesando slice 104 (chunk 000)[0m
[INFO] [38;5;220m Procesando Full Band (slice 104)[0m
[INFO] [38;5;220m Procesando slice 105 (chunk 000)[0m
[INFO] [38;5;220m Procesando Full Band (slice 105)[0m
[INFO] [38;5;220m Procesando slice 106 (chunk 000)[0m
[INFO] [38;5;220m Procesando Full Band (slice 106)[0m
[INFO] [38;5;220m Procesando slice 107 (chunk 000)[0m
[INFO] [38;5;220m Procesando Full Band (slice 107)[0m
[INFO] [38;5;220m Procesando slice 108 (chunk 000)[0m
[INFO] [38;5;220m Procesando Full Band (slice 108)[0m
[INFO] [38;5;220m Procesando slice 109 (chunk 000)[0m
[INFO] [38;5;220m Procesando Full Band (slice 109)[0m
[INFO] [38;5;220m Progreso: slice 110/369 (29.7%) (chunk 000)[0m
[INFO] [38;5;220m Procesando slice 110 (chunk 000)[0m
[INFO] [38;5;220m Procesando Full Band (slice 110)[0m
[INFO] [38;5;220m Procesando slice 111 (chunk 000)[0m
[INFO] [38;5;220m Procesando Full Band (slice 111)[0m
[INFO] [38;5;220m Procesando slice 112 (chunk 000)[0m
[INFO] [38;5;220m Procesando Full Band (slice 112)[0m
[INFO] [38;5;220m Procesando slice 113 (chunk 000)[0m
[INFO] [38;5;220m Procesando Full Band (slice 113)[0m
[INFO] [38;5;220m Procesando slice 114 (chunk 000)[0m
[INFO] [38;5;220m Procesando Full Band (slice 114)[0m
[INFO] [38;5;220m Procesando slice 115 (chunk 000)[0m
[INFO] [38;5;220m Procesando Full Band (slice 115)[0m
[INFO] [38;5;220m Procesando slice 116 (chunk 000)[0m
[INFO] [38;5;220m Procesando Full Band (slice 116)[0m
[INFO] [38;5;220m Procesando slice 117 (chunk 000)[0m
[INFO] [38;5;220m Procesando Full Band (slice 117)[0m
[INFO] [38;5;220m Procesando slice 118 (chunk 000)[0m
[INFO] [38;5;220m Procesando Full Band (slice 118)[0m
[INFO] [38;5;220m Procesando slice 119 (chunk 000)[0m
[INFO] [38;5;220m Procesando Full Band (slice 119)[0m
[INFO] [38;5;220m Progreso: slice 120/369 (32.4%) (chunk 000)[0m
[INFO] [38;5;220m Procesando slice 120 (chunk 000)[0m
[INFO] [38;5;220m Procesando Full Band (slice 120)[0m
[INFO] [38;5;220m Procesando slice 121 (chunk 000)[0m
[INFO] [38;5;220m Procesando Full Band (slice 121)[0m
[INFO] [38;5;220m Procesando slice 122 (chunk 000)[0m
[INFO] [38;5;220m Procesando Full Band (slice 122)[0m
[INFO] [38;5;220m Procesando slice 123 (chunk 000)[0m
[INFO] [38;5;220m Procesando Full Band (slice 123)[0m
[INFO] [38;5;220m Procesando slice 124 (chunk 000)[0m
[INFO] [38;5;220m Procesando Full Band (slice 124)[0m
[INFO] [38;5;220m Procesando slice 125 (chunk 000)[0m
[INFO] [38;5;220m Procesando Full Band (slice 125)[0m
[INFO] [38;5;220m Procesando slice 126 (chunk 000)[0m
[INFO] [38;5;220m Procesando Full Band (slice 126)[0m
[INFO] [38;5;220m Procesando slice 127 (chunk 000)[0m
[INFO] [38;5;220m Procesando Full Band (slice 127)[0m
[INFO] [38;5;220m Procesando slice 128 (chunk 000)[0m
[INFO] [38;5;220m Procesando Full Band (slice 128)[0m
[INFO] [38;5;220m Procesando slice 129 (chunk 000)[0m
[INFO] [38;5;220m Procesando Full Band (slice 129)[0m
[INFO] [38;5;220m Progreso: slice 130/369 (35.1%) (chunk 000)[0m
[INFO] [38;5;220m Procesando slice 130 (chunk 000)[0m
[INFO] [38;5;220m Procesando Full Band (slice 130)[0m
[INFO] [38;5;220m Procesando slice 131 (chunk 000)[0m
[INFO] [38;5;220m Procesando Full Band (slice 131)[0m
[INFO] [38;5;220m Procesando slice 132 (chunk 000)[0m
[INFO] [38;5;220m Procesando Full Band (slice 132)[0m
[INFO] [38;5;220m Procesando slice 133 (chunk 000)[0m
[INFO] [38;5;220m Procesando Full Band (slice 133)[0m
[INFO] [38;5;220m Procesando slice 134 (chunk 000)[0m
[INFO] [38;5;220m Procesando Full Band (slice 134)[0m
[INFO] [38;5;220m Procesando slice 135 (chunk 000)[0m
[INFO] [38;5;220m Procesando Full Band (slice 135)[0m
[INFO] [38;5;220m Procesando slice 136 (chunk 000)[0m
[INFO] [38;5;220m Procesando Full Band (slice 136)[0m
[INFO] [38;5;220m Procesando slice 137 (chunk 000)[0m
[INFO] [38;5;220m Procesando Full Band (slice 137)[0m
[INFO] [38;5;220m Procesando slice 138 (chunk 000)[0m
[INFO] [38;5;220m Procesando Full Band (slice 138)[0m
[INFO] [38;5;220m Procesando slice 139 (chunk 000)[0m
[INFO] [38;5;220m Procesando Full Band (slice 139)[0m
[INFO] [38;5;220m Progreso: slice 140/369 (37.8%) (chunk 000)[0m
[INFO] [38;5;220m Procesando slice 140 (chunk 000)[0m
[INFO] [38;5;220m Procesando Full Band (slice 140)[0m
[INFO] [38;5;220m Procesando slice 141 (chunk 000)[0m
[INFO] [38;5;220m Procesando Full Band (slice 141)[0m
[INFO] [38;5;220m Procesando slice 142 (chunk 000)[0m
[INFO] [38;5;220m Procesando Full Band (slice 142)[0m
[INFO] [38;5;220m Procesando slice 143 (chunk 000)[0m
[INFO] [38;5;220m Procesando Full Band (slice 143)[0m
[INFO] [38;5;220m Procesando slice 144 (chunk 000)[0m
[INFO] [38;5;220m Procesando Full Band (slice 144)[0m
[INFO] [38;5;220m Procesando slice 145 (chunk 000)[0m
[INFO] [38;5;220m Procesando Full Band (slice 145)[0m
[INFO] [38;5;220m Procesando slice 146 (chunk 000)[0m
[INFO] [38;5;220m Procesando Full Band (slice 146)[0m
[INFO] [38;5;220m Procesando slice 147 (chunk 000)[0m
[INFO] [38;5;220m Procesando Full Band (slice 147)[0m
[INFO] [38;5;220m Procesando slice 148 (chunk 000)[0m
[INFO] [38;5;220m Procesando Full Band (slice 148)[0m
[INFO] [38;5;220m Procesando slice 149 (chunk 000)[0m
[INFO] [38;5;220m Procesando Full Band (slice 149)[0m
[INFO] [38;5;220m Progreso: slice 150/369 (40.5%) (chunk 000)[0m
[INFO] [38;5;220m Procesando slice 150 (chunk 000)[0m
[INFO] [38;5;220m Procesando Full Band (slice 150)[0m
[INFO] [38;5;220m Procesando slice 151 (chunk 000)[0m
[INFO] [38;5;220m Procesando Full Band (slice 151)[0m
[INFO] [38;5;220m Procesando slice 152 (chunk 000)[0m
[INFO] [38;5;220m Procesando Full Band (slice 152)[0m
[INFO] [38;5;220m Procesando slice 153 (chunk 000)[0m
[INFO] [38;5;220m Procesando Full Band (slice 153)[0m
[INFO] [38;5;220m Procesando slice 154 (chunk 000)[0m
[INFO] [38;5;220m Procesando Full Band (slice 154)[0m
[INFO] [38;5;220m Procesando slice 155 (chunk 000)[0m
[INFO] [38;5;220m Procesando Full Band (slice 155)[0m
[INFO] [38;5;220m Procesando slice 156 (chunk 000)[0m
[INFO] [38;5;220m Procesando Full Band (slice 156)[0m
[INFO] [38;5;220m Procesando slice 157 (chunk 000)[0m
[INFO] [38;5;220m Procesando Full Band (slice 157)[0m
[INFO] [38;5;220m Procesando slice 158 (chunk 000)[0m
[INFO] [38;5;220m Procesando Full Band (slice 158)[0m
[INFO] [38;5;220m Procesando slice 159 (chunk 000)[0m
[INFO] [38;5;220m Procesando Full Band (slice 159)[0m
[INFO] [38;5;220m Progreso: slice 160/369 (43.2%) (chunk 000)[0m
[INFO] [38;5;220m Procesando slice 160 (chunk 000)[0m
[INFO] [38;5;220m Procesando Full Band (slice 160)[0m
[INFO] [38;5;220m Procesando slice 161 (chunk 000)[0m
[INFO] [38;5;220m Procesando Full Band (slice 161)[0m
[INFO] [38;5;220m Procesando slice 162 (chunk 000)[0m
[INFO] [38;5;220m Procesando Full Band (slice 162)[0m
[INFO] [38;5;220m Procesando slice 163 (chunk 000)[0m
[INFO] [38;5;220m Procesando Full Band (slice 163)[0m
[INFO] [38;5;220m Procesando slice 164 (chunk 000)[0m
[INFO] [38;5;220m Procesando Full Band (slice 164)[0m
[INFO] [38;5;220m Procesando slice 165 (chunk 000)[0m
[INFO] [38;5;220m Procesando Full Band (slice 165)[0m
[INFO] [38;5;220m Procesando slice 166 (chunk 000)[0m
[INFO] [38;5;220m Procesando Full Band (slice 166)[0m
[INFO] [38;5;220m Procesando slice 167 (chunk 000)[0m
[INFO] [38;5;220m Procesando Full Band (slice 167)[0m
[INFO] [38;5;220m Procesando slice 168 (chunk 000)[0m
[INFO] [38;5;220m Procesando Full Band (slice 168)[0m
[INFO] [38;5;220m Procesando slice 169 (chunk 000)[0m
[INFO] [38;5;220m Procesando Full Band (slice 169)[0m
[INFO] [38;5;220m Progreso: slice 170/369 (45.9%) (chunk 000)[0m
[INFO] [38;5;220m Procesando slice 170 (chunk 000)[0m
[INFO] [38;5;220m Procesando Full Band (slice 170)[0m
[INFO] [38;5;220m Procesando slice 171 (chunk 000)[0m
[INFO] [38;5;220m Procesando Full Band (slice 171)[0m
[INFO] [38;5;220m Procesando slice 172 (chunk 000)[0m
[INFO] [38;5;220m Procesando Full Band (slice 172)[0m
[INFO] [38;5;220m Procesando slice 173 (chunk 000)[0m
[INFO] [38;5;220m Procesando Full Band (slice 173)[0m
[INFO] [38;5;220m Procesando slice 174 (chunk 000)[0m
[INFO] [38;5;220m Procesando Full Band (slice 174)[0m
[INFO] [38;5;220m Procesando slice 175 (chunk 000)[0m
[INFO] [38;5;220m Procesando Full Band (slice 175)[0m
[INFO] [38;5;220m Procesando slice 176 (chunk 000)[0m
[INFO] [38;5;220m Procesando Full Band (slice 176)[0m
[INFO] [38;5;220m Procesando slice 177 (chunk 000)[0m
[INFO] [38;5;220m Procesando Full Band (slice 177)[0m
[INFO] [38;5;220m Procesando slice 178 (chunk 000)[0m
[INFO] [38;5;220m Procesando Full Band (slice 178)[0m
[INFO] [38;5;220m Procesando slice 179 (chunk 000)[0m
[INFO] [38;5;220m Procesando Full Band (slice 179)[0m
[INFO] [38;5;220m Progreso: slice 180/369 (48.6%) (chunk 000)[0m
[INFO] [38;5;220m Procesando slice 180 (chunk 000)[0m
[INFO] [38;5;220m Procesando Full Band (slice 180)[0m
[INFO] [38;5;220m Procesando slice 181 (chunk 000)[0m
[INFO] [38;5;220m Procesando Full Band (slice 181)[0m
[INFO] [38;5;220m Procesando slice 182 (chunk 000)[0m
[INFO] [38;5;220m Procesando Full Band (slice 182)[0m
[INFO] [38;5;220m Procesando slice 183 (chunk 000)[0m
[INFO] [38;5;220m Procesando Full Band (slice 183)[0m
[INFO] [38;5;220m Procesando slice 184 (chunk 000)[0m
[INFO] [38;5;220m Procesando Full Band (slice 184)[0m
[INFO] [38;5;220m Procesando slice 185 (chunk 000)[0m
[INFO] [38;5;220m Procesando Full Band (slice 185)[0m
[INFO] [38;5;220m Procesando slice 186 (chunk 000)[0m
[INFO] [38;5;220m Procesando Full Band (slice 186)[0m
[INFO] [38;5;220m Procesando slice 187 (chunk 000)[0m
[INFO] [38;5;220m Procesando Full Band (slice 187)[0m
[INFO] [38;5;220m Procesando slice 188 (chunk 000)[0m
[INFO] [38;5;220m Procesando Full Band (slice 188)[0m
[INFO] [38;5;220m Procesando slice 189 (chunk 000)[0m
[INFO] [38;5;220m Procesando Full Band (slice 189)[0m
[INFO] [38;5;220m Progreso: slice 190/369 (51.4%) (chunk 000)[0m
[INFO] [38;5;220m Procesando slice 190 (chunk 000)[0m
[INFO] [38;5;220m Procesando Full Band (slice 190)[0m
[INFO] [38;5;220m Procesando slice 191 (chunk 000)[0m
[INFO] [38;5;220m Procesando Full Band (slice 191)[0m
[INFO] [38;5;220m Procesando slice 192 (chunk 000)[0m
[INFO] [38;5;220m Procesando Full Band (slice 192)[0m
[INFO] [38;5;220m Procesando slice 193 (chunk 000)[0m
[INFO] [38;5;220m Procesando Full Band (slice 193)[0m
[INFO] [38;5;220m Procesando slice 194 (chunk 000)[0m
[INFO] [38;5;220m Procesando Full Band (slice 194)[0m
[INFO] [38;5;220m Procesando slice 195 (chunk 000)[0m
[INFO] [38;5;220m Procesando Full Band (slice 195)[0m
[INFO] [38;5;220m Procesando slice 196 (chunk 000)[0m
[INFO] [38;5;220m Procesando Full Band (slice 196)[0m
[INFO] [38;5;220m Procesando slice 197 (chunk 000)[0m
[INFO] [38;5;220m Procesando Full Band (slice 197)[0m
[INFO] [38;5;220m Procesando slice 198 (chunk 000)[0m
[INFO] [38;5;220m Procesando Full Band (slice 198)[0m
[INFO] [38;5;220m Procesando slice 199 (chunk 000)[0m
[INFO] [38;5;220m Procesando Full Band (slice 199)[0m
[INFO] [38;5;220m Progreso: slice 200/369 (54.1%) (chunk 000)[0m
[INFO] [38;5;220m Procesando slice 200 (chunk 000)[0m
[INFO] [38;5;220m Procesando Full Band (slice 200)[0m
[INFO] [38;5;220m Procesando slice 201 (chunk 000)[0m
[INFO] [38;5;220m Procesando Full Band (slice 201)[0m
[INFO] [38;5;220m Procesando slice 202 (chunk 000)[0m
[INFO] [38;5;220m Procesando Full Band (slice 202)[0m
[INFO] [38;5;220m Procesando slice 203 (chunk 000)[0m
[INFO] [38;5;220m Procesando Full Band (slice 203)[0m
[INFO] [38;5;220m Procesando slice 204 (chunk 000)[0m
[INFO] [38;5;220m Procesando Full Band (slice 204)[0m
[INFO] [38;5;220m Procesando slice 205 (chunk 000)[0m
[INFO] [38;5;220m Procesando Full Band (slice 205)[0m
[INFO] [38;5;220m Procesando slice 206 (chunk 000)[0m
[INFO] [38;5;220m Procesando Full Band (slice 206)[0m
[INFO] [38;5;220m Procesando slice 207 (chunk 000)[0m
[INFO] [38;5;220m Procesando Full Band (slice 207)[0m
[INFO] [38;5;220m Procesando slice 208 (chunk 000)[0m
[INFO] [38;5;220m Procesando Full Band (slice 208)[0m
[INFO] [38;5;220m Procesando slice 209 (chunk 000)[0m
[INFO] [38;5;220m Procesando Full Band (slice 209)[0m
[INFO] [38;5;220m Progreso: slice 210/369 (56.8%) (chunk 000)[0m
[INFO] [38;5;220m Procesando slice 210 (chunk 000)[0m
[INFO] [38;5;220m Procesando Full Band (slice 210)[0m
[INFO] [38;5;220m Procesando slice 211 (chunk 000)[0m
[INFO] [38;5;220m Procesando Full Band (slice 211)[0m
[INFO] [38;5;220m Procesando slice 212 (chunk 000)[0m
[INFO] [38;5;220m Procesando Full Band (slice 212)[0m
[INFO] [38;5;220m Procesando slice 213 (chunk 000)[0m
[INFO] [38;5;220m Procesando Full Band (slice 213)[0m
[INFO] [38;5;220m Procesando slice 214 (chunk 000)[0m
[INFO] [38;5;220m Procesando Full Band (slice 214)[0m
[INFO] [38;5;220m Procesando slice 215 (chunk 000)[0m
[INFO] [38;5;220m Procesando Full Band (slice 215)[0m
[INFO] [38;5;220m Procesando slice 216 (chunk 000)[0m
[INFO] [38;5;220m Procesando Full Band (slice 216)[0m
[INFO] [38;5;220m Procesando slice 217 (chunk 000)[0m
[INFO] [38;5;220m Procesando Full Band (slice 217)[0m
[INFO] [38;5;220m Procesando slice 218 (chunk 000)[0m
[INFO] [38;5;220m Procesando Full Band (slice 218)[0m
[INFO] [38;5;220m Procesando slice 219 (chunk 000)[0m
[INFO] [38;5;220m Procesando Full Band (slice 219)[0m
[INFO] [38;5;220m Progreso: slice 220/369 (59.5%) (chunk 000)[0m
[INFO] [38;5;220m Procesando slice 220 (chunk 000)[0m
[INFO] [38;5;220m Procesando Full Band (slice 220)[0m
[INFO] [38;5;220m Procesando slice 221 (chunk 000)[0m
[INFO] [38;5;220m Procesando Full Band (slice 221)[0m
[INFO] [38;5;220m Procesando slice 222 (chunk 000)[0m
[INFO] [38;5;220m Procesando Full Band (slice 222)[0m
[INFO] [38;5;220m Procesando slice 223 (chunk 000)[0m
[INFO] [38;5;220m Procesando Full Band (slice 223)[0m
[INFO] [38;5;220m Procesando slice 224 (chunk 000)[0m
[INFO] [38;5;220m Procesando Full Band (slice 224)[0m
[INFO] [38;5;220m Procesando slice 225 (chunk 000)[0m
[INFO] [38;5;220m Procesando Full Band (slice 225)[0m
[INFO] [38;5;220m Procesando slice 226 (chunk 000)[0m
[INFO] [38;5;220m Procesando Full Band (slice 226)[0m
[INFO] [38;5;220m Procesando slice 227 (chunk 000)[0m
[INFO] [38;5;220m Procesando Full Band (slice 227)[0m
[INFO] [38;5;220m Procesando slice 228 (chunk 000)[0m
[INFO] [38;5;220m Procesando Full Band (slice 228)[0m
[INFO] [38;5;220m Procesando slice 229 (chunk 000)[0m
[INFO] [38;5;220m Procesando Full Band (slice 229)[0m
[INFO] [38;5;220m Progreso: slice 230/369 (62.2%) (chunk 000)[0m
[INFO] [38;5;220m Procesando slice 230 (chunk 000)[0m
[INFO] [38;5;220m Procesando Full Band (slice 230)[0m
[INFO] [38;5;220m Procesando slice 231 (chunk 000)[0m
[INFO] [38;5;220m Procesando Full Band (slice 231)[0m
[INFO] [38;5;220m Procesando slice 232 (chunk 000)[0m
[INFO] [38;5;220m Procesando Full Band (slice 232)[0m
[INFO] [38;5;220m Procesando slice 233 (chunk 000)[0m
[INFO] [38;5;220m Procesando Full Band (slice 233)[0m
[INFO] [38;5;220m Procesando slice 234 (chunk 000)[0m
[INFO] [38;5;220m Procesando Full Band (slice 234)[0m
[INFO] [38;5;220m Procesando slice 235 (chunk 000)[0m
[INFO] [38;5;220m Procesando Full Band (slice 235)[0m
[INFO] [38;5;220m Procesando slice 236 (chunk 000)[0m
[INFO] [38;5;220m Procesando Full Band (slice 236)[0m
[INFO] [38;5;220m Procesando slice 237 (chunk 000)[0m
[INFO] [38;5;220m Procesando Full Band (slice 237)[0m
[INFO] [38;5;220m Procesando slice 238 (chunk 000)[0m
[INFO] [38;5;220m Procesando Full Band (slice 238)[0m
[INFO] [38;5;220m Procesando slice 239 (chunk 000)[0m
[INFO] [38;5;220m Procesando Full Band (slice 239)[0m
[INFO] [38;5;220m Progreso: slice 240/369 (64.9%) (chunk 000)[0m
[INFO] [38;5;220m Procesando slice 240 (chunk 000)[0m
[INFO] [38;5;220m Procesando Full Band (slice 240)[0m
[INFO] [38;5;220m Procesando slice 241 (chunk 000)[0m
[INFO] [38;5;220m Procesando Full Band (slice 241)[0m
[INFO] [38;5;220m Procesando slice 242 (chunk 000)[0m
[INFO] [38;5;220m Procesando Full Band (slice 242)[0m
[INFO] [38;5;220m Procesando slice 243 (chunk 000)[0m
[INFO] [38;5;220m Procesando Full Band (slice 243)[0m
[INFO] [38;5;220m Procesando slice 244 (chunk 000)[0m
[INFO] [38;5;220m Procesando Full Band (slice 244)[0m
[INFO] [38;5;220m Procesando slice 245 (chunk 000)[0m
[INFO] [38;5;220m Procesando Full Band (slice 245)[0m
[INFO] [38;5;220m Procesando slice 246 (chunk 000)[0m
[INFO] [38;5;220m Procesando Full Band (slice 246)[0m
[INFO] [38;5;220m Procesando slice 247 (chunk 000)[0m
[INFO] [38;5;220m Procesando Full Band (slice 247)[0m
[INFO] [38;5;220m Procesando slice 248 (chunk 000)[0m
[INFO] [38;5;220m Procesando Full Band (slice 248)[0m
[INFO] [38;5;220m Procesando slice 249 (chunk 000)[0m
[INFO] [38;5;220m Procesando Full Band (slice 249)[0m
[INFO] [38;5;220m Progreso: slice 250/369 (67.6%) (chunk 000)[0m
[INFO] [38;5;220m Procesando slice 250 (chunk 000)[0m
[INFO] [38;5;220m Procesando Full Band (slice 250)[0m
[INFO] [38;5;220m Procesando slice 251 (chunk 000)[0m
[INFO] [38;5;220m Procesando Full Band (slice 251)[0m
[INFO] [38;5;220m Procesando slice 252 (chunk 000)[0m
[INFO] [38;5;220m Procesando Full Band (slice 252)[0m
[INFO] [38;5;220m Procesando slice 253 (chunk 000)[0m
[INFO] [38;5;220m Procesando Full Band (slice 253)[0m
[INFO] [38;5;220m Procesando slice 254 (chunk 000)[0m
[INFO] [38;5;220m Procesando Full Band (slice 254)[0m
[INFO] [38;5;220m Procesando slice 255 (chunk 000)[0m
[INFO] [38;5;220m Procesando Full Band (slice 255)[0m
[INFO] [38;5;220m Procesando slice 256 (chunk 000)[0m
[INFO] [38;5;220m Procesando Full Band (slice 256)[0m
[INFO] [38;5;220m Procesando slice 257 (chunk 000)[0m
[INFO] [38;5;220m Procesando Full Band (slice 257)[0m
[INFO] [38;5;220m Procesando slice 258 (chunk 000)[0m
[INFO] [38;5;220m Procesando Full Band (slice 258)[0m
[INFO] [38;5;220m Procesando slice 259 (chunk 000)[0m
[INFO] [38;5;220m Procesando Full Band (slice 259)[0m
[INFO] [38;5;220m Progreso: slice 260/369 (70.3%) (chunk 000)[0m
[INFO] [38;5;220m Procesando slice 260 (chunk 000)[0m
[INFO] [38;5;220m Procesando Full Band (slice 260)[0m
[INFO] [38;5;220m Procesando slice 261 (chunk 000)[0m
[INFO] [38;5;220m Procesando Full Band (slice 261)[0m
[INFO] [38;5;220m Procesando slice 262 (chunk 000)[0m
[INFO] [38;5;220m Procesando Full Band (slice 262)[0m
[INFO] [38;5;220m Procesando slice 263 (chunk 000)[0m
[INFO] [38;5;220m Procesando Full Band (slice 263)[0m
[INFO] [38;5;220m Procesando slice 264 (chunk 000)[0m
[INFO] [38;5;220m Procesando Full Band (slice 264)[0m
[INFO] [38;5;220m Procesando slice 265 (chunk 000)[0m
[INFO] [38;5;220m Procesando Full Band (slice 265)[0m
[INFO] [38;5;220m Procesando slice 266 (chunk 000)[0m
[INFO] [38;5;220m Procesando Full Band (slice 266)[0m
[INFO] [38;5;220m Procesando slice 267 (chunk 000)[0m
[INFO] [38;5;220m Procesando Full Band (slice 267)[0m
[INFO] [38;5;220m Procesando slice 268 (chunk 000)[0m
[INFO] [38;5;220m Procesando Full Band (slice 268)[0m
[INFO] [38;5;220m Procesando slice 269 (chunk 000)[0m
[INFO] [38;5;220m Procesando Full Band (slice 269)[0m
[INFO] [38;5;220m Progreso: slice 270/369 (73.0%) (chunk 000)[0m
[INFO] [38;5;220m Procesando slice 270 (chunk 000)[0m
[INFO] [38;5;220m Procesando Full Band (slice 270)[0m
[INFO] [38;5;220m Procesando slice 271 (chunk 000)[0m
[INFO] [38;5;220m Procesando Full Band (slice 271)[0m
[INFO] [38;5;220m Procesando slice 272 (chunk 000)[0m
[INFO] [38;5;220m Procesando Full Band (slice 272)[0m
[INFO] [38;5;220m Procesando slice 273 (chunk 000)[0m
[INFO] [38;5;220m Procesando Full Band (slice 273)[0m
[INFO] [38;5;220m Procesando slice 274 (chunk 000)[0m
[INFO] [38;5;220m Procesando Full Band (slice 274)[0m
[INFO] [38;5;220m Procesando slice 275 (chunk 000)[0m
[INFO] [38;5;220m Procesando Full Band (slice 275)[0m
[INFO] [38;5;220m Procesando slice 276 (chunk 000)[0m
[INFO] [38;5;220m Procesando Full Band (slice 276)[0m
[INFO] [38;5;220m Procesando slice 277 (chunk 000)[0m
[INFO] [38;5;220m Procesando Full Band (slice 277)[0m
[INFO] [38;5;220m Procesando slice 278 (chunk 000)[0m
[INFO] [38;5;220m Procesando Full Band (slice 278)[0m
[INFO] [38;5;220m Procesando slice 279 (chunk 000)[0m
[INFO] [38;5;220m Procesando Full Band (slice 279)[0m
[INFO] [38;5;220m Progreso: slice 280/369 (75.7%) (chunk 000)[0m
[INFO] [38;5;220m Procesando slice 280 (chunk 000)[0m
[INFO] [38;5;220m Procesando Full Band (slice 280)[0m
[INFO] [38;5;220m Procesando slice 281 (chunk 000)[0m
[INFO] [38;5;220m Procesando Full Band (slice 281)[0m
[INFO] [38;5;220m Procesando slice 282 (chunk 000)[0m
[INFO] [38;5;220m Procesando Full Band (slice 282)[0m
[INFO] [38;5;220m Procesando slice 283 (chunk 000)[0m
[INFO] [38;5;220m Procesando Full Band (slice 283)[0m
[INFO] [38;5;220m Procesando slice 284 (chunk 000)[0m
[INFO] [38;5;220m Procesando Full Band (slice 284)[0m
[INFO] [38;5;220m Procesando slice 285 (chunk 000)[0m
[INFO] [38;5;220m Procesando Full Band (slice 285)[0m
[INFO] [38;5;220m Procesando slice 286 (chunk 000)[0m
[INFO] [38;5;220m Procesando Full Band (slice 286)[0m
[INFO] [38;5;220m Procesando slice 287 (chunk 000)[0m
[INFO] [38;5;220m Procesando Full Band (slice 287)[0m
[INFO] [38;5;220m Procesando slice 288 (chunk 000)[0m
[INFO] [38;5;220m Procesando Full Band (slice 288)[0m
[INFO] [38;5;220m Procesando slice 289 (chunk 000)[0m
[INFO] [38;5;220m Procesando Full Band (slice 289)[0m
[INFO] [38;5;220m Progreso: slice 290/369 (78.4%) (chunk 000)[0m
[INFO] [38;5;220m Procesando slice 290 (chunk 000)[0m
[INFO] [38;5;220m Procesando Full Band (slice 290)[0m
[INFO] [38;5;220m Procesando slice 291 (chunk 000)[0m
[INFO] [38;5;220m Procesando Full Band (slice 291)[0m
[INFO] [38;5;220m Procesando slice 292 (chunk 000)[0m
[INFO] [38;5;220m Procesando Full Band (slice 292)[0m
[INFO] [38;5;220m Procesando slice 293 (chunk 000)[0m
[INFO] [38;5;220m Procesando Full Band (slice 293)[0m
[INFO] [38;5;220m Procesando slice 294 (chunk 000)[0m
[INFO] [38;5;220m Procesando Full Band (slice 294)[0m
[INFO] [38;5;220m Procesando slice 295 (chunk 000)[0m
[INFO] [38;5;220m Procesando Full Band (slice 295)[0m
[INFO] [38;5;220m Procesando slice 296 (chunk 000)[0m
[INFO] [38;5;220m Procesando Full Band (slice 296)[0m
[INFO] [38;5;220m Procesando slice 297 (chunk 000)[0m
[INFO] [38;5;220m Procesando Full Band (slice 297)[0m
[INFO] [38;5;220m Procesando slice 298 (chunk 000)[0m
[INFO] [38;5;220m Procesando Full Band (slice 298)[0m
[INFO] [38;5;220m Procesando slice 299 (chunk 000)[0m
[INFO] [38;5;220m Procesando Full Band (slice 299)[0m
[INFO] [38;5;220m Progreso: slice 300/369 (81.1%) (chunk 000)[0m
[INFO] [38;5;220m Procesando slice 300 (chunk 000)[0m
[INFO] [38;5;220m Procesando Full Band (slice 300)[0m
[INFO] [38;5;220m Procesando slice 301 (chunk 000)[0m
[INFO] [38;5;220m Procesando Full Band (slice 301)[0m
[INFO] [38;5;220m Procesando slice 302 (chunk 000)[0m
[INFO] [38;5;220m Procesando Full Band (slice 302)[0m
[INFO] [38;5;220m Procesando slice 303 (chunk 000)[0m
[INFO] [38;5;220m Procesando Full Band (slice 303)[0m
[INFO] [38;5;220m Procesando slice 304 (chunk 000)[0m
[INFO] [38;5;220m Procesando Full Band (slice 304)[0m
[INFO] [38;5;220m Procesando slice 305 (chunk 000)[0m
[INFO] [38;5;220m Procesando Full Band (slice 305)[0m
[INFO] [38;5;220m Procesando slice 306 (chunk 000)[0m
