[INFO] Logs guardándose en: /mnt/d/Seba - Dev/DRAFTS-UC/drafts/logging/log/drafts_pipeline_20250729_213054.log
[INFO] [38;5;39mINICIANDO PIPELINE DE DETECCIÓN DE FRB[0m
[INFO] [94mLeyenda de Colores:[0m
[INFO] [38;5;39m Pipeline: Operaciones principales del pipeline[0m
[INFO] [38;5;87m Archivos: Procesamiento de archivos[0m
[INFO] [38;5;220m Procesamiento: Chunks y Slices[0m
[INFO] [38;5;82m Detección: Candidatos detectados[0m
[INFO] [38;5;213m GPU: Operaciones de GPU[0m
[INFO] [93m Advertencia: Problemas no críticos[0m
[INFO] [38;5;196m Error: Fallos críticos[0m
[INFO] [96m Debug: Información detallada (solo en modo DEBUG)[0m
[INFO] 
[INFO] Datos: Data/raw
[INFO] Resultados: Results/ObjectDetection
[INFO] Targets: ['2017-04-03-08-16-13_142_0003_t39.977']
[INFO] Chunking: 2,097,152 muestras/bloque
[INFO] Cargando modelos...
[INFO] Modelos cargados exitosamente
[INFO] Buscando archivos para target: 2017-04-03-08-16-13_142_0003_t39.977
[INFO] Archivos encontrados: ['2017-04-03-08-16-13_142_0003_t39.977.fits']
[INFO] Leyendo parámetros desde: 2017-04-03-08-16-13_142_0003_t39.977.fits
[INFO] Parámetros de observación cargados
[INFO] [38;5;87m Procesando: 2017-04-03-08-16-13_142_0003_t39.977.fits[0m
[INFO] Muestras: 1,638,400
[INFO] Duración: 0.9 min
[INFO] Canales: 32
[INFO] Configuración de slice:
[INFO] Duración objetivo: 300.0 ms
[INFO] SLICE_LEN: 391 muestras
[INFO] Duración real: 300.3 ms
[INFO] [38;5;220m Progreso: slice 000/174 (0.0%) (chunk 000)[0m
[INFO] [38;5;220m Procesando slice 000 (chunk 000)[0m
[INFO] [38;5;220m Procesando Full Band (slice 0)[0m
[INFO] [38;5;220m Procesando slice 001 (chunk 000)[0m
[INFO] [38;5;220m Procesando Full Band (slice 1)[0m
[INFO] [38;5;220m Procesando slice 002 (chunk 000)[0m
[INFO] [38;5;220m Procesando Full Band (slice 2)[0m
[INFO] [38;5;220m Procesando slice 003 (chunk 000)[0m
[INFO] [38;5;220m Procesando Full Band (slice 3)[0m
[INFO] [38;5;220m Procesando slice 004 (chunk 000)[0m
[INFO] [38;5;220m Procesando Full Band (slice 4)[0m
[INFO] [38;5;220m Procesando slice 005 (chunk 000)[0m
[INFO] [38;5;220m Procesando Full Band (slice 5)[0m
[INFO] [38;5;220m Procesando slice 006 (chunk 000)[0m
[INFO] [38;5;220m Procesando Full Band (slice 6)[0m
[INFO] [38;5;82m Full Band: 1 candidatos detectados[0m
[INFO] [38;5;82m Candidato encontrado: DM=627.9 t=1.814s conf=0.15 class=0.06 → NO burst[0m
[INFO] [96m SNR Raw: 0.00σ, SNR Patch: 2.88σ[0m
[INFO] [38;5;82m Slice 006 completado: 1 candidatos (0 bursts, 1 no bursts)[0m
[INFO] [38;5;82m Slice 006 completado: 1 candidatos (0 bursts, 1 no bursts)[0m
[INFO] [38;5;220m Procesando slice 007 (chunk 000)[0m
[INFO] [38;5;220m Procesando Full Band (slice 7)[0m
[INFO] [38;5;220m Procesando slice 008 (chunk 000)[0m
[INFO] [38;5;220m Procesando Full Band (slice 8)[0m
[INFO] [38;5;220m Procesando slice 009 (chunk 000)[0m
[INFO] [38;5;220m Procesando Full Band (slice 9)[0m
[INFO] [38;5;82m Full Band: 1 candidatos detectados[0m
[INFO] [38;5;82m Candidato encontrado: DM=641.9 t=2.846s conf=0.10 class=0.49 → NO burst[0m
[INFO] [96m SNR Raw: 0.00σ, SNR Patch: 3.56σ[0m
[INFO] [38;5;82m Slice 009 completado: 1 candidatos (0 bursts, 1 no bursts)[0m
[INFO] [38;5;82m Slice 009 completado: 1 candidatos (0 bursts, 1 no bursts)[0m
[INFO] [38;5;220m Progreso: slice 010/174 (5.7%) (chunk 000)[0m
[INFO] [38;5;220m Procesando slice 010 (chunk 000)[0m
[INFO] [38;5;220m Procesando Full Band (slice 10)[0m
[INFO] [38;5;220m Procesando slice 011 (chunk 000)[0m
[INFO] [38;5;220m Procesando Full Band (slice 11)[0m
[INFO] [38;5;82m Full Band: 1 candidatos detectados[0m
[INFO] [38;5;82m Candidato encontrado: DM=641.4 t=3.337s conf=0.15 class=0.04 → NO burst[0m
[INFO] [96m SNR Raw: 0.00σ, SNR Patch: 3.19σ[0m
[INFO] [38;5;82m Slice 011 completado: 1 candidatos (0 bursts, 1 no bursts)[0m
[INFO] [38;5;82m Slice 011 completado: 1 candidatos (0 bursts, 1 no bursts)[0m
[INFO] [38;5;220m Procesando slice 012 (chunk 000)[0m
[INFO] [38;5;220m Procesando Full Band (slice 12)[0m
[INFO] [38;5;82m Full Band: 2 candidatos detectados[0m
[INFO] [38;5;82m Candidato encontrado: DM=710.3 t=3.698s conf=0.14 class=0.01 → NO burst[0m
[INFO] [96m SNR Raw: 0.00σ, SNR Patch: 3.43σ[0m
[INFO] [38;5;82m Candidato encontrado: DM=642.7 t=3.608s conf=0.13 class=0.05 → NO burst[0m
[INFO] [96m SNR Raw: 0.00σ, SNR Patch: 3.64σ[0m
[INFO] [38;5;82m Slice 012 completado: 2 candidatos (0 bursts, 2 no bursts)[0m
[INFO] [38;5;82m Slice 012 completado: 2 candidatos (0 bursts, 2 no bursts)[0m
[INFO] [38;5;220m Procesando slice 013 (chunk 000)[0m
[INFO] [38;5;220m Procesando Full Band (slice 13)[0m
[INFO] [38;5;220m Procesando slice 014 (chunk 000)[0m
[INFO] [38;5;220m Procesando Full Band (slice 14)[0m
[INFO] [38;5;220m Procesando slice 015 (chunk 000)[0m
[INFO] [38;5;220m Procesando Full Band (slice 15)[0m
[INFO] [38;5;220m Procesando slice 016 (chunk 000)[0m
[INFO] [38;5;220m Procesando Full Band (slice 16)[0m
[INFO] [38;5;220m Procesando slice 017 (chunk 000)[0m
[INFO] [38;5;220m Procesando Full Band (slice 17)[0m
[INFO] [38;5;220m Procesando slice 018 (chunk 000)[0m
[INFO] [38;5;220m Procesando Full Band (slice 18)[0m
[INFO] [38;5;82m Full Band: 1 candidatos detectados[0m
[INFO] [38;5;82m Candidato encontrado: DM=641.6 t=5.476s conf=0.10 class=0.01 → NO burst[0m
[INFO] [96m SNR Raw: 0.00σ, SNR Patch: 2.63σ[0m
[INFO] [38;5;82m Slice 018 completado: 1 candidatos (0 bursts, 1 no bursts)[0m
[INFO] [38;5;82m Slice 018 completado: 1 candidatos (0 bursts, 1 no bursts)[0m
[INFO] [38;5;220m Procesando slice 019 (chunk 000)[0m
[INFO] [38;5;220m Procesando Full Band (slice 19)[0m
[INFO] [38;5;220m Progreso: slice 020/174 (11.4%) (chunk 000)[0m
[INFO] [38;5;220m Procesando slice 020 (chunk 000)[0m
[INFO] [38;5;220m Procesando Full Band (slice 20)[0m
[INFO] [38;5;82m Full Band: 2 candidatos detectados[0m
[INFO] [38;5;82m Candidato encontrado: DM=641.9 t=6.227s conf=0.15 class=0.12 → NO burst[0m
[INFO] [96m SNR Raw: 0.00σ, SNR Patch: 2.21σ[0m
[INFO] [38;5;82m Candidato encontrado: DM=628.4 t=6.011s conf=0.14 class=0.11 → NO burst[0m
[INFO] [96m SNR Raw: 0.00σ, SNR Patch: 2.31σ[0m
[INFO] [38;5;82m Slice 020 completado: 2 candidatos (0 bursts, 2 no bursts)[0m
[INFO] [38;5;82m Slice 020 completado: 2 candidatos (0 bursts, 2 no bursts)[0m
[INFO] [38;5;220m Procesando slice 021 (chunk 000)[0m
[INFO] [38;5;220m Procesando Full Band (slice 21)[0m
[INFO] [38;5;220m Procesando slice 022 (chunk 000)[0m
[INFO] [38;5;220m Procesando Full Band (slice 22)[0m
[INFO] [38;5;220m Procesando slice 023 (chunk 000)[0m
[INFO] [38;5;220m Procesando Full Band (slice 23)[0m
[INFO] [38;5;220m Procesando slice 024 (chunk 000)[0m
[INFO] [38;5;220m Procesando Full Band (slice 24)[0m
[INFO] [38;5;220m Procesando slice 025 (chunk 000)[0m
[INFO] [38;5;220m Procesando Full Band (slice 25)[0m
[INFO] [38;5;82m Full Band: 1 candidatos detectados[0m
[INFO] [38;5;82m Candidato encontrado: DM=656.2 t=7.529s conf=0.13 class=0.12 → NO burst[0m
[INFO] [96m SNR Raw: 0.00σ, SNR Patch: 3.18σ[0m
[INFO] [38;5;82m Slice 025 completado: 1 candidatos (0 bursts, 1 no bursts)[0m
[INFO] [38;5;82m Slice 025 completado: 1 candidatos (0 bursts, 1 no bursts)[0m
[INFO] [38;5;220m Procesando slice 026 (chunk 000)[0m
[INFO] [38;5;220m Procesando Full Band (slice 26)[0m
[INFO] [38;5;82m Full Band: 1 candidatos detectados[0m
[INFO] [38;5;82m Candidato encontrado: DM=641.5 t=7.998s conf=0.10 class=0.02 → NO burst[0m
[INFO] [96m SNR Raw: 0.00σ, SNR Patch: 3.40σ[0m
[INFO] [38;5;82m Slice 026 completado: 1 candidatos (0 bursts, 1 no bursts)[0m
[INFO] [38;5;82m Slice 026 completado: 1 candidatos (0 bursts, 1 no bursts)[0m
[INFO] [38;5;220m Procesando slice 027 (chunk 000)[0m
[INFO] [38;5;220m Procesando Full Band (slice 27)[0m
[INFO] [38;5;220m Procesando slice 028 (chunk 000)[0m
[INFO] [38;5;220m Procesando Full Band (slice 28)[0m
[INFO] [38;5;220m Procesando slice 029 (chunk 000)[0m
[INFO] [38;5;220m Procesando Full Band (slice 29)[0m
[INFO] [38;5;220m Progreso: slice 030/174 (17.1%) (chunk 000)[0m
[INFO] [38;5;220m Procesando slice 030 (chunk 000)[0m
[INFO] [38;5;220m Procesando Full Band (slice 30)[0m
[INFO] [38;5;220m Procesando slice 031 (chunk 000)[0m
[INFO] [38;5;220m Procesando Full Band (slice 31)[0m
[INFO] [38;5;220m Procesando slice 032 (chunk 000)[0m
[INFO] [38;5;220m Procesando Full Band (slice 32)[0m
[INFO] [38;5;220m Procesando slice 033 (chunk 000)[0m
[INFO] [38;5;220m Procesando Full Band (slice 33)[0m
[INFO] [38;5;82m Full Band: 1 candidatos detectados[0m
[INFO] [38;5;82m Candidato encontrado: DM=628.2 t=9.924s conf=0.11 class=0.11 → NO burst[0m
[INFO] [96m SNR Raw: 0.00σ, SNR Patch: 3.02σ[0m
[INFO] [38;5;82m Slice 033 completado: 1 candidatos (0 bursts, 1 no bursts)[0m
[INFO] [38;5;82m Slice 033 completado: 1 candidatos (0 bursts, 1 no bursts)[0m
[INFO] [38;5;220m Procesando slice 034 (chunk 000)[0m
[INFO] [38;5;220m Procesando Full Band (slice 34)[0m
[INFO] [38;5;82m Full Band: 1 candidatos detectados[0m
[INFO] [38;5;82m Candidato encontrado: DM=1166.4 t=10.231s conf=0.11 class=0.09 → NO burst[0m
[INFO] [96m SNR Raw: 0.00σ, SNR Patch: 3.96σ[0m
[INFO] [38;5;82m Slice 034 completado: 1 candidatos (0 bursts, 1 no bursts)[0m
[INFO] [38;5;82m Slice 034 completado: 1 candidatos (0 bursts, 1 no bursts)[0m
[INFO] [38;5;220m Procesando slice 035 (chunk 000)[0m
[INFO] [38;5;220m Procesando Full Band (slice 35)[0m
[INFO] [38;5;82m Full Band: 1 candidatos detectados[0m
[INFO] [38;5;82m Candidato encontrado: DM=655.9 t=10.542s conf=0.15 class=0.06 → NO burst[0m
[INFO] [96m SNR Raw: 0.00σ, SNR Patch: 2.82σ[0m
[INFO] [38;5;82m Slice 035 completado: 1 candidatos (0 bursts, 1 no bursts)[0m
[INFO] [38;5;82m Slice 035 completado: 1 candidatos (0 bursts, 1 no bursts)[0m
[INFO] [38;5;220m Procesando slice 036 (chunk 000)[0m
[INFO] [38;5;220m Procesando Full Band (slice 36)[0m
[INFO] [38;5;220m Procesando slice 037 (chunk 000)[0m
[INFO] [38;5;220m Procesando Full Band (slice 37)[0m
[INFO] [38;5;82m Full Band: 2 candidatos detectados[0m
[INFO] [38;5;82m Candidato encontrado: DM=642.9 t=11.115s conf=0.11 class=0.07 → NO burst[0m
[INFO] [96m SNR Raw: 0.00σ, SNR Patch: 2.92σ[0m
[INFO] [38;5;82m Candidato encontrado: DM=627.7 t=11.257s conf=0.10 class=0.06 → NO burst[0m
[INFO] [96m SNR Raw: 0.00σ, SNR Patch: 2.83σ[0m
[INFO] [38;5;82m Slice 037 completado: 2 candidatos (0 bursts, 2 no bursts)[0m
[INFO] [38;5;82m Slice 037 completado: 2 candidatos (0 bursts, 2 no bursts)[0m
[INFO] [38;5;220m Procesando slice 038 (chunk 000)[0m
[INFO] [38;5;220m Procesando Full Band (slice 38)[0m
[INFO] [38;5;220m Procesando slice 039 (chunk 000)[0m
[INFO] [38;5;220m Procesando Full Band (slice 39)[0m
[INFO] [38;5;220m Progreso: slice 040/174 (22.9%) (chunk 000)[0m
[INFO] [38;5;220m Procesando slice 040 (chunk 000)[0m
[INFO] [38;5;220m Procesando Full Band (slice 40)[0m
[INFO] [38;5;220m Procesando slice 041 (chunk 000)[0m
[INFO] [38;5;220m Procesando Full Band (slice 41)[0m
[INFO] [38;5;220m Procesando slice 042 (chunk 000)[0m
[INFO] [38;5;220m Procesando Full Band (slice 42)[0m
[INFO] [38;5;82m Full Band: 1 candidatos detectados[0m
[INFO] [38;5;82m Candidato encontrado: DM=696.9 t=12.789s conf=0.14 class=0.12 → NO burst[0m
[INFO] [96m SNR Raw: 0.00σ, SNR Patch: 3.96σ[0m
[INFO] [38;5;82m Slice 042 completado: 1 candidatos (0 bursts, 1 no bursts)[0m
[INFO] [38;5;82m Slice 042 completado: 1 candidatos (0 bursts, 1 no bursts)[0m
[INFO] [38;5;220m Procesando slice 043 (chunk 000)[0m
[INFO] [38;5;220m Procesando Full Band (slice 43)[0m
[INFO] [38;5;220m Procesando slice 044 (chunk 000)[0m
[INFO] [38;5;220m Procesando Full Band (slice 44)[0m
[INFO] [38;5;220m Procesando slice 045 (chunk 000)[0m
[INFO] [38;5;220m Procesando Full Band (slice 45)[0m
[INFO] [38;5;220m Procesando slice 046 (chunk 000)[0m
[INFO] [38;5;220m Procesando Full Band (slice 46)[0m
[INFO] [38;5;220m Procesando slice 047 (chunk 000)[0m
[INFO] [38;5;220m Procesando Full Band (slice 47)[0m
[INFO] [38;5;220m Procesando slice 048 (chunk 000)[0m
[INFO] [38;5;220m Procesando Full Band (slice 48)[0m
[INFO] [38;5;220m Procesando slice 049 (chunk 000)[0m
[INFO] [38;5;220m Procesando Full Band (slice 49)[0m
[INFO] [38;5;82m Full Band: 1 candidatos detectados[0m
[INFO] [38;5;82m Candidato encontrado: DM=627.7 t=14.822s conf=0.11 class=0.17 → NO burst[0m
[INFO] [96m SNR Raw: 0.00σ, SNR Patch: 2.81σ[0m
[INFO] [38;5;82m Slice 049 completado: 1 candidatos (0 bursts, 1 no bursts)[0m
[INFO] [38;5;82m Slice 049 completado: 1 candidatos (0 bursts, 1 no bursts)[0m
[INFO] [38;5;220m Progreso: slice 050/174 (28.6%) (chunk 000)[0m
[INFO] [38;5;220m Procesando slice 050 (chunk 000)[0m
[INFO] [38;5;220m Procesando Full Band (slice 50)[0m
[INFO] [38;5;82m Full Band: 1 candidatos detectados[0m
[INFO] [38;5;82m Candidato encontrado: DM=627.9 t=15.125s conf=0.11 class=0.04 → NO burst[0m
[INFO] [96m SNR Raw: 0.00σ, SNR Patch: 2.61σ[0m
[INFO] [38;5;82m Slice 050 completado: 1 candidatos (0 bursts, 1 no bursts)[0m
[INFO] [38;5;82m Slice 050 completado: 1 candidatos (0 bursts, 1 no bursts)[0m
[INFO] [38;5;220m Procesando slice 051 (chunk 000)[0m
[INFO] [38;5;220m Procesando Full Band (slice 51)[0m
[INFO] [38;5;220m Procesando slice 052 (chunk 000)[0m
[INFO] [38;5;220m Procesando Full Band (slice 52)[0m
[INFO] [38;5;82m Full Band: 2 candidatos detectados[0m
[INFO] [38;5;82m Candidato encontrado: DM=642.0 t=15.641s conf=0.12 class=0.02 → NO burst[0m
[INFO] [96m SNR Raw: 0.00σ, SNR Patch: 3.25σ[0m
[INFO] [38;5;82m Candidato encontrado: DM=627.6 t=15.674s conf=0.11 class=0.04 → NO burst[0m
[INFO] [96m SNR Raw: 0.00σ, SNR Patch: 3.26σ[0m
[INFO] [38;5;82m Slice 052 completado: 2 candidatos (0 bursts, 2 no bursts)[0m
[INFO] [38;5;82m Slice 052 completado: 2 candidatos (0 bursts, 2 no bursts)[0m
[INFO] [38;5;220m Procesando slice 053 (chunk 000)[0m
[INFO] [38;5;220m Procesando Full Band (slice 53)[0m
[INFO] [38;5;82m Full Band: 1 candidatos detectados[0m
[INFO] [38;5;82m Candidato encontrado: DM=655.5 t=15.930s conf=0.10 class=0.09 → NO burst[0m
[INFO] [96m SNR Raw: 0.00σ, SNR Patch: 2.90σ[0m
[INFO] [38;5;82m Slice 053 completado: 1 candidatos (0 bursts, 1 no bursts)[0m
[INFO] [38;5;82m Slice 053 completado: 1 candidatos (0 bursts, 1 no bursts)[0m
[INFO] [38;5;220m Procesando slice 054 (chunk 000)[0m
[INFO] [38;5;220m Procesando Full Band (slice 54)[0m
[INFO] [38;5;220m Procesando slice 055 (chunk 000)[0m
[INFO] [38;5;220m Procesando Full Band (slice 55)[0m
[INFO] [38;5;220m Procesando slice 056 (chunk 000)[0m
[INFO] [38;5;220m Procesando Full Band (slice 56)[0m
[INFO] [38;5;220m Procesando slice 057 (chunk 000)[0m
[INFO] [38;5;220m Procesando Full Band (slice 57)[0m
[INFO] [38;5;220m Procesando slice 058 (chunk 000)[0m
[INFO] [38;5;220m Procesando Full Band (slice 58)[0m
[INFO] [38;5;82m Full Band: 1 candidatos detectados[0m
[INFO] [38;5;82m Candidato encontrado: DM=642.5 t=17.424s conf=0.19 class=0.04 → NO burst[0m
[INFO] [96m SNR Raw: 0.00σ, SNR Patch: 2.90σ[0m
[INFO] [38;5;82m Slice 058 completado: 1 candidatos (0 bursts, 1 no bursts)[0m
[INFO] [38;5;82m Slice 058 completado: 1 candidatos (0 bursts, 1 no bursts)[0m
[INFO] [38;5;220m Procesando slice 059 (chunk 000)[0m
[INFO] [38;5;220m Procesando Full Band (slice 59)[0m
[INFO] [38;5;220m Progreso: slice 060/174 (34.3%) (chunk 000)[0m
[INFO] [38;5;220m Procesando slice 060 (chunk 000)[0m
[INFO] [38;5;220m Procesando Full Band (slice 60)[0m
[INFO] [38;5;220m Procesando slice 061 (chunk 000)[0m
[INFO] [38;5;220m Procesando Full Band (slice 61)[0m
[INFO] [38;5;220m Procesando slice 062 (chunk 000)[0m
[INFO] [38;5;220m Procesando Full Band (slice 62)[0m
[INFO] [38;5;82m Full Band: 1 candidatos detectados[0m
[INFO] [38;5;82m Candidato encontrado: DM=670.4 t=18.626s conf=0.11 class=0.02 → NO burst[0m
[INFO] [96m SNR Raw: 0.00σ, SNR Patch: 3.54σ[0m
[INFO] [38;5;82m Slice 062 completado: 1 candidatos (0 bursts, 1 no bursts)[0m
[INFO] [38;5;82m Slice 062 completado: 1 candidatos (0 bursts, 1 no bursts)[0m
[INFO] [38;5;220m Procesando slice 063 (chunk 000)[0m
[INFO] [38;5;220m Procesando Full Band (slice 63)[0m
[INFO] [38;5;220m Procesando slice 064 (chunk 000)[0m
[INFO] [38;5;220m Procesando Full Band (slice 64)[0m
[INFO] [38;5;220m Procesando slice 065 (chunk 000)[0m
[INFO] [38;5;220m Procesando Full Band (slice 65)[0m
[INFO] [38;5;220m Procesando slice 066 (chunk 000)[0m
[INFO] [38;5;220m Procesando Full Band (slice 66)[0m
[INFO] [38;5;220m Procesando slice 067 (chunk 000)[0m
[INFO] [38;5;220m Procesando Full Band (slice 67)[0m
[INFO] [38;5;220m Procesando slice 068 (chunk 000)[0m
[INFO] [38;5;220m Procesando Full Band (slice 68)[0m
[INFO] [38;5;220m Procesando slice 069 (chunk 000)[0m
[INFO] [38;5;220m Procesando Full Band (slice 69)[0m
[INFO] [38;5;220m Progreso: slice 070/174 (40.0%) (chunk 000)[0m
[INFO] [38;5;220m Procesando slice 070 (chunk 000)[0m
[INFO] [38;5;220m Procesando Full Band (slice 70)[0m
[INFO] [38;5;82m Full Band: 1 candidatos detectados[0m
[INFO] [38;5;82m Candidato encontrado: DM=697.3 t=21.035s conf=0.13 class=0.08 → NO burst[0m
[INFO] [96m SNR Raw: 0.00σ, SNR Patch: 3.14σ[0m
[INFO] [38;5;82m Slice 070 completado: 1 candidatos (0 bursts, 1 no bursts)[0m
[INFO] [38;5;82m Slice 070 completado: 1 candidatos (0 bursts, 1 no bursts)[0m
[INFO] [38;5;220m Procesando slice 071 (chunk 000)[0m
[INFO] [38;5;220m Procesando Full Band (slice 71)[0m
[INFO] [38;5;82m Full Band: 1 candidatos detectados[0m
[INFO] [38;5;82m Candidato encontrado: DM=696.4 t=21.375s conf=0.13 class=0.65 → BURST[0m
[INFO] [96m SNR Raw: 0.00σ, SNR Patch: 4.41σ[0m
[INFO] [38;5;82m Slice 071 completado: 1 candidatos (1 bursts, 0 no bursts)[0m
[INFO] [38;5;82m Slice 071 completado: 1 candidatos (1 bursts, 0 no bursts)[0m
[INFO] [38;5;220m Procesando slice 072 (chunk 000)[0m
[INFO] [38;5;220m Procesando Full Band (slice 72)[0m
[INFO] [38;5;220m Procesando slice 073 (chunk 000)[0m
[INFO] [38;5;220m Procesando Full Band (slice 73)[0m
[INFO] [38;5;220m Procesando slice 074 (chunk 000)[0m
[INFO] [38;5;220m Procesando Full Band (slice 74)[0m
[INFO] [38;5;220m Procesando slice 075 (chunk 000)[0m
[INFO] [38;5;220m Procesando Full Band (slice 75)[0m
[INFO] [38;5;220m Procesando slice 076 (chunk 000)[0m
[INFO] [38;5;220m Procesando Full Band (slice 76)[0m
[INFO] [38;5;82m Full Band: 1 candidatos detectados[0m
[INFO] [38;5;82m Candidato encontrado: DM=641.5 t=22.975s conf=0.11 class=0.04 → NO burst[0m
[INFO] [96m SNR Raw: 0.00σ, SNR Patch: 3.03σ[0m
[INFO] [38;5;82m Slice 076 completado: 1 candidatos (0 bursts, 1 no bursts)[0m
[INFO] [38;5;82m Slice 076 completado: 1 candidatos (0 bursts, 1 no bursts)[0m
[INFO] [38;5;220m Procesando slice 077 (chunk 000)[0m
[INFO] [38;5;220m Procesando Full Band (slice 77)[0m
[INFO] [38;5;82m Full Band: 1 candidatos detectados[0m
[INFO] [38;5;82m Candidato encontrado: DM=655.9 t=23.322s conf=0.11 class=0.07 → NO burst[0m
[INFO] [96m SNR Raw: 0.00σ, SNR Patch: 3.50σ[0m
[INFO] [38;5;82m Slice 077 completado: 1 candidatos (0 bursts, 1 no bursts)[0m
[INFO] [38;5;82m Slice 077 completado: 1 candidatos (0 bursts, 1 no bursts)[0m
[INFO] [38;5;220m Procesando slice 078 (chunk 000)[0m
[INFO] [38;5;220m Procesando Full Band (slice 78)[0m
[INFO] [38;5;220m Procesando slice 079 (chunk 000)[0m
[INFO] [38;5;220m Procesando Full Band (slice 79)[0m
[INFO] [38;5;82m Full Band: 1 candidatos detectados[0m
[INFO] [38;5;82m Candidato encontrado: DM=1153.1 t=23.744s conf=0.11 class=0.04 → NO burst[0m
[INFO] [96m SNR Raw: 0.00σ, SNR Patch: 2.45σ[0m
[INFO] [38;5;82m Slice 079 completado: 1 candidatos (0 bursts, 1 no bursts)[0m
[INFO] [38;5;82m Slice 079 completado: 1 candidatos (0 bursts, 1 no bursts)[0m
[INFO] [38;5;220m Progreso: slice 080/174 (45.7%) (chunk 000)[0m
[INFO] [38;5;220m Procesando slice 080 (chunk 000)[0m
[INFO] [38;5;220m Procesando Full Band (slice 80)[0m
[INFO] [38;5;82m Full Band: 1 candidatos detectados[0m
[INFO] [38;5;82m Candidato encontrado: DM=697.2 t=24.054s conf=0.10 class=0.05 → NO burst[0m
[INFO] [96m SNR Raw: 0.00σ, SNR Patch: 3.42σ[0m
[INFO] [38;5;82m Slice 080 completado: 1 candidatos (0 bursts, 1 no bursts)[0m
[INFO] [38;5;82m Slice 080 completado: 1 candidatos (0 bursts, 1 no bursts)[0m
[INFO] [38;5;220m Procesando slice 081 (chunk 000)[0m
[INFO] [38;5;220m Procesando Full Band (slice 81)[0m
[INFO] [38;5;82m Full Band: 1 candidatos detectados[0m
[INFO] [38;5;82m Candidato encontrado: DM=613.4 t=24.458s conf=0.12 class=0.02 → NO burst[0m
[INFO] [96m SNR Raw: 0.00σ, SNR Patch: 3.63σ[0m
[INFO] [38;5;82m Slice 081 completado: 1 candidatos (0 bursts, 1 no bursts)[0m
[INFO] [38;5;82m Slice 081 completado: 1 candidatos (0 bursts, 1 no bursts)[0m
[INFO] [38;5;220m Procesando slice 082 (chunk 000)[0m
[INFO] [38;5;220m Procesando Full Band (slice 82)[0m
[INFO] [38;5;220m Procesando slice 083 (chunk 000)[0m
[INFO] [38;5;220m Procesando Full Band (slice 83)[0m
[INFO] [38;5;82m Full Band: 1 candidatos detectados[0m
[INFO] [38;5;82m Candidato encontrado: DM=696.6 t=24.950s conf=0.14 class=0.08 → NO burst[0m
[INFO] [96m SNR Raw: 0.00σ, SNR Patch: 3.10σ[0m
[INFO] [38;5;82m Slice 083 completado: 1 candidatos (0 bursts, 1 no bursts)[0m
[INFO] [38;5;82m Slice 083 completado: 1 candidatos (0 bursts, 1 no bursts)[0m
[INFO] [38;5;220m Procesando slice 084 (chunk 000)[0m
[INFO] [38;5;220m Procesando Full Band (slice 84)[0m
[INFO] [38;5;82m Full Band: 1 candidatos detectados[0m
[INFO] [38;5;82m Candidato encontrado: DM=627.8 t=25.319s conf=0.10 class=0.03 → NO burst[0m
[INFO] [96m SNR Raw: 0.00σ, SNR Patch: 3.06σ[0m
[INFO] [38;5;82m Slice 084 completado: 1 candidatos (0 bursts, 1 no bursts)[0m
[INFO] [38;5;82m Slice 084 completado: 1 candidatos (0 bursts, 1 no bursts)[0m
[INFO] [38;5;220m Procesando slice 085 (chunk 000)[0m
[INFO] [38;5;220m Procesando Full Band (slice 85)[0m
[INFO] [38;5;82m Full Band: 1 candidatos detectados[0m
[INFO] [38;5;82m Candidato encontrado: DM=710.3 t=25.601s conf=0.15 class=0.19 → NO burst[0m
[INFO] [96m SNR Raw: 0.00σ, SNR Patch: 3.07σ[0m
[INFO] [38;5;82m Slice 085 completado: 1 candidatos (0 bursts, 1 no bursts)[0m
[INFO] [38;5;82m Slice 085 completado: 1 candidatos (0 bursts, 1 no bursts)[0m
[INFO] [38;5;220m Procesando slice 086 (chunk 000)[0m
[INFO] [38;5;220m Procesando Full Band (slice 86)[0m
[INFO] [38;5;220m Procesando slice 087 (chunk 000)[0m
[INFO] [38;5;220m Procesando Full Band (slice 87)[0m
[INFO] [38;5;82m Full Band: 1 candidatos detectados[0m
[INFO] [38;5;82m Candidato encontrado: DM=641.8 t=26.189s conf=0.14 class=0.01 → NO burst[0m
[INFO] [96m SNR Raw: 0.00σ, SNR Patch: 2.81σ[0m
[INFO] [38;5;82m Slice 087 completado: 1 candidatos (0 bursts, 1 no bursts)[0m
[INFO] [38;5;82m Slice 087 completado: 1 candidatos (0 bursts, 1 no bursts)[0m
[INFO] [38;5;220m Procesando slice 088 (chunk 000)[0m
[INFO] [38;5;220m Procesando Full Band (slice 88)[0m
[INFO] [38;5;220m Procesando slice 089 (chunk 000)[0m
[INFO] [38;5;220m Procesando Full Band (slice 89)[0m
[INFO] [38;5;220m Progreso: slice 090/174 (51.4%) (chunk 000)[0m
[INFO] [38;5;220m Procesando slice 090 (chunk 000)[0m
[INFO] [38;5;220m Procesando Full Band (slice 90)[0m
[INFO] [38;5;220m Procesando slice 091 (chunk 000)[0m
[INFO] [38;5;220m Procesando Full Band (slice 91)[0m
[INFO] [38;5;220m Procesando slice 092 (chunk 000)[0m
[INFO] [38;5;220m Procesando Full Band (slice 92)[0m
[INFO] [38;5;220m Procesando slice 093 (chunk 000)[0m
[INFO] [38;5;220m Procesando Full Band (slice 93)[0m
[INFO] [38;5;220m Procesando slice 094 (chunk 000)[0m
[INFO] [38;5;220m Procesando Full Band (slice 94)[0m
[INFO] [38;5;220m Procesando slice 095 (chunk 000)[0m
[INFO] [38;5;220m Procesando Full Band (slice 95)[0m
[INFO] [38;5;220m Procesando slice 096 (chunk 000)[0m
[INFO] [38;5;220m Procesando Full Band (slice 96)[0m
[INFO] [38;5;220m Procesando slice 097 (chunk 000)[0m
[INFO] [38;5;220m Procesando Full Band (slice 97)[0m
[INFO] [38;5;220m Procesando slice 098 (chunk 000)[0m
[INFO] [38;5;220m Procesando Full Band (slice 98)[0m
[INFO] [38;5;220m Procesando slice 099 (chunk 000)[0m
[INFO] [38;5;220m Procesando Full Band (slice 99)[0m
[INFO] [38;5;82m Full Band: 1 candidatos detectados[0m
[INFO] [38;5;82m Candidato encontrado: DM=670.0 t=29.806s conf=0.11 class=0.05 → NO burst[0m
[INFO] [96m SNR Raw: 0.00σ, SNR Patch: 3.81σ[0m
[INFO] [38;5;82m Slice 099 completado: 1 candidatos (0 bursts, 1 no bursts)[0m
[INFO] [38;5;82m Slice 099 completado: 1 candidatos (0 bursts, 1 no bursts)[0m
[INFO] [38;5;220m Progreso: slice 100/174 (57.1%) (chunk 000)[0m
[INFO] [38;5;220m Procesando slice 100 (chunk 000)[0m
[INFO] [38;5;220m Procesando Full Band (slice 100)[0m
[INFO] [38;5;220m Procesando slice 101 (chunk 000)[0m
[INFO] [38;5;220m Procesando Full Band (slice 101)[0m
[INFO] [38;5;220m Procesando slice 102 (chunk 000)[0m
[INFO] [38;5;220m Procesando Full Band (slice 102)[0m
[INFO] [38;5;82m Full Band: 1 candidatos detectados[0m
[INFO] [38;5;82m Candidato encontrado: DM=615.0 t=30.637s conf=0.11 class=0.03 → NO burst[0m
[INFO] [96m SNR Raw: 0.00σ, SNR Patch: 3.08σ[0m
[INFO] [38;5;82m Slice 102 completado: 1 candidatos (0 bursts, 1 no bursts)[0m
[INFO] [38;5;82m Slice 102 completado: 1 candidatos (0 bursts, 1 no bursts)[0m
[INFO] [38;5;220m Procesando slice 103 (chunk 000)[0m
[INFO] [38;5;220m Procesando Full Band (slice 103)[0m
[INFO] [38;5;82m Full Band: 1 candidatos detectados[0m
[INFO] [38;5;82m Candidato encontrado: DM=641.9 t=30.980s conf=0.10 class=0.12 → NO burst[0m
[INFO] [96m SNR Raw: 0.00σ, SNR Patch: 3.07σ[0m
[INFO] [38;5;82m Slice 103 completado: 1 candidatos (0 bursts, 1 no bursts)[0m
[INFO] [38;5;82m Slice 103 completado: 1 candidatos (0 bursts, 1 no bursts)[0m
[INFO] [38;5;220m Procesando slice 104 (chunk 000)[0m
[INFO] [38;5;220m Procesando Full Band (slice 104)[0m
[INFO] [38;5;220m Procesando slice 105 (chunk 000)[0m
[INFO] [38;5;220m Procesando Full Band (slice 105)[0m
[INFO] [38;5;220m Procesando slice 106 (chunk 000)[0m
[INFO] [38;5;220m Procesando Full Band (slice 106)[0m
[INFO] [38;5;220m Procesando slice 107 (chunk 000)[0m
[INFO] [38;5;220m Procesando Full Band (slice 107)[0m
[INFO] [38;5;220m Procesando slice 108 (chunk 000)[0m
[INFO] [38;5;220m Procesando Full Band (slice 108)[0m
[INFO] [38;5;82m Full Band: 1 candidatos detectados[0m
[INFO] [38;5;82m Candidato encontrado: DM=627.9 t=32.549s conf=0.11 class=0.09 → NO burst[0m
[INFO] [96m SNR Raw: 0.00σ, SNR Patch: 2.98σ[0m
[INFO] [38;5;82m Slice 108 completado: 1 candidatos (0 bursts, 1 no bursts)[0m
[INFO] [38;5;82m Slice 108 completado: 1 candidatos (0 bursts, 1 no bursts)[0m
[INFO] [38;5;220m Procesando slice 109 (chunk 000)[0m
[INFO] [38;5;220m Procesando Full Band (slice 109)[0m
[INFO] [38;5;220m Progreso: slice 110/174 (62.9%) (chunk 000)[0m
[INFO] [38;5;220m Procesando slice 110 (chunk 000)[0m
[INFO] [38;5;220m Procesando Full Band (slice 110)[0m
[INFO] [38;5;220m Procesando slice 111 (chunk 000)[0m
[INFO] [38;5;220m Procesando Full Band (slice 111)[0m
[INFO] [38;5;220m Procesando slice 112 (chunk 000)[0m
[INFO] [38;5;220m Procesando Full Band (slice 112)[0m
[INFO] [38;5;220m Procesando slice 113 (chunk 000)[0m
[INFO] [38;5;220m Procesando Full Band (slice 113)[0m
[INFO] [38;5;220m Procesando slice 114 (chunk 000)[0m
[INFO] [38;5;220m Procesando Full Band (slice 114)[0m
[INFO] [38;5;220m Procesando slice 115 (chunk 000)[0m
[INFO] [38;5;220m Procesando Full Band (slice 115)[0m
[INFO] [38;5;82m Full Band: 1 candidatos detectados[0m
[INFO] [38;5;82m Candidato encontrado: DM=641.8 t=34.604s conf=0.13 class=0.11 → NO burst[0m
[INFO] [96m SNR Raw: 0.00σ, SNR Patch: 3.78σ[0m
[INFO] [38;5;82m Slice 115 completado: 1 candidatos (0 bursts, 1 no bursts)[0m
[INFO] [38;5;82m Slice 115 completado: 1 candidatos (0 bursts, 1 no bursts)[0m
[INFO] [38;5;220m Procesando slice 116 (chunk 000)[0m
[INFO] [38;5;220m Procesando Full Band (slice 116)[0m
[INFO] [38;5;220m Procesando slice 117 (chunk 000)[0m
[INFO] [38;5;220m Procesando Full Band (slice 117)[0m
[INFO] [38;5;220m Procesando slice 118 (chunk 000)[0m
[INFO] [38;5;220m Procesando Full Band (slice 118)[0m
[INFO] [38;5;220m Procesando slice 119 (chunk 000)[0m
[INFO] [38;5;220m Procesando Full Band (slice 119)[0m
[INFO] [38;5;220m Progreso: slice 120/174 (68.6%) (chunk 000)[0m
[INFO] [38;5;220m Procesando slice 120 (chunk 000)[0m
[INFO] [38;5;220m Procesando Full Band (slice 120)[0m
[INFO] [38;5;82m Full Band: 1 candidatos detectados[0m
[INFO] [38;5;82m Candidato encontrado: DM=697.0 t=36.124s conf=0.12 class=1.00 → BURST[0m
[INFO] [96m SNR Raw: 0.00σ, SNR Patch: 5.12σ[0m
[INFO] [38;5;82m Slice 120 completado: 1 candidatos (1 bursts, 0 no bursts)[0m
[INFO] [38;5;82m Slice 120 completado: 1 candidatos (1 bursts, 0 no bursts)[0m
[INFO] [38;5;220m Procesando slice 121 (chunk 000)[0m
[INFO] [38;5;220m Procesando Full Band (slice 121)[0m
[INFO] [38;5;220m Procesando slice 122 (chunk 000)[0m
[INFO] [38;5;220m Procesando Full Band (slice 122)[0m
[INFO] [38;5;220m Procesando slice 123 (chunk 000)[0m
[INFO] [38;5;220m Procesando Full Band (slice 123)[0m
[INFO] [38;5;220m Procesando slice 124 (chunk 000)[0m
[INFO] [38;5;220m Procesando Full Band (slice 124)[0m
[INFO] [38;5;82m Full Band: 1 candidatos detectados[0m
[INFO] [38;5;82m Candidato encontrado: DM=696.6 t=37.476s conf=0.15 class=0.06 → NO burst[0m
[INFO] [96m SNR Raw: 0.00σ, SNR Patch: 2.75σ[0m
[INFO] [38;5;82m Slice 124 completado: 1 candidatos (0 bursts, 1 no bursts)[0m
[INFO] [38;5;82m Slice 124 completado: 1 candidatos (0 bursts, 1 no bursts)[0m
[INFO] [38;5;220m Procesando slice 125 (chunk 000)[0m
[INFO] [38;5;220m Procesando Full Band (slice 125)[0m
[INFO] [38;5;220m Procesando slice 126 (chunk 000)[0m
[INFO] [38;5;220m Procesando Full Band (slice 126)[0m
[INFO] [38;5;82m Full Band: 1 candidatos detectados[0m
[INFO] [38;5;82m Candidato encontrado: DM=696.8 t=37.898s conf=0.16 class=0.06 → NO burst[0m
[INFO] [96m SNR Raw: 0.00σ, SNR Patch: 2.94σ[0m
[INFO] [38;5;82m Slice 126 completado: 1 candidatos (0 bursts, 1 no bursts)[0m
[INFO] [38;5;82m Slice 126 completado: 1 candidatos (0 bursts, 1 no bursts)[0m
[INFO] [38;5;220m Procesando slice 127 (chunk 000)[0m
[INFO] [38;5;220m Procesando Full Band (slice 127)[0m
[INFO] [38;5;82m Full Band: 1 candidatos detectados[0m
[INFO] [38;5;82m Candidato encontrado: DM=628.5 t=38.428s conf=0.10 class=0.02 → NO burst[0m
[INFO] [96m SNR Raw: 0.00σ, SNR Patch: 3.13σ[0m
[INFO] [38;5;82m Slice 127 completado: 1 candidatos (0 bursts, 1 no bursts)[0m
[INFO] [38;5;82m Slice 127 completado: 1 candidatos (0 bursts, 1 no bursts)[0m
[INFO] [38;5;220m Procesando slice 128 (chunk 000)[0m
[INFO] [38;5;220m Procesando Full Band (slice 128)[0m
[INFO] [38;5;220m Procesando slice 129 (chunk 000)[0m
[INFO] [38;5;220m Procesando Full Band (slice 129)[0m
[INFO] [38;5;220m Progreso: slice 130/174 (74.3%) (chunk 000)[0m
[INFO] [38;5;220m Procesando slice 130 (chunk 000)[0m
[INFO] [38;5;220m Procesando Full Band (slice 130)[0m
[INFO] [38;5;220m Procesando slice 131 (chunk 000)[0m
[INFO] [38;5;220m Procesando Full Band (slice 131)[0m
[INFO] [38;5;82m Full Band: 2 candidatos detectados[0m
[INFO] [38;5;82m Candidato encontrado: DM=628.0 t=39.415s conf=0.13 class=0.10 → NO burst[0m
[INFO] [96m SNR Raw: 0.00σ, SNR Patch: 2.80σ[0m
[INFO] [38;5;82m Candidato encontrado: DM=628.2 t=39.484s conf=0.12 class=0.45 → NO burst[0m
[INFO] [96m SNR Raw: 0.00σ, SNR Patch: 2.70σ[0m
[INFO] [38;5;82m Slice 131 completado: 2 candidatos (0 bursts, 2 no bursts)[0m
[INFO] [38;5;82m Slice 131 completado: 2 candidatos (0 bursts, 2 no bursts)[0m
[INFO] [38;5;220m Procesando slice 132 (chunk 000)[0m
[INFO] [38;5;220m Procesando Full Band (slice 132)[0m
[INFO] [38;5;82m Full Band: 2 candidatos detectados[0m
[INFO] [38;5;82m Candidato encontrado: DM=710.5 t=39.880s conf=0.16 class=1.00 → BURST[0m
[INFO] [96m SNR Raw: 0.00σ, SNR Patch: 5.59σ[0m
[INFO] [38;5;82m Candidato encontrado: DM=629.3 t=39.643s conf=0.14 class=0.12 → NO burst[0m
[INFO] [96m SNR Raw: 0.00σ, SNR Patch: 2.85σ[0m
[INFO] [38;5;82m Slice 132 completado: 2 candidatos (1 bursts, 1 no bursts)[0m
[INFO] [38;5;82m Slice 132 completado: 2 candidatos (1 bursts, 1 no bursts)[0m
[INFO] [38;5;220m Procesando slice 133 (chunk 000)[0m
[INFO] [38;5;220m Procesando Full Band (slice 133)[0m
[INFO] [38;5;220m Procesando slice 134 (chunk 000)[0m
[INFO] [38;5;220m Procesando Full Band (slice 134)[0m
[INFO] [38;5;82m Full Band: 1 candidatos detectados[0m
[INFO] [38;5;82m Candidato encontrado: DM=627.8 t=40.406s conf=0.15 class=0.02 → NO burst[0m
[INFO] [96m SNR Raw: 0.00σ, SNR Patch: 3.26σ[0m
[INFO] [38;5;82m Slice 134 completado: 1 candidatos (0 bursts, 1 no bursts)[0m
[INFO] [38;5;82m Slice 134 completado: 1 candidatos (0 bursts, 1 no bursts)[0m
[INFO] [38;5;220m Procesando slice 135 (chunk 000)[0m
[INFO] [38;5;220m Procesando Full Band (slice 135)[0m
[INFO] [38;5;220m Procesando slice 136 (chunk 000)[0m
[INFO] [38;5;220m Procesando Full Band (slice 136)[0m
[INFO] [38;5;220m Procesando slice 137 (chunk 000)[0m
[INFO] [38;5;220m Procesando Full Band (slice 137)[0m
[INFO] [38;5;82m Full Band: 1 candidatos detectados[0m
[INFO] [38;5;82m Candidato encontrado: DM=627.4 t=41.269s conf=0.10 class=0.07 → NO burst[0m
[INFO] [96m SNR Raw: 0.00σ, SNR Patch: 3.52σ[0m
[INFO] [38;5;82m Slice 137 completado: 1 candidatos (0 bursts, 1 no bursts)[0m
[INFO] [38;5;82m Slice 137 completado: 1 candidatos (0 bursts, 1 no bursts)[0m
[INFO] [38;5;220m Procesando slice 138 (chunk 000)[0m
[INFO] [38;5;220m Procesando Full Band (slice 138)[0m
[INFO] [38;5;82m Full Band: 1 candidatos detectados[0m
[INFO] [38;5;82m Candidato encontrado: DM=629.2 t=41.444s conf=0.12 class=0.06 → NO burst[0m
[INFO] [96m SNR Raw: 0.00σ, SNR Patch: 3.21σ[0m
[INFO] [38;5;82m Slice 138 completado: 1 candidatos (0 bursts, 1 no bursts)[0m
[INFO] [38;5;82m Slice 138 completado: 1 candidatos (0 bursts, 1 no bursts)[0m
[INFO] [38;5;220m Procesando slice 139 (chunk 000)[0m
[INFO] [38;5;220m Procesando Full Band (slice 139)[0m
[INFO] [38;5;82m Full Band: 1 candidatos detectados[0m
[INFO] [38;5;82m Candidato encontrado: DM=1153.1 t=41.771s conf=0.11 class=0.10 → NO burst[0m
[INFO] [96m SNR Raw: 0.00σ, SNR Patch: 2.79σ[0m
[INFO] [38;5;82m Slice 139 completado: 1 candidatos (0 bursts, 1 no bursts)[0m
[INFO] [38;5;82m Slice 139 completado: 1 candidatos (0 bursts, 1 no bursts)[0m
[INFO] [38;5;220m Progreso: slice 140/174 (80.0%) (chunk 000)[0m
[INFO] [38;5;220m Procesando slice 140 (chunk 000)[0m
[INFO] [38;5;220m Procesando Full Band (slice 140)[0m
[INFO] [38;5;220m Procesando slice 141 (chunk 000)[0m
[INFO] [38;5;220m Procesando Full Band (slice 141)[0m
[INFO] [38;5;220m Procesando slice 142 (chunk 000)[0m
[INFO] [38;5;220m Procesando Full Band (slice 142)[0m
[INFO] [38;5;82m Full Band: 1 candidatos detectados[0m
[INFO] [38;5;82m Candidato encontrado: DM=642.1 t=42.658s conf=0.13 class=0.04 → NO burst[0m
[INFO] [96m SNR Raw: 0.00σ, SNR Patch: 2.73σ[0m
[INFO] [38;5;82m Slice 142 completado: 1 candidatos (0 bursts, 1 no bursts)[0m
[INFO] [38;5;82m Slice 142 completado: 1 candidatos (0 bursts, 1 no bursts)[0m
[INFO] [38;5;220m Procesando slice 143 (chunk 000)[0m
[INFO] [38;5;220m Procesando Full Band (slice 143)[0m
[INFO] [38;5;220m Procesando slice 144 (chunk 000)[0m
[INFO] [38;5;220m Procesando Full Band (slice 144)[0m
[INFO] [38;5;82m Full Band: 1 candidatos detectados[0m
[INFO] [38;5;82m Candidato encontrado: DM=655.4 t=43.254s conf=0.12 class=0.04 → NO burst[0m
[INFO] [96m SNR Raw: 0.00σ, SNR Patch: 3.09σ[0m
[INFO] [38;5;82m Slice 144 completado: 1 candidatos (0 bursts, 1 no bursts)[0m
[INFO] [38;5;82m Slice 144 completado: 1 candidatos (0 bursts, 1 no bursts)[0m
[INFO] [38;5;220m Procesando slice 145 (chunk 000)[0m
[INFO] [38;5;220m Procesando Full Band (slice 145)[0m
[INFO] [38;5;220m Procesando slice 146 (chunk 000)[0m
[INFO] [38;5;220m Procesando Full Band (slice 146)[0m
[INFO] [38;5;220m Procesando slice 147 (chunk 000)[0m
[INFO] [38;5;220m Procesando Full Band (slice 147)[0m
[INFO] [38;5;220m Procesando slice 148 (chunk 000)[0m
[INFO] [38;5;220m Procesando Full Band (slice 148)[0m
[INFO] [38;5;220m Procesando slice 149 (chunk 000)[0m
[INFO] [38;5;220m Procesando Full Band (slice 149)[0m
[INFO] [38;5;220m Progreso: slice 150/174 (85.7%) (chunk 000)[0m
[INFO] [38;5;220m Procesando slice 150 (chunk 000)[0m
[INFO] [38;5;220m Procesando Full Band (slice 150)[0m
[INFO] [38;5;220m Procesando slice 151 (chunk 000)[0m
[INFO] [38;5;220m Procesando Full Band (slice 151)[0m
[INFO] [38;5;220m Procesando slice 152 (chunk 000)[0m
[INFO] [38;5;220m Procesando Full Band (slice 152)[0m
[INFO] [38;5;220m Procesando slice 153 (chunk 000)[0m
[INFO] [38;5;220m Procesando Full Band (slice 153)[0m
[INFO] [38;5;82m Full Band: 1 candidatos detectados[0m
[INFO] [38;5;82m Candidato encontrado: DM=627.9 t=46.013s conf=0.13 class=0.12 → NO burst[0m
[INFO] [96m SNR Raw: 0.00σ, SNR Patch: 2.82σ[0m
[INFO] [38;5;82m Slice 153 completado: 1 candidatos (0 bursts, 1 no bursts)[0m
[INFO] [38;5;82m Slice 153 completado: 1 candidatos (0 bursts, 1 no bursts)[0m
[INFO] [38;5;220m Procesando slice 154 (chunk 000)[0m
[INFO] [38;5;220m Procesando Full Band (slice 154)[0m
[INFO] [38;5;220m Procesando slice 155 (chunk 000)[0m
[INFO] [38;5;220m Procesando Full Band (slice 155)[0m
[INFO] [38;5;82m Full Band: 1 candidatos detectados[0m
[INFO] [38;5;82m Candidato encontrado: DM=628.1 t=46.608s conf=0.10 class=0.05 → NO burst[0m
[INFO] [96m SNR Raw: 0.00σ, SNR Patch: 3.32σ[0m
[INFO] [38;5;82m Slice 155 completado: 1 candidatos (0 bursts, 1 no bursts)[0m
[INFO] [38;5;82m Slice 155 completado: 1 candidatos (0 bursts, 1 no bursts)[0m
[INFO] [38;5;220m Procesando slice 156 (chunk 000)[0m
[INFO] [38;5;220m Procesando Full Band (slice 156)[0m
[INFO] [38;5;82m Full Band: 1 candidatos detectados[0m
[INFO] [38;5;82m Candidato encontrado: DM=697.1 t=46.857s conf=0.13 class=0.06 → NO burst[0m
[INFO] [96m SNR Raw: 0.00σ, SNR Patch: 2.77σ[0m
[INFO] [38;5;82m Slice 156 completado: 1 candidatos (0 bursts, 1 no bursts)[0m
[INFO] [38;5;82m Slice 156 completado: 1 candidatos (0 bursts, 1 no bursts)[0m
[INFO] [38;5;220m Procesando slice 157 (chunk 000)[0m
[INFO] [38;5;220m Procesando Full Band (slice 157)[0m
[INFO] [38;5;82m Full Band: 1 candidatos detectados[0m
[INFO] [38;5;82m Candidato encontrado: DM=696.7 t=47.218s conf=0.15 class=0.01 → NO burst[0m
[INFO] [96m SNR Raw: 0.00σ, SNR Patch: 3.64σ[0m
[INFO] [38;5;82m Slice 157 completado: 1 candidatos (0 bursts, 1 no bursts)[0m
[INFO] [38;5;82m Slice 157 completado: 1 candidatos (0 bursts, 1 no bursts)[0m
[INFO] [38;5;220m Procesando slice 158 (chunk 000)[0m
[INFO] [38;5;220m Procesando Full Band (slice 158)[0m
[INFO] [38;5;82m Full Band: 1 candidatos detectados[0m
[INFO] [38;5;82m Candidato encontrado: DM=723.8 t=47.690s conf=0.11 class=0.03 → NO burst[0m
[INFO] [96m SNR Raw: 0.00σ, SNR Patch: 4.39σ[0m
[INFO] [38;5;82m Slice 158 completado: 1 candidatos (0 bursts, 1 no bursts)[0m
[INFO] [38;5;82m Slice 158 completado: 1 candidatos (0 bursts, 1 no bursts)[0m
[INFO] [38;5;220m Procesando slice 159 (chunk 000)[0m
[INFO] [38;5;220m Procesando Full Band (slice 159)[0m
[INFO] [38;5;82m Full Band: 1 candidatos detectados[0m
[INFO] [38;5;82m Candidato encontrado: DM=1166.5 t=47.803s conf=0.11 class=0.04 → NO burst[0m
[INFO] [96m SNR Raw: 0.00σ, SNR Patch: 4.54σ[0m
[INFO] [38;5;82m Slice 159 completado: 1 candidatos (0 bursts, 1 no bursts)[0m
[INFO] [38;5;82m Slice 159 completado: 1 candidatos (0 bursts, 1 no bursts)[0m
[INFO] [38;5;220m Progreso: slice 160/174 (91.4%) (chunk 000)[0m
[INFO] [38;5;220m Procesando slice 160 (chunk 000)[0m
[INFO] [38;5;220m Procesando Full Band (slice 160)[0m
[INFO] [38;5;220m Procesando slice 161 (chunk 000)[0m
[INFO] [38;5;220m Procesando Full Band (slice 161)[0m
[INFO] [38;5;220m Procesando slice 162 (chunk 000)[0m
[INFO] [38;5;220m Procesando Full Band (slice 162)[0m
[INFO] [38;5;220m Procesando slice 163 (chunk 000)[0m
[INFO] [38;5;220m Procesando Full Band (slice 163)[0m
[INFO] [38;5;82m Full Band: 1 candidatos detectados[0m
[INFO] [38;5;82m Candidato encontrado: DM=613.9 t=49.168s conf=0.11 class=0.08 → NO burst[0m
[INFO] [96m SNR Raw: 0.00σ, SNR Patch: 3.64σ[0m
[INFO] [38;5;82m Slice 163 completado: 1 candidatos (0 bursts, 1 no bursts)[0m
[INFO] [38;5;82m Slice 163 completado: 1 candidatos (0 bursts, 1 no bursts)[0m
[INFO] [38;5;220m Procesando slice 164 (chunk 000)[0m
[INFO] [38;5;220m Procesando Full Band (slice 164)[0m
[INFO] [38;5;220m Procesando slice 165 (chunk 000)[0m
[INFO] [38;5;220m Procesando Full Band (slice 165)[0m
[INFO] [38;5;220m Procesando slice 166 (chunk 000)[0m
[INFO] [38;5;220m Procesando Full Band (slice 166)[0m
[INFO] [38;5;220m Procesando slice 167 (chunk 000)[0m
[INFO] [38;5;220m Procesando Full Band (slice 167)[0m
[INFO] [38;5;220m Procesando slice 168 (chunk 000)[0m
[INFO] [38;5;220m Procesando Full Band (slice 168)[0m
[INFO] [38;5;220m Procesando slice 169 (chunk 000)[0m
[INFO] [38;5;220m Procesando Full Band (slice 169)[0m
[INFO] [38;5;220m Progreso: slice 170/174 (97.1%) (chunk 000)[0m
[INFO] [38;5;220m Procesando slice 170 (chunk 000)[0m
[INFO] [38;5;220m Procesando Full Band (slice 170)[0m
[INFO] [38;5;220m Procesando slice 171 (chunk 000)[0m
[INFO] [38;5;220m Procesando Full Band (slice 171)[0m
[INFO] [38;5;82m Full Band: 1 candidatos detectados[0m
[INFO] [38;5;82m Candidato encontrado: DM=627.8 t=51.422s conf=0.16 class=0.03 → NO burst[0m
[INFO] [96m SNR Raw: 0.00σ, SNR Patch: 2.53σ[0m
[INFO] [38;5;82m Slice 171 completado: 1 candidatos (0 bursts, 1 no bursts)[0m
[INFO] [38;5;82m Slice 171 completado: 1 candidatos (0 bursts, 1 no bursts)[0m
[INFO] [38;5;220m Procesando slice 172 (chunk 000)[0m
[INFO] [38;5;220m Procesando Full Band (slice 172)[0m
[INFO] [38;5;220m Procesando slice 173 (chunk 000)[0m
[INFO] [38;5;220m Procesando Full Band (slice 173)[0m
[INFO] [38;5;220m Procesando slice 174 (chunk 000)[0m
[INFO] [38;5;220m Procesando Full Band (slice 174)[0m
[INFO] [38;5;87m 2017-04-03-08-16-13_142_0003_t39.977.fits: 61 candidatos, max prob 0.19, 398.0s[0m
[INFO] Escribiendo resumen final...
[INFO] [38;5;39m PIPELINE COMPLETADO[0m
[INFO] Resumen: 1 archivos, 61 candidatos, 3 bursts
[INFO] Tiempo total: 398.0s
