[INFO] Logs guardándose en: /mnt/d/Seba - Dev/DRAFTS-UC/drafts/logging/log/drafts_pipeline_20250729_211344.log
[INFO] [38;5;39mINICIANDO PIPELINE DE DETECCIÓN DE FRB[0m
[INFO] [94mLeyenda de Colores:[0m
[INFO] [38;5;39m Pipeline: Operaciones principales del pipeline[0m
[INFO] [38;5;87m Archivos: Procesamiento de archivos[0m
[INFO] [38;5;220m Procesamiento: Chunks y Slices[0m
[INFO] [38;5;82m Detección: Candidatos detectados[0m
[INFO] [38;5;213m GPU: Operaciones de GPU[0m
[INFO] [93m Advertencia: Problemas no críticos[0m
[INFO] [38;5;196m Error: Fallos críticos[0m
[INFO] [96m Debug: Información detallada (solo en modo DEBUG)[0m
[INFO] 
[INFO] Datos: Data/raw
[INFO] Resultados: Results/ObjectDetection
[INFO] Targets: ['2017-04-03-08-16-13_142_0003_t39.977']
[INFO] Chunking: 2,097,152 muestras/bloque
[INFO] Cargando modelos...
[INFO] Modelos cargados exitosamente
[INFO] Buscando archivos para target: 2017-04-03-08-16-13_142_0003_t39.977
[INFO] Archivos encontrados: ['2017-04-03-08-16-13_142_0003_t39.977.fits']
[INFO] Leyendo parámetros desde: 2017-04-03-08-16-13_142_0003_t39.977.fits
[INFO] Parámetros de observación cargados
[INFO] [38;5;87m Procesando: 2017-04-03-08-16-13_142_0003_t39.977.fits[0m
[INFO] Muestras: 1,638,400
[INFO] Duración: 0.9 min
[INFO] Canales: 32
[INFO] Configuración de slice:
[INFO] Duración objetivo: 1000.0 ms
[INFO] SLICE_LEN: 1302 muestras
[INFO] Duración real: 999.9 ms
[INFO] [38;5;220m Progreso: slice 000/052 (0.0%) (chunk 000)[0m
[INFO] [38;5;220m Procesando slice 000 (chunk 000)[0m
[INFO] [38;5;220m Procesando Full Band (slice 0)[0m
[INFO] [38;5;220m Procesando slice 001 (chunk 000)[0m
[INFO] [38;5;220m Procesando Full Band (slice 1)[0m
[INFO] [38;5;220m Procesando slice 002 (chunk 000)[0m
[INFO] [38;5;220m Procesando Full Band (slice 2)[0m
[INFO] [38;5;220m Procesando slice 003 (chunk 000)[0m
[INFO] [38;5;220m Procesando Full Band (slice 3)[0m
[INFO] [38;5;220m Procesando slice 004 (chunk 000)[0m
[INFO] [38;5;220m Procesando Full Band (slice 4)[0m
[INFO] [38;5;220m Procesando slice 005 (chunk 000)[0m
[INFO] [38;5;220m Procesando Full Band (slice 5)[0m
[INFO] [38;5;220m Procesando slice 006 (chunk 000)[0m
[INFO] [38;5;220m Procesando Full Band (slice 6)[0m
[INFO] [38;5;220m Procesando slice 007 (chunk 000)[0m
[INFO] [38;5;220m Procesando Full Band (slice 7)[0m
[INFO] [38;5;220m Procesando slice 008 (chunk 000)[0m
[INFO] [38;5;220m Procesando Full Band (slice 8)[0m
[INFO] [38;5;220m Procesando slice 009 (chunk 000)[0m
[INFO] [38;5;220m Procesando Full Band (slice 9)[0m
[INFO] [38;5;220m Progreso: slice 010/052 (18.9%) (chunk 000)[0m
[INFO] [38;5;220m Procesando slice 010 (chunk 000)[0m
[INFO] [38;5;220m Procesando Full Band (slice 10)[0m
[INFO] [38;5;220m Procesando slice 011 (chunk 000)[0m
[INFO] [38;5;220m Procesando Full Band (slice 11)[0m
[INFO] [38;5;220m Procesando slice 012 (chunk 000)[0m
[INFO] [38;5;220m Procesando Full Band (slice 12)[0m
[INFO] [38;5;220m Procesando slice 013 (chunk 000)[0m
[INFO] [38;5;220m Procesando Full Band (slice 13)[0m
[INFO] [38;5;220m Procesando slice 014 (chunk 000)[0m
[INFO] [38;5;220m Procesando Full Band (slice 14)[0m
[INFO] [38;5;220m Procesando slice 015 (chunk 000)[0m
[INFO] [38;5;220m Procesando Full Band (slice 15)[0m
[INFO] [38;5;220m Procesando slice 016 (chunk 000)[0m
[INFO] [38;5;220m Procesando Full Band (slice 16)[0m
[INFO] [38;5;220m Procesando slice 017 (chunk 000)[0m
[INFO] [38;5;220m Procesando Full Band (slice 17)[0m
[INFO] [38;5;82m Full Band: 1 candidatos detectados[0m
[INFO] [38;5;82m Candidato encontrado: DM=1065.9 t=17.009s conf=0.21 class=0.02 → NO burst[0m
[INFO] [96m SNR Raw: 0.00σ, SNR Patch: 3.07σ[0m
[INFO] [38;5;82m Slice 017 completado: 1 candidatos (0 bursts, 1 no bursts)[0m
[INFO] [38;5;82m Slice 017 completado: 1 candidatos (0 bursts, 1 no bursts)[0m
[INFO] [38;5;220m Procesando slice 018 (chunk 000)[0m
[INFO] [38;5;220m Procesando Full Band (slice 18)[0m
[INFO] [38;5;220m Procesando slice 019 (chunk 000)[0m
[INFO] [38;5;220m Procesando Full Band (slice 19)[0m
[INFO] [38;5;220m Progreso: slice 020/052 (37.7%) (chunk 000)[0m
[INFO] [38;5;220m Procesando slice 020 (chunk 000)[0m
[INFO] [38;5;220m Procesando Full Band (slice 20)[0m
[INFO] [38;5;220m Procesando slice 021 (chunk 000)[0m
[INFO] [38;5;220m Procesando Full Band (slice 21)[0m
[INFO] [38;5;220m Procesando slice 022 (chunk 000)[0m
[INFO] [38;5;220m Procesando Full Band (slice 22)[0m
[INFO] [38;5;220m Procesando slice 023 (chunk 000)[0m
[INFO] [38;5;220m Procesando Full Band (slice 23)[0m
[INFO] [38;5;220m Procesando slice 024 (chunk 000)[0m
[INFO] [38;5;220m Procesando Full Band (slice 24)[0m
[INFO] [38;5;220m Procesando slice 025 (chunk 000)[0m
[INFO] [38;5;220m Procesando Full Band (slice 25)[0m
[INFO] [38;5;220m Procesando slice 026 (chunk 000)[0m
[INFO] [38;5;220m Procesando Full Band (slice 26)[0m
[INFO] [38;5;220m Procesando slice 027 (chunk 000)[0m
[INFO] [38;5;220m Procesando Full Band (slice 27)[0m
[INFO] [38;5;220m Procesando slice 028 (chunk 000)[0m
[INFO] [38;5;220m Procesando Full Band (slice 28)[0m
[INFO] [38;5;220m Procesando slice 029 (chunk 000)[0m
[INFO] [38;5;220m Procesando Full Band (slice 29)[0m
[INFO] [38;5;220m Progreso: slice 030/052 (56.6%) (chunk 000)[0m
[INFO] [38;5;220m Procesando slice 030 (chunk 000)[0m
[INFO] [38;5;220m Procesando Full Band (slice 30)[0m
[INFO] [38;5;220m Procesando slice 031 (chunk 000)[0m
[INFO] [38;5;220m Procesando Full Band (slice 31)[0m
[INFO] [38;5;220m Procesando slice 032 (chunk 000)[0m
[INFO] [38;5;220m Procesando Full Band (slice 32)[0m
[INFO] [38;5;220m Procesando slice 033 (chunk 000)[0m
[INFO] [38;5;220m Procesando Full Band (slice 33)[0m
[INFO] [38;5;220m Procesando slice 034 (chunk 000)[0m
[INFO] [38;5;220m Procesando Full Band (slice 34)[0m
[INFO] [38;5;220m Procesando slice 035 (chunk 000)[0m
[INFO] [38;5;220m Procesando Full Band (slice 35)[0m
[INFO] [38;5;220m Procesando slice 036 (chunk 000)[0m
[INFO] [38;5;220m Procesando Full Band (slice 36)[0m
[INFO] [38;5;220m Procesando slice 037 (chunk 000)[0m
[INFO] [38;5;220m Procesando Full Band (slice 37)[0m
[INFO] [38;5;220m Procesando slice 038 (chunk 000)[0m
[INFO] [38;5;220m Procesando Full Band (slice 38)[0m
[INFO] [38;5;82m Full Band: 1 candidatos detectados[0m
[INFO] [38;5;82m Candidato encontrado: DM=1134.2 t=38.023s conf=0.20 class=0.05 → NO burst[0m
[INFO] [96m SNR Raw: 0.00σ, SNR Patch: 2.88σ[0m
[INFO] [38;5;82m Slice 038 completado: 1 candidatos (0 bursts, 1 no bursts)[0m
[INFO] [38;5;82m Slice 038 completado: 1 candidatos (0 bursts, 1 no bursts)[0m
[INFO] [38;5;220m Procesando slice 039 (chunk 000)[0m
[INFO] [38;5;220m Procesando Full Band (slice 39)[0m
[INFO] [38;5;220m Progreso: slice 040/052 (75.5%) (chunk 000)[0m
[INFO] [38;5;220m Procesando slice 040 (chunk 000)[0m
[INFO] [38;5;220m Procesando Full Band (slice 40)[0m
[INFO] [38;5;220m Procesando slice 041 (chunk 000)[0m
[INFO] [38;5;220m Procesando Full Band (slice 41)[0m
[INFO] [38;5;220m Procesando slice 042 (chunk 000)[0m
[INFO] [38;5;220m Procesando Full Band (slice 42)[0m
[INFO] [38;5;220m Procesando slice 043 (chunk 000)[0m
[INFO] [38;5;220m Procesando Full Band (slice 43)[0m
[INFO] [38;5;220m Procesando slice 044 (chunk 000)[0m
[INFO] [38;5;220m Procesando Full Band (slice 44)[0m
[INFO] [38;5;220m Procesando slice 045 (chunk 000)[0m
[INFO] [38;5;220m Procesando Full Band (slice 45)[0m
[INFO] [38;5;220m Procesando slice 046 (chunk 000)[0m
[INFO] [38;5;220m Procesando Full Band (slice 46)[0m
[INFO] [38;5;220m Procesando slice 047 (chunk 000)[0m
[INFO] [38;5;220m Procesando Full Band (slice 47)[0m
[INFO] [38;5;220m Procesando slice 048 (chunk 000)[0m
[INFO] [38;5;220m Procesando Full Band (slice 48)[0m
[INFO] [38;5;220m Procesando slice 049 (chunk 000)[0m
[INFO] [38;5;220m Procesando Full Band (slice 49)[0m
[INFO] [38;5;220m Progreso: slice 050/052 (94.3%) (chunk 000)[0m
[INFO] [38;5;220m Procesando slice 050 (chunk 000)[0m
[INFO] [38;5;220m Procesando Full Band (slice 50)[0m
[INFO] [38;5;220m Procesando slice 051 (chunk 000)[0m
[INFO] [38;5;220m Procesando Full Band (slice 51)[0m
[INFO] [38;5;220m Procesando slice 052 (chunk 000)[0m
[INFO] [38;5;220m Procesando Full Band (slice 52)[0m
[INFO] [38;5;87m 2017-04-03-08-16-13_142_0003_t39.977.fits: 2 candidatos, max prob 0.21, 54.1s[0m
[INFO] Escribiendo resumen final...
[INFO] [38;5;39m PIPELINE COMPLETADO[0m
[INFO] Resumen: 1 archivos, 2 candidatos, 0 bursts
[INFO] Tiempo total: 54.1s
