[INFO] Logs guardándose en: /mnt/d/Seba - Dev/DRAFTS-UC/drafts_pipeline_20250729_205845.log
[INFO] [38;5;39mINICIANDO PIPELINE DE DETECCIÓN DE FRB[0m
[INFO] [94mLeyenda de Colores:[0m
[INFO] [38;5;39m  🚀 Pipeline: Operaciones principales del pipeline[0m
[INFO] [38;5;87m  📂 Archivos: Procesamiento de archivos[0m
[INFO] [38;5;220m  🧩 Procesamiento: Chunks y Slices[0m
[INFO] [38;5;82m  🎯 Detección: Candidatos detectados[0m
[INFO] [38;5;213m  🖥️  GPU: Operaciones de GPU[0m
[INFO] [93m  ⚠️  Advertencia: Problemas no críticos[0m
[INFO] [38;5;196m  ❌ Error: Fallos críticos[0m
[INFO] [96m  🔍 Debug: Información detallada (solo en modo DEBUG)[0m
[INFO] 
[INFO] Datos: Data/raw
[INFO] Resultados: Results/ObjectDetection
[INFO] Targets: ['3100_0001_00_8bit']
[INFO] Chunking: 2,097,152 muestras/bloque
[INFO] Cargando modelos...
[INFO] Modelos cargados exitosamente
[INFO] Buscando archivos para target: 3100_0001_00_8bit
[INFO] Archivos encontrados: ['3100_0001_00_8bit.fil']
[INFO] Leyendo parámetros desde: 3100_0001_00_8bit.fil
[INFO] Parámetros de observación cargados
[INFO] [38;5;87m Procesando: 3100_0001_00_8bit.fil[0m
[INFO] Muestras: 65,917,985
[INFO] Duración: 60.0 min
[INFO] Canales: 512
[INFO] Configuración de slice:
[INFO] Duración objetivo: 1000.0 ms
[INFO] SLICE_LEN: 1308 muestras
[INFO] Duración real: 1000.1 ms
[INFO] [38;5;220m Progreso: slice 000/114 (0.0%) (chunk 000)[0m
[INFO] [38;5;220m Procesando slice 000 (chunk 000)[0m
[INFO] [38;5;220m Procesando Full Band (slice 0)[0m
[INFO] [38;5;220m Procesando slice 001 (chunk 000)[0m
[INFO] [38;5;220m Procesando Full Band (slice 1)[0m
[INFO] [38;5;220m Procesando slice 002 (chunk 000)[0m
[INFO] [38;5;220m Procesando Full Band (slice 2)[0m
[INFO] [38;5;220m Procesando slice 003 (chunk 000)[0m
[INFO] [38;5;220m Procesando Full Band (slice 3)[0m
[INFO] [38;5;220m Procesando slice 004 (chunk 000)[0m
[INFO] [38;5;220m Procesando Full Band (slice 4)[0m
[INFO] [38;5;220m Procesando slice 005 (chunk 000)[0m
[INFO] [38;5;220m Procesando Full Band (slice 5)[0m
[INFO] [38;5;220m Procesando slice 006 (chunk 000)[0m
[INFO] [38;5;220m Procesando Full Band (slice 6)[0m
[INFO] [38;5;220m Procesando slice 007 (chunk 000)[0m
[INFO] [38;5;220m Procesando Full Band (slice 7)[0m
[INFO] [38;5;220m Procesando slice 008 (chunk 000)[0m
[INFO] [38;5;220m Procesando Full Band (slice 8)[0m
[INFO] [38;5;220m Procesando slice 009 (chunk 000)[0m
[INFO] [38;5;220m Procesando Full Band (slice 9)[0m
[INFO] [38;5;220m Progreso: slice 010/114 (8.7%) (chunk 000)[0m
[INFO] [38;5;220m Procesando slice 010 (chunk 000)[0m
[INFO] [38;5;220m Procesando Full Band (slice 10)[0m
[INFO] [38;5;220m Procesando slice 011 (chunk 000)[0m
[INFO] [38;5;220m Procesando Full Band (slice 11)[0m
[INFO] [38;5;220m Procesando slice 012 (chunk 000)[0m
[INFO] [38;5;220m Procesando Full Band (slice 12)[0m
[INFO] [38;5;220m Procesando slice 013 (chunk 000)[0m
[INFO] [38;5;220m Procesando Full Band (slice 13)[0m
[INFO] [38;5;82m Full Band: 1 candidatos detectados[0m
[INFO] [38;5;82m Candidato encontrado: DM=220.7 t=13.035s conf=0.37 class=0.02 → NO burst[0m
[INFO] [96m SNR Raw: 1.88σ, SNR Patch: 2.91σ[0m
[INFO] [38;5;82m Slice 013 completado: 1 candidatos (0 bursts, 1 no bursts)[0m
[INFO] [38;5;82m Slice 013 completado: 1 candidatos (0 bursts, 1 no bursts)[0m
[INFO] [38;5;220m Procesando slice 014 (chunk 000)[0m
[INFO] [38;5;220m Procesando Full Band (slice 14)[0m
[INFO] [38;5;220m Procesando slice 015 (chunk 000)[0m
[INFO] [38;5;220m Procesando Full Band (slice 15)[0m
[INFO] [38;5;220m Procesando slice 016 (chunk 000)[0m
[INFO] [38;5;220m Procesando Full Band (slice 16)[0m
[INFO] [38;5;220m Procesando slice 017 (chunk 000)[0m
[INFO] [38;5;220m Procesando Full Band (slice 17)[0m
[INFO] [38;5;220m Procesando slice 018 (chunk 000)[0m
[INFO] [38;5;220m Procesando Full Band (slice 18)[0m
[INFO] [38;5;220m Procesando slice 019 (chunk 000)[0m
[INFO] [38;5;220m Procesando Full Band (slice 19)[0m
[INFO] [38;5;220m Progreso: slice 020/114 (17.4%) (chunk 000)[0m
[INFO] [38;5;220m Procesando slice 020 (chunk 000)[0m
[INFO] [38;5;220m Procesando Full Band (slice 20)[0m
[INFO] [38;5;220m Procesando slice 021 (chunk 000)[0m
[INFO] [38;5;220m Procesando Full Band (slice 21)[0m
[INFO] [38;5;220m Procesando slice 022 (chunk 000)[0m
[INFO] [38;5;220m Procesando Full Band (slice 22)[0m
[INFO] [38;5;220m Procesando slice 023 (chunk 000)[0m
[INFO] [38;5;220m Procesando Full Band (slice 23)[0m
[INFO] [38;5;220m Procesando slice 024 (chunk 000)[0m
[INFO] [38;5;220m Procesando Full Band (slice 24)[0m
[INFO] [38;5;220m Procesando slice 025 (chunk 000)[0m
[INFO] [38;5;220m Procesando Full Band (slice 25)[0m
[INFO] [38;5;220m Procesando slice 026 (chunk 000)[0m
[INFO] [38;5;220m Procesando Full Band (slice 26)[0m
[INFO] [38;5;220m Procesando slice 027 (chunk 000)[0m
[INFO] [38;5;220m Procesando Full Band (slice 27)[0m
[INFO] [38;5;220m Procesando slice 028 (chunk 000)[0m
[INFO] [38;5;220m Procesando Full Band (slice 28)[0m
[INFO] [38;5;220m Procesando slice 029 (chunk 000)[0m
[INFO] [38;5;220m Procesando Full Band (slice 29)[0m
[INFO] [38;5;220m Progreso: slice 030/114 (26.1%) (chunk 000)[0m
[INFO] [38;5;220m Procesando slice 030 (chunk 000)[0m
[INFO] [38;5;220m Procesando Full Band (slice 30)[0m
[INFO] [38;5;220m Procesando slice 031 (chunk 000)[0m
[INFO] [38;5;220m Procesando Full Band (slice 31)[0m
[INFO] [38;5;220m Procesando slice 032 (chunk 000)[0m
[INFO] [38;5;220m Procesando Full Band (slice 32)[0m
[INFO] [38;5;220m Procesando slice 033 (chunk 000)[0m
[INFO] [38;5;220m Procesando Full Band (slice 33)[0m
[INFO] [38;5;220m Procesando slice 034 (chunk 000)[0m
[INFO] [38;5;220m Procesando Full Band (slice 34)[0m
[INFO] [38;5;220m Procesando slice 035 (chunk 000)[0m
[INFO] [38;5;220m Procesando Full Band (slice 35)[0m
[INFO] [38;5;220m Procesando slice 036 (chunk 000)[0m
[INFO] [38;5;220m Procesando Full Band (slice 36)[0m
[INFO] [38;5;220m Procesando slice 037 (chunk 000)[0m
[INFO] [38;5;220m Procesando Full Band (slice 37)[0m
[INFO] [38;5;220m Procesando slice 038 (chunk 000)[0m
[INFO] [38;5;220m Procesando Full Band (slice 38)[0m
[INFO] [38;5;220m Procesando slice 039 (chunk 000)[0m
[INFO] [38;5;220m Procesando Full Band (slice 39)[0m
[INFO] [38;5;220m Progreso: slice 040/114 (34.8%) (chunk 000)[0m
[INFO] [38;5;220m Procesando slice 040 (chunk 000)[0m
[INFO] [38;5;220m Procesando Full Band (slice 40)[0m
[INFO] [38;5;220m Procesando slice 041 (chunk 000)[0m
[INFO] [38;5;220m Procesando Full Band (slice 41)[0m
[INFO] [38;5;220m Procesando slice 042 (chunk 000)[0m
[INFO] [38;5;220m Procesando Full Band (slice 42)[0m
[INFO] [38;5;220m Procesando slice 043 (chunk 000)[0m
[INFO] [38;5;220m Procesando Full Band (slice 43)[0m
[INFO] [38;5;220m Procesando slice 044 (chunk 000)[0m
[INFO] [38;5;220m Procesando Full Band (slice 44)[0m
[INFO] [38;5;220m Procesando slice 045 (chunk 000)[0m
[INFO] [38;5;220m Procesando Full Band (slice 45)[0m
[INFO] [38;5;220m Procesando slice 046 (chunk 000)[0m
[INFO] [38;5;220m Procesando Full Band (slice 46)[0m
[INFO] [38;5;220m Procesando slice 047 (chunk 000)[0m
[INFO] [38;5;220m Procesando Full Band (slice 47)[0m
[INFO] [38;5;220m Procesando slice 048 (chunk 000)[0m
[INFO] [38;5;220m Procesando Full Band (slice 48)[0m
[INFO] [38;5;220m Procesando slice 049 (chunk 000)[0m
[INFO] [38;5;220m Procesando Full Band (slice 49)[0m
[INFO] [38;5;220m Progreso: slice 050/114 (43.5%) (chunk 000)[0m
[INFO] [38;5;220m Procesando slice 050 (chunk 000)[0m
[INFO] [38;5;220m Procesando Full Band (slice 50)[0m
[INFO] [38;5;220m Procesando slice 051 (chunk 000)[0m
[INFO] [38;5;220m Procesando Full Band (slice 51)[0m
[INFO] [38;5;220m Procesando slice 052 (chunk 000)[0m
[INFO] [38;5;220m Procesando Full Band (slice 52)[0m
[INFO] [38;5;220m Procesando slice 053 (chunk 000)[0m
[INFO] [38;5;220m Procesando Full Band (slice 53)[0m
[INFO] [38;5;220m Procesando slice 054 (chunk 000)[0m
[INFO] [38;5;220m Procesando Full Band (slice 54)[0m
[INFO] [38;5;220m Procesando slice 055 (chunk 000)[0m
[INFO] [38;5;220m Procesando Full Band (slice 55)[0m
[INFO] [38;5;220m Procesando slice 056 (chunk 000)[0m
[INFO] [38;5;220m Procesando Full Band (slice 56)[0m
[INFO] [38;5;220m Procesando slice 057 (chunk 000)[0m
[INFO] [38;5;220m Procesando Full Band (slice 57)[0m
[INFO] [38;5;220m Procesando slice 058 (chunk 000)[0m
[INFO] [38;5;220m Procesando Full Band (slice 58)[0m
[INFO] [38;5;220m Procesando slice 059 (chunk 000)[0m
[INFO] [38;5;220m Procesando Full Band (slice 59)[0m
[INFO] [38;5;220m Progreso: slice 060/114 (52.2%) (chunk 000)[0m
[INFO] [38;5;220m Procesando slice 060 (chunk 000)[0m
[INFO] [38;5;220m Procesando Full Band (slice 60)[0m
[INFO] [38;5;220m Procesando slice 061 (chunk 000)[0m
[INFO] [38;5;220m Procesando Full Band (slice 61)[0m
[INFO] [38;5;220m Procesando slice 062 (chunk 000)[0m
[INFO] [38;5;220m Procesando Full Band (slice 62)[0m
[INFO] [38;5;220m Procesando slice 063 (chunk 000)[0m
[INFO] [38;5;220m Procesando Full Band (slice 63)[0m
[INFO] [38;5;220m Procesando slice 064 (chunk 000)[0m
[INFO] [38;5;220m Procesando Full Band (slice 64)[0m
[INFO] [38;5;220m Procesando slice 065 (chunk 000)[0m
[INFO] [38;5;220m Procesando Full Band (slice 65)[0m
[INFO] [38;5;220m Procesando slice 066 (chunk 000)[0m
[INFO] [38;5;220m Procesando Full Band (slice 66)[0m
[INFO] [38;5;220m Procesando slice 067 (chunk 000)[0m
[INFO] [38;5;220m Procesando Full Band (slice 67)[0m
[INFO] [38;5;220m Procesando slice 068 (chunk 000)[0m
[INFO] [38;5;220m Procesando Full Band (slice 68)[0m
[INFO] [38;5;220m Procesando slice 069 (chunk 000)[0m
[INFO] [38;5;220m Procesando Full Band (slice 69)[0m
[INFO] [38;5;220m Progreso: slice 070/114 (60.9%) (chunk 000)[0m
[INFO] [38;5;220m Procesando slice 070 (chunk 000)[0m
[INFO] [38;5;220m Procesando Full Band (slice 70)[0m
[INFO] [38;5;220m Procesando slice 071 (chunk 000)[0m
[INFO] [38;5;220m Procesando Full Band (slice 71)[0m
[INFO] [38;5;220m Procesando slice 072 (chunk 000)[0m
[INFO] [38;5;220m Procesando Full Band (slice 72)[0m
[INFO] [38;5;220m Procesando slice 073 (chunk 000)[0m
[INFO] [38;5;220m Procesando Full Band (slice 73)[0m
[INFO] [38;5;220m Procesando slice 074 (chunk 000)[0m
[INFO] [38;5;220m Procesando Full Band (slice 74)[0m
[INFO] [38;5;220m Procesando slice 075 (chunk 000)[0m
[INFO] [38;5;220m Procesando Full Band (slice 75)[0m
[INFO] [38;5;220m Procesando slice 076 (chunk 000)[0m
[INFO] [38;5;220m Procesando Full Band (slice 76)[0m
[INFO] [38;5;220m Procesando slice 077 (chunk 000)[0m
[INFO] [38;5;220m Procesando Full Band (slice 77)[0m
[INFO] [38;5;220m Procesando slice 078 (chunk 000)[0m
[INFO] [38;5;220m Procesando Full Band (slice 78)[0m
[INFO] [38;5;220m Procesando slice 079 (chunk 000)[0m
[INFO] [38;5;220m Procesando Full Band (slice 79)[0m
[INFO] [38;5;220m Progreso: slice 080/114 (69.6%) (chunk 000)[0m
[INFO] [38;5;220m Procesando slice 080 (chunk 000)[0m
[INFO] [38;5;220m Procesando Full Band (slice 80)[0m
[INFO] [38;5;220m Procesando slice 081 (chunk 000)[0m
[INFO] [38;5;220m Procesando Full Band (slice 81)[0m
[INFO] [38;5;220m Procesando slice 082 (chunk 000)[0m
[INFO] [38;5;220m Procesando Full Band (slice 82)[0m
[INFO] [38;5;220m Procesando slice 083 (chunk 000)[0m
[INFO] [38;5;220m Procesando Full Band (slice 83)[0m
[INFO] [38;5;220m Procesando slice 084 (chunk 000)[0m
[INFO] [38;5;220m Procesando Full Band (slice 84)[0m
[INFO] [38;5;220m Procesando slice 085 (chunk 000)[0m
[INFO] [38;5;220m Procesando Full Band (slice 85)[0m
[INFO] [38;5;220m Procesando slice 086 (chunk 000)[0m
[INFO] [38;5;220m Procesando Full Band (slice 86)[0m
[INFO] [38;5;220m Procesando slice 087 (chunk 000)[0m
[INFO] [38;5;220m Procesando Full Band (slice 87)[0m
[INFO] [38;5;220m Procesando slice 088 (chunk 000)[0m
[INFO] [38;5;220m Procesando Full Band (slice 88)[0m
[INFO] [38;5;220m Procesando slice 089 (chunk 000)[0m
[INFO] [38;5;220m Procesando Full Band (slice 89)[0m
[INFO] [38;5;220m Progreso: slice 090/114 (78.3%) (chunk 000)[0m
[INFO] [38;5;220m Procesando slice 090 (chunk 000)[0m
[INFO] [38;5;220m Procesando Full Band (slice 90)[0m
[INFO] [38;5;220m Procesando slice 091 (chunk 000)[0m
[INFO] [38;5;220m Procesando Full Band (slice 91)[0m
[INFO] [38;5;220m Procesando slice 092 (chunk 000)[0m
[INFO] [38;5;220m Procesando Full Band (slice 92)[0m
[INFO] [38;5;220m Procesando slice 093 (chunk 000)[0m
[INFO] [38;5;220m Procesando Full Band (slice 93)[0m
[INFO] [38;5;220m Procesando slice 094 (chunk 000)[0m
[INFO] [38;5;220m Procesando Full Band (slice 94)[0m
[INFO] [38;5;220m Procesando slice 095 (chunk 000)[0m
[INFO] [38;5;220m Procesando Full Band (slice 95)[0m
[INFO] [38;5;220m Procesando slice 096 (chunk 000)[0m
[INFO] [38;5;220m Procesando Full Band (slice 96)[0m
[INFO] [38;5;220m Procesando slice 097 (chunk 000)[0m
[INFO] [38;5;220m Procesando Full Band (slice 97)[0m
[INFO] [38;5;220m Procesando slice 098 (chunk 000)[0m
[INFO] [38;5;220m Procesando Full Band (slice 98)[0m
[INFO] [38;5;220m Procesando slice 099 (chunk 000)[0m
[INFO] [38;5;220m Procesando Full Band (slice 99)[0m
[INFO] [38;5;220m Progreso: slice 100/114 (87.0%) (chunk 000)[0m
[INFO] [38;5;220m Procesando slice 100 (chunk 000)[0m
[INFO] [38;5;220m Procesando Full Band (slice 100)[0m
[INFO] [38;5;220m Procesando slice 101 (chunk 000)[0m
[INFO] [38;5;220m Procesando Full Band (slice 101)[0m
[INFO] [38;5;220m Procesando slice 102 (chunk 000)[0m
[INFO] [38;5;220m Procesando Full Band (slice 102)[0m
[INFO] [38;5;220m Procesando slice 103 (chunk 000)[0m
[INFO] [38;5;220m Procesando Full Band (slice 103)[0m
[INFO] [38;5;220m Procesando slice 104 (chunk 000)[0m
[INFO] [38;5;220m Procesando Full Band (slice 104)[0m
[INFO] [38;5;220m Procesando slice 105 (chunk 000)[0m
[INFO] [38;5;220m Procesando Full Band (slice 105)[0m
[INFO] [38;5;220m Procesando slice 106 (chunk 000)[0m
[INFO] [38;5;220m Procesando Full Band (slice 106)[0m
[INFO] [38;5;220m Procesando slice 107 (chunk 000)[0m
[INFO] [38;5;220m Procesando Full Band (slice 107)[0m
[INFO] [38;5;220m Procesando slice 108 (chunk 000)[0m
[INFO] [38;5;220m Procesando Full Band (slice 108)[0m
[INFO] [38;5;220m Procesando slice 109 (chunk 000)[0m
[INFO] [38;5;220m Procesando Full Band (slice 109)[0m
[INFO] [38;5;220m Progreso: slice 110/114 (95.7%) (chunk 000)[0m
[INFO] [38;5;220m Procesando slice 110 (chunk 000)[0m
[INFO] [38;5;220m Procesando Full Band (slice 110)[0m
[INFO] [38;5;220m Procesando slice 111 (chunk 000)[0m
[INFO] [38;5;220m Procesando Full Band (slice 111)[0m
[INFO] [38;5;220m Procesando slice 112 (chunk 000)[0m
[INFO] [38;5;220m Procesando Full Band (slice 112)[0m
[INFO] [38;5;220m Procesando slice 113 (chunk 000)[0m
[INFO] [38;5;220m Procesando Full Band (slice 113)[0m
[INFO] [38;5;220m Procesando slice 114 (chunk 000)[0m
[INFO] [38;5;220m Procesando Full Band (slice 114)[0m
[INFO] [38;5;220m Chunk 000 completado: 1 candidatos totales (0 bursts, 1 no bursts)[0m
[INFO] Configuración de slice:
[INFO] Duración objetivo: 1000.0 ms
[INFO] SLICE_LEN: 1308 muestras
[INFO] Duración real: 1000.1 ms
[INFO] [38;5;220m Progreso: slice 000/114 (0.0%) (chunk 001)[0m
[INFO] [38;5;220m Procesando slice 000 (chunk 001)[0m
[INFO] [38;5;220m Procesando Full Band (slice 0)[0m
[INFO] [38;5;220m Procesando slice 001 (chunk 001)[0m
[INFO] [38;5;220m Procesando Full Band (slice 1)[0m
[INFO] [38;5;220m Procesando slice 002 (chunk 001)[0m
[INFO] [38;5;220m Procesando Full Band (slice 2)[0m
[INFO] [38;5;220m Procesando slice 003 (chunk 001)[0m
[INFO] [38;5;220m Procesando Full Band (slice 3)[0m
[INFO] [38;5;220m Procesando slice 004 (chunk 001)[0m
[INFO] [38;5;220m Procesando Full Band (slice 4)[0m
[INFO] [38;5;220m Procesando slice 005 (chunk 001)[0m
[INFO] [38;5;220m Procesando Full Band (slice 5)[0m
[INFO] [38;5;220m Procesando slice 006 (chunk 001)[0m
[INFO] [38;5;220m Procesando Full Band (slice 6)[0m
[INFO] [38;5;220m Procesando slice 007 (chunk 001)[0m
[INFO] [38;5;220m Procesando Full Band (slice 7)[0m
[INFO] [38;5;220m Procesando slice 008 (chunk 001)[0m
[INFO] [38;5;220m Procesando Full Band (slice 8)[0m
[INFO] [38;5;220m Procesando slice 009 (chunk 001)[0m
[INFO] [38;5;220m Procesando Full Band (slice 9)[0m
[INFO] [38;5;220m Progreso: slice 010/114 (8.7%) (chunk 001)[0m
[INFO] [38;5;220m Procesando slice 010 (chunk 001)[0m
[INFO] [38;5;220m Procesando Full Band (slice 10)[0m
[INFO] [38;5;220m Procesando slice 011 (chunk 001)[0m
[INFO] [38;5;220m Procesando Full Band (slice 11)[0m
[INFO] [38;5;220m Procesando slice 012 (chunk 001)[0m
[INFO] [38;5;220m Procesando Full Band (slice 12)[0m
[INFO] [38;5;220m Procesando slice 013 (chunk 001)[0m
[INFO] [38;5;220m Procesando Full Band (slice 13)[0m
[INFO] [38;5;220m Procesando slice 014 (chunk 001)[0m
[INFO] [38;5;220m Procesando Full Band (slice 14)[0m
[INFO] [38;5;220m Procesando slice 015 (chunk 001)[0m
[INFO] [38;5;220m Procesando Full Band (slice 15)[0m
[INFO] [38;5;220m Procesando slice 016 (chunk 001)[0m
[INFO] [38;5;220m Procesando Full Band (slice 16)[0m
[INFO] [38;5;220m Procesando slice 017 (chunk 001)[0m
[INFO] [38;5;220m Procesando Full Band (slice 17)[0m
[INFO] [38;5;220m Procesando slice 018 (chunk 001)[0m
[INFO] [38;5;220m Procesando Full Band (slice 18)[0m
[INFO] [38;5;220m Procesando slice 019 (chunk 001)[0m
[INFO] [38;5;220m Procesando Full Band (slice 19)[0m
[INFO] [38;5;220m Progreso: slice 020/114 (17.4%) (chunk 001)[0m
[INFO] [38;5;220m Procesando slice 020 (chunk 001)[0m
[INFO] [38;5;220m Procesando Full Band (slice 20)[0m
[INFO] [38;5;220m Procesando slice 021 (chunk 001)[0m
[INFO] [38;5;220m Procesando Full Band (slice 21)[0m
[INFO] [38;5;220m Procesando slice 022 (chunk 001)[0m
[INFO] [38;5;220m Procesando Full Band (slice 22)[0m
[INFO] [38;5;220m Procesando slice 023 (chunk 001)[0m
[INFO] [38;5;220m Procesando Full Band (slice 23)[0m
[INFO] [38;5;220m Procesando slice 024 (chunk 001)[0m
[INFO] [38;5;220m Procesando Full Band (slice 24)[0m
[INFO] [38;5;220m Procesando slice 025 (chunk 001)[0m
[INFO] [38;5;220m Procesando Full Band (slice 25)[0m
[INFO] [38;5;220m Procesando slice 026 (chunk 001)[0m
[INFO] [38;5;220m Procesando Full Band (slice 26)[0m
[INFO] [38;5;220m Procesando slice 027 (chunk 001)[0m
[INFO] [38;5;220m Procesando Full Band (slice 27)[0m
[INFO] [38;5;220m Procesando slice 028 (chunk 001)[0m
[INFO] [38;5;220m Procesando Full Band (slice 28)[0m
[INFO] [38;5;220m Procesando slice 029 (chunk 001)[0m
[INFO] [38;5;220m Procesando Full Band (slice 29)[0m
[INFO] [38;5;220m Progreso: slice 030/114 (26.1%) (chunk 001)[0m
[INFO] [38;5;220m Procesando slice 030 (chunk 001)[0m
[INFO] [38;5;220m Procesando Full Band (slice 30)[0m
[INFO] [38;5;220m Procesando slice 031 (chunk 001)[0m
[INFO] [38;5;220m Procesando Full Band (slice 31)[0m
[INFO] [38;5;220m Procesando slice 032 (chunk 001)[0m
[INFO] [38;5;220m Procesando Full Band (slice 32)[0m
[INFO] [38;5;220m Procesando slice 033 (chunk 001)[0m
[INFO] [38;5;220m Procesando Full Band (slice 33)[0m
[INFO] [38;5;220m Procesando slice 034 (chunk 001)[0m
[INFO] [38;5;220m Procesando Full Band (slice 34)[0m
[INFO] [38;5;220m Procesando slice 035 (chunk 001)[0m
[INFO] [38;5;220m Procesando Full Band (slice 35)[0m
[INFO] [38;5;220m Procesando slice 036 (chunk 001)[0m
[INFO] [38;5;220m Procesando Full Band (slice 36)[0m
[INFO] [38;5;220m Procesando slice 037 (chunk 001)[0m
[INFO] [38;5;220m Procesando Full Band (slice 37)[0m
[INFO] [38;5;220m Procesando slice 038 (chunk 001)[0m
[INFO] [38;5;220m Procesando Full Band (slice 38)[0m
[INFO] [38;5;220m Procesando slice 039 (chunk 001)[0m
[INFO] [38;5;220m Procesando Full Band (slice 39)[0m
[INFO] [38;5;220m Progreso: slice 040/114 (34.8%) (chunk 001)[0m
[INFO] [38;5;220m Procesando slice 040 (chunk 001)[0m
[INFO] [38;5;220m Procesando Full Band (slice 40)[0m
[INFO] [38;5;220m Procesando slice 041 (chunk 001)[0m
[INFO] [38;5;220m Procesando Full Band (slice 41)[0m
[INFO] [38;5;220m Procesando slice 042 (chunk 001)[0m
[INFO] [38;5;220m Procesando Full Band (slice 42)[0m
[INFO] [38;5;220m Procesando slice 043 (chunk 001)[0m
[INFO] [38;5;220m Procesando Full Band (slice 43)[0m
[INFO] [38;5;220m Procesando slice 044 (chunk 001)[0m
[INFO] [38;5;220m Procesando Full Band (slice 44)[0m
[INFO] [38;5;220m Procesando slice 045 (chunk 001)[0m
[INFO] [38;5;220m Procesando Full Band (slice 45)[0m
[INFO] [38;5;220m Procesando slice 046 (chunk 001)[0m
[INFO] [38;5;220m Procesando Full Band (slice 46)[0m
[INFO] [38;5;220m Procesando slice 047 (chunk 001)[0m
[INFO] [38;5;220m Procesando Full Band (slice 47)[0m
[INFO] [38;5;220m Procesando slice 048 (chunk 001)[0m
[INFO] [38;5;220m Procesando Full Band (slice 48)[0m
[INFO] [38;5;220m Procesando slice 049 (chunk 001)[0m
[INFO] [38;5;220m Procesando Full Band (slice 49)[0m
[INFO] [38;5;220m Progreso: slice 050/114 (43.5%) (chunk 001)[0m
[INFO] [38;5;220m Procesando slice 050 (chunk 001)[0m
[INFO] [38;5;220m Procesando Full Band (slice 50)[0m
[INFO] [38;5;220m Procesando slice 051 (chunk 001)[0m
[INFO] [38;5;220m Procesando Full Band (slice 51)[0m
[INFO] [38;5;220m Procesando slice 052 (chunk 001)[0m
[INFO] [38;5;220m Procesando Full Band (slice 52)[0m
[INFO] [38;5;220m Procesando slice 053 (chunk 001)[0m
[INFO] [38;5;220m Procesando Full Band (slice 53)[0m
[INFO] [38;5;220m Procesando slice 054 (chunk 001)[0m
[INFO] [38;5;220m Procesando Full Band (slice 54)[0m
[INFO] [38;5;220m Procesando slice 055 (chunk 001)[0m
[INFO] [38;5;220m Procesando Full Band (slice 55)[0m
[INFO] [38;5;220m Procesando slice 056 (chunk 001)[0m
[INFO] [38;5;220m Procesando Full Band (slice 56)[0m
[INFO] [38;5;220m Procesando slice 057 (chunk 001)[0m
[INFO] [38;5;220m Procesando Full Band (slice 57)[0m
[INFO] [38;5;220m Procesando slice 058 (chunk 001)[0m
[INFO] [38;5;220m Procesando Full Band (slice 58)[0m
[INFO] [38;5;220m Procesando slice 059 (chunk 001)[0m
[INFO] [38;5;220m Procesando Full Band (slice 59)[0m
[INFO] [38;5;220m Progreso: slice 060/114 (52.2%) (chunk 001)[0m
[INFO] [38;5;220m Procesando slice 060 (chunk 001)[0m
[INFO] [38;5;220m Procesando Full Band (slice 60)[0m
[INFO] [38;5;220m Procesando slice 061 (chunk 001)[0m
[INFO] [38;5;220m Procesando Full Band (slice 61)[0m
[INFO] [38;5;220m Procesando slice 062 (chunk 001)[0m
[INFO] [38;5;220m Procesando Full Band (slice 62)[0m
[INFO] [38;5;220m Procesando slice 063 (chunk 001)[0m
[INFO] [38;5;220m Procesando Full Band (slice 63)[0m
[INFO] [38;5;220m Procesando slice 064 (chunk 001)[0m
[INFO] [38;5;220m Procesando Full Band (slice 64)[0m
[INFO] [38;5;220m Procesando slice 065 (chunk 001)[0m
[INFO] [38;5;220m Procesando Full Band (slice 65)[0m
[INFO] [38;5;220m Procesando slice 066 (chunk 001)[0m
[INFO] [38;5;220m Procesando Full Band (slice 66)[0m
[INFO] [38;5;220m Procesando slice 067 (chunk 001)[0m
[INFO] [38;5;220m Procesando Full Band (slice 67)[0m
[INFO] [38;5;220m Procesando slice 068 (chunk 001)[0m
[INFO] [38;5;220m Procesando Full Band (slice 68)[0m
[INFO] [38;5;220m Procesando slice 069 (chunk 001)[0m
[INFO] [38;5;220m Procesando Full Band (slice 69)[0m
[INFO] [38;5;220m Progreso: slice 070/114 (60.9%) (chunk 001)[0m
[INFO] [38;5;220m Procesando slice 070 (chunk 001)[0m
[INFO] [38;5;220m Procesando Full Band (slice 70)[0m
[INFO] [38;5;220m Procesando slice 071 (chunk 001)[0m
[INFO] [38;5;220m Procesando Full Band (slice 71)[0m
[INFO] [38;5;220m Procesando slice 072 (chunk 001)[0m
[INFO] [38;5;220m Procesando Full Band (slice 72)[0m
[INFO] [38;5;220m Procesando slice 073 (chunk 001)[0m
[INFO] [38;5;220m Procesando Full Band (slice 73)[0m
[INFO] [38;5;220m Procesando slice 074 (chunk 001)[0m
[INFO] [38;5;220m Procesando Full Band (slice 74)[0m
[INFO] [38;5;220m Procesando slice 075 (chunk 001)[0m
[INFO] [38;5;220m Procesando Full Band (slice 75)[0m
[INFO] [38;5;220m Procesando slice 076 (chunk 001)[0m
[INFO] [38;5;220m Procesando Full Band (slice 76)[0m
[INFO] [38;5;220m Procesando slice 077 (chunk 001)[0m
[INFO] [38;5;220m Procesando Full Band (slice 77)[0m
[INFO] [38;5;82m Full Band: 1 candidatos detectados[0m
[INFO] [38;5;82m Candidato encontrado: DM=276.8 t=191.651s conf=0.35 class=0.02 → NO burst[0m
[INFO] [96m SNR Raw: 1.29σ, SNR Patch: 3.33σ[0m
[INFO] [38;5;82m Slice 077 completado: 1 candidatos (0 bursts, 1 no bursts)[0m
[INFO] [38;5;82m Slice 077 completado: 1 candidatos (0 bursts, 1 no bursts)[0m
[INFO] [38;5;220m Procesando slice 078 (chunk 001)[0m
[INFO] [38;5;220m Procesando Full Band (slice 78)[0m
[INFO] [38;5;82m Full Band: 1 candidatos detectados[0m
[INFO] [38;5;82m Candidato encontrado: DM=276.4 t=192.714s conf=0.33 class=0.04 → NO burst[0m
[INFO] [96m SNR Raw: 2.11σ, SNR Patch: 3.26σ[0m
[INFO] [38;5;82m Slice 078 completado: 1 candidatos (0 bursts, 1 no bursts)[0m
[INFO] [38;5;82m Slice 078 completado: 1 candidatos (0 bursts, 1 no bursts)[0m
[INFO] [38;5;220m Procesando slice 079 (chunk 001)[0m
[INFO] [38;5;220m Procesando Full Band (slice 79)[0m
[INFO] [38;5;220m Progreso: slice 080/114 (69.6%) (chunk 001)[0m
[INFO] [38;5;220m Procesando slice 080 (chunk 001)[0m
[INFO] [38;5;220m Procesando Full Band (slice 80)[0m
[INFO] [38;5;220m Procesando slice 081 (chunk 001)[0m
[INFO] [38;5;220m Procesando Full Band (slice 81)[0m
[INFO] [38;5;220m Procesando slice 082 (chunk 001)[0m
[INFO] [38;5;220m Procesando Full Band (slice 82)[0m
[INFO] [38;5;220m Procesando slice 083 (chunk 001)[0m
[INFO] [38;5;220m Procesando Full Band (slice 83)[0m
[INFO] [38;5;220m Procesando slice 084 (chunk 001)[0m
[INFO] [38;5;220m Procesando Full Band (slice 84)[0m
[INFO] [38;5;220m Procesando slice 085 (chunk 001)[0m
[INFO] [38;5;220m Procesando Full Band (slice 85)[0m
[INFO] [38;5;220m Procesando slice 086 (chunk 001)[0m
[INFO] [38;5;220m Procesando Full Band (slice 86)[0m
[INFO] [38;5;220m Procesando slice 087 (chunk 001)[0m
[INFO] [38;5;220m Procesando Full Band (slice 87)[0m
[INFO] [38;5;220m Procesando slice 088 (chunk 001)[0m
[INFO] [38;5;220m Procesando Full Band (slice 88)[0m
[INFO] [38;5;220m Procesando slice 089 (chunk 001)[0m
[INFO] [38;5;220m Procesando Full Band (slice 89)[0m
[INFO] [38;5;82m Full Band: 1 candidatos detectados[0m
[INFO] [38;5;82m Candidato encontrado: DM=412.5 t=204.433s conf=0.32 class=0.03 → NO burst[0m
[INFO] [96m SNR Raw: 2.42σ, SNR Patch: 3.23σ[0m
[INFO] [38;5;82m Slice 089 completado: 1 candidatos (0 bursts, 1 no bursts)[0m
[INFO] [38;5;82m Slice 089 completado: 1 candidatos (0 bursts, 1 no bursts)[0m
[INFO] [38;5;220m Progreso: slice 090/114 (78.3%) (chunk 001)[0m
[INFO] [38;5;220m Procesando slice 090 (chunk 001)[0m
[INFO] [38;5;220m Procesando Full Band (slice 90)[0m
[INFO] [38;5;220m Procesando slice 091 (chunk 001)[0m
[INFO] [38;5;220m Procesando Full Band (slice 91)[0m
[INFO] [38;5;220m Procesando slice 092 (chunk 001)[0m
[INFO] [38;5;220m Procesando Full Band (slice 92)[0m
[INFO] [38;5;220m Procesando slice 093 (chunk 001)[0m
[INFO] [38;5;220m Procesando Full Band (slice 93)[0m
[INFO] [38;5;220m Procesando slice 094 (chunk 001)[0m
[INFO] [38;5;220m Procesando Full Band (slice 94)[0m
[INFO] [38;5;220m Procesando slice 095 (chunk 001)[0m
[INFO] [38;5;220m Procesando Full Band (slice 95)[0m
[INFO] [38;5;220m Procesando slice 096 (chunk 001)[0m
[INFO] [38;5;220m Procesando Full Band (slice 96)[0m
[INFO] [38;5;220m Procesando slice 097 (chunk 001)[0m
[INFO] [38;5;220m Procesando Full Band (slice 97)[0m
[INFO] [38;5;220m Procesando slice 098 (chunk 001)[0m
[INFO] [38;5;220m Procesando Full Band (slice 98)[0m
[INFO] [38;5;220m Procesando slice 099 (chunk 001)[0m
[INFO] [38;5;220m Procesando Full Band (slice 99)[0m
[INFO] [38;5;220m Progreso: slice 100/114 (87.0%) (chunk 001)[0m
[INFO] [38;5;220m Procesando slice 100 (chunk 001)[0m
[INFO] [38;5;220m Procesando Full Band (slice 100)[0m
[INFO] [38;5;220m Procesando slice 101 (chunk 001)[0m
[INFO] [38;5;220m Procesando Full Band (slice 101)[0m
[INFO] [38;5;220m Procesando slice 102 (chunk 001)[0m
[INFO] [38;5;220m Procesando Full Band (slice 102)[0m
[INFO] [38;5;220m Procesando slice 103 (chunk 001)[0m
[INFO] [38;5;220m Procesando Full Band (slice 103)[0m
[INFO] [38;5;220m Procesando slice 104 (chunk 001)[0m
[INFO] [38;5;220m Procesando Full Band (slice 104)[0m
[INFO] [38;5;220m Procesando slice 105 (chunk 001)[0m
[INFO] [38;5;220m Procesando Full Band (slice 105)[0m
[INFO] [38;5;220m Procesando slice 106 (chunk 001)[0m
[INFO] [38;5;220m Procesando Full Band (slice 106)[0m
[INFO] [38;5;220m Procesando slice 107 (chunk 001)[0m
[INFO] [38;5;220m Procesando Full Band (slice 107)[0m
[INFO] [38;5;220m Procesando slice 108 (chunk 001)[0m
[INFO] [38;5;220m Procesando Full Band (slice 108)[0m
[INFO] [38;5;220m Procesando slice 109 (chunk 001)[0m
[INFO] [38;5;220m Procesando Full Band (slice 109)[0m
[INFO] [38;5;220m Progreso: slice 110/114 (95.7%) (chunk 001)[0m
[INFO] [38;5;220m Procesando slice 110 (chunk 001)[0m
[INFO] [38;5;220m Procesando Full Band (slice 110)[0m
[INFO] [38;5;220m Procesando slice 111 (chunk 001)[0m
[INFO] [38;5;220m Procesando Full Band (slice 111)[0m
[INFO] [38;5;220m Procesando slice 112 (chunk 001)[0m
[INFO] [38;5;220m Procesando Full Band (slice 112)[0m
[INFO] [38;5;220m Procesando slice 113 (chunk 001)[0m
[INFO] [38;5;220m Procesando Full Band (slice 113)[0m
[INFO] [38;5;220m Procesando slice 114 (chunk 001)[0m
[INFO] [38;5;220m Procesando Full Band (slice 114)[0m
[INFO] [38;5;220m Chunk 001 completado: 3 candidatos totales (0 bursts, 3 no bursts)[0m
[INFO] Configuración de slice:
[INFO] Duración objetivo: 1000.0 ms
[INFO] SLICE_LEN: 1308 muestras
[INFO] Duración real: 1000.1 ms
[INFO] [38;5;220m Progreso: slice 000/114 (0.0%) (chunk 002)[0m
[INFO] [38;5;220m Procesando slice 000 (chunk 002)[0m
[INFO] [38;5;220m Procesando Full Band (slice 0)[0m
[INFO] [38;5;220m Procesando slice 001 (chunk 002)[0m
[INFO] [38;5;220m Procesando Full Band (slice 1)[0m
[INFO] [38;5;220m Procesando slice 002 (chunk 002)[0m
[INFO] [38;5;220m Procesando Full Band (slice 2)[0m
[INFO] [38;5;220m Procesando slice 003 (chunk 002)[0m
[INFO] [38;5;220m Procesando Full Band (slice 3)[0m
[INFO] [38;5;220m Procesando slice 004 (chunk 002)[0m
[INFO] [38;5;220m Procesando Full Band (slice 4)[0m
[INFO] [38;5;220m Procesando slice 005 (chunk 002)[0m
[INFO] [38;5;220m Procesando Full Band (slice 5)[0m
[INFO] [38;5;220m Procesando slice 006 (chunk 002)[0m
[INFO] [38;5;220m Procesando Full Band (slice 6)[0m
[INFO] [38;5;220m Procesando slice 007 (chunk 002)[0m
[INFO] [38;5;220m Procesando Full Band (slice 7)[0m
[INFO] [38;5;220m Procesando slice 008 (chunk 002)[0m
[INFO] [38;5;220m Procesando Full Band (slice 8)[0m
[INFO] [38;5;220m Procesando slice 009 (chunk 002)[0m
[INFO] [38;5;220m Procesando Full Band (slice 9)[0m
[INFO] [38;5;220m Progreso: slice 010/114 (8.7%) (chunk 002)[0m
[INFO] [38;5;220m Procesando slice 010 (chunk 002)[0m
[INFO] [38;5;220m Procesando Full Band (slice 10)[0m
[INFO] [38;5;220m Procesando slice 011 (chunk 002)[0m
[INFO] [38;5;220m Procesando Full Band (slice 11)[0m
[INFO] [38;5;220m Procesando slice 012 (chunk 002)[0m
[INFO] [38;5;220m Procesando Full Band (slice 12)[0m
[INFO] [38;5;220m Procesando slice 013 (chunk 002)[0m
[INFO] [38;5;220m Procesando Full Band (slice 13)[0m
[INFO] [38;5;220m Procesando slice 014 (chunk 002)[0m
[INFO] [38;5;220m Procesando Full Band (slice 14)[0m
[INFO] [38;5;220m Procesando slice 015 (chunk 002)[0m
[INFO] [38;5;220m Procesando Full Band (slice 15)[0m
[INFO] [38;5;220m Procesando slice 016 (chunk 002)[0m
[INFO] [38;5;220m Procesando Full Band (slice 16)[0m
[INFO] [38;5;220m Procesando slice 017 (chunk 002)[0m
[INFO] [38;5;220m Procesando Full Band (slice 17)[0m
[INFO] [38;5;220m Procesando slice 018 (chunk 002)[0m
[INFO] [38;5;220m Procesando Full Band (slice 18)[0m
[INFO] [38;5;220m Procesando slice 019 (chunk 002)[0m
[INFO] [38;5;220m Procesando Full Band (slice 19)[0m
[INFO] [38;5;220m Progreso: slice 020/114 (17.4%) (chunk 002)[0m
[INFO] [38;5;220m Procesando slice 020 (chunk 002)[0m
[INFO] [38;5;220m Procesando Full Band (slice 20)[0m
[INFO] [38;5;220m Procesando slice 021 (chunk 002)[0m
[INFO] [38;5;220m Procesando Full Band (slice 21)[0m
[INFO] [38;5;220m Procesando slice 022 (chunk 002)[0m
[INFO] [38;5;220m Procesando Full Band (slice 22)[0m
[INFO] [38;5;220m Procesando slice 023 (chunk 002)[0m
[INFO] [38;5;220m Procesando Full Band (slice 23)[0m
[INFO] [38;5;220m Procesando slice 024 (chunk 002)[0m
[INFO] [38;5;220m Procesando Full Band (slice 24)[0m
[INFO] [38;5;220m Procesando slice 025 (chunk 002)[0m
[INFO] [38;5;220m Procesando Full Band (slice 25)[0m
[INFO] [38;5;82m Full Band: 1 candidatos detectados[0m
[INFO] [38;5;82m Candidato encontrado: DM=565.6 t=254.529s conf=0.92 class=1.00 → BURST[0m
[INFO] [96m SNR Raw: 1.33σ, SNR Patch: 25.57σ[0m
[INFO] [38;5;82m Slice 025 completado: 1 candidatos (1 bursts, 0 no bursts)[0m
[INFO] [38;5;82m Slice 025 completado: 1 candidatos (1 bursts, 0 no bursts)[0m
[INFO] [38;5;220m Procesando slice 026 (chunk 002)[0m
[INFO] [38;5;220m Procesando Full Band (slice 26)[0m
[INFO] [38;5;220m Procesando slice 027 (chunk 002)[0m
[INFO] [38;5;220m Procesando Full Band (slice 27)[0m
[INFO] [38;5;220m Procesando slice 028 (chunk 002)[0m
[INFO] [38;5;220m Procesando Full Band (slice 28)[0m
[INFO] [38;5;220m Procesando slice 029 (chunk 002)[0m
[INFO] [38;5;220m Procesando Full Band (slice 29)[0m
[INFO] [38;5;220m Progreso: slice 030/114 (26.1%) (chunk 002)[0m
[INFO] [38;5;220m Procesando slice 030 (chunk 002)[0m
[INFO] [38;5;220m Procesando Full Band (slice 30)[0m
[INFO] [38;5;220m Procesando slice 031 (chunk 002)[0m
[INFO] [38;5;220m Procesando Full Band (slice 31)[0m
[INFO] [38;5;220m Procesando slice 032 (chunk 002)[0m
[INFO] [38;5;220m Procesando Full Band (slice 32)[0m
[INFO] [38;5;220m Procesando slice 033 (chunk 002)[0m
[INFO] [38;5;220m Procesando Full Band (slice 33)[0m
[INFO] [38;5;220m Procesando slice 034 (chunk 002)[0m
[INFO] [38;5;220m Procesando Full Band (slice 34)[0m
[INFO] [38;5;220m Procesando slice 035 (chunk 002)[0m
[INFO] [38;5;220m Procesando Full Band (slice 35)[0m
[INFO] [38;5;220m Procesando slice 036 (chunk 002)[0m
[INFO] [38;5;220m Procesando Full Band (slice 36)[0m
[INFO] [38;5;220m Procesando slice 037 (chunk 002)[0m
[INFO] [38;5;220m Procesando Full Band (slice 37)[0m
[INFO] [38;5;220m Procesando slice 038 (chunk 002)[0m
[INFO] [38;5;220m Procesando Full Band (slice 38)[0m
[INFO] [38;5;220m Procesando slice 039 (chunk 002)[0m
[INFO] [38;5;220m Procesando Full Band (slice 39)[0m
[INFO] [38;5;220m Progreso: slice 040/114 (34.8%) (chunk 002)[0m
[INFO] [38;5;220m Procesando slice 040 (chunk 002)[0m
[INFO] [38;5;220m Procesando Full Band (slice 40)[0m
[INFO] [38;5;220m Procesando slice 041 (chunk 002)[0m
[INFO] [38;5;220m Procesando Full Band (slice 41)[0m
[INFO] [38;5;220m Procesando slice 042 (chunk 002)[0m
[INFO] [38;5;220m Procesando Full Band (slice 42)[0m
[INFO] [38;5;220m Procesando slice 043 (chunk 002)[0m
[INFO] [38;5;220m Procesando Full Band (slice 43)[0m
[INFO] [38;5;220m Procesando slice 044 (chunk 002)[0m
[INFO] [38;5;220m Procesando Full Band (slice 44)[0m
[INFO] [38;5;220m Procesando slice 045 (chunk 002)[0m
[INFO] [38;5;220m Procesando Full Band (slice 45)[0m
[INFO] [38;5;220m Procesando slice 046 (chunk 002)[0m
[INFO] [38;5;220m Procesando Full Band (slice 46)[0m
[INFO] [38;5;220m Procesando slice 047 (chunk 002)[0m
[INFO] [38;5;220m Procesando Full Band (slice 47)[0m
[INFO] [38;5;220m Procesando slice 048 (chunk 002)[0m
[INFO] [38;5;220m Procesando Full Band (slice 48)[0m
[INFO] [38;5;220m Procesando slice 049 (chunk 002)[0m
[INFO] [38;5;220m Procesando Full Band (slice 49)[0m
[INFO] [38;5;220m Progreso: slice 050/114 (43.5%) (chunk 002)[0m
[INFO] [38;5;220m Procesando slice 050 (chunk 002)[0m
[INFO] [38;5;220m Procesando Full Band (slice 50)[0m
[INFO] [38;5;220m Procesando slice 051 (chunk 002)[0m
[INFO] [38;5;220m Procesando Full Band (slice 51)[0m
[INFO] [38;5;220m Procesando slice 052 (chunk 002)[0m
[INFO] [38;5;220m Procesando Full Band (slice 52)[0m
[INFO] [38;5;220m Procesando slice 053 (chunk 002)[0m
[INFO] [38;5;220m Procesando Full Band (slice 53)[0m
[INFO] [38;5;220m Procesando slice 054 (chunk 002)[0m
[INFO] [38;5;220m Procesando Full Band (slice 54)[0m
[INFO] [38;5;220m Procesando slice 055 (chunk 002)[0m
[INFO] [38;5;220m Procesando Full Band (slice 55)[0m
[INFO] [38;5;220m Procesando slice 056 (chunk 002)[0m
[INFO] [38;5;220m Procesando Full Band (slice 56)[0m
[INFO] [38;5;220m Procesando slice 057 (chunk 002)[0m
[INFO] [38;5;220m Procesando Full Band (slice 57)[0m
[INFO] [38;5;220m Procesando slice 058 (chunk 002)[0m
[INFO] [38;5;220m Procesando Full Band (slice 58)[0m
[INFO] [38;5;220m Procesando slice 059 (chunk 002)[0m
[INFO] [38;5;220m Procesando Full Band (slice 59)[0m
[INFO] [38;5;220m Progreso: slice 060/114 (52.2%) (chunk 002)[0m
[INFO] [38;5;220m Procesando slice 060 (chunk 002)[0m
[INFO] [38;5;220m Procesando Full Band (slice 60)[0m
[INFO] [38;5;220m Procesando slice 061 (chunk 002)[0m
[INFO] [38;5;220m Procesando Full Band (slice 61)[0m
[INFO] [38;5;220m Procesando slice 062 (chunk 002)[0m
[INFO] [38;5;220m Procesando Full Band (slice 62)[0m
[INFO] [38;5;220m Procesando slice 063 (chunk 002)[0m
[INFO] [38;5;220m Procesando Full Band (slice 63)[0m
[INFO] [38;5;220m Procesando slice 064 (chunk 002)[0m
[INFO] [38;5;220m Procesando Full Band (slice 64)[0m
[INFO] [38;5;220m Procesando slice 065 (chunk 002)[0m
[INFO] [38;5;220m Procesando Full Band (slice 65)[0m
[INFO] [38;5;220m Procesando slice 066 (chunk 002)[0m
[INFO] [38;5;220m Procesando Full Band (slice 66)[0m
[INFO] [38;5;220m Procesando slice 067 (chunk 002)[0m
[INFO] [38;5;220m Procesando Full Band (slice 67)[0m
[INFO] [38;5;220m Procesando slice 068 (chunk 002)[0m
[INFO] [38;5;220m Procesando Full Band (slice 68)[0m
[INFO] [38;5;220m Procesando slice 069 (chunk 002)[0m
[INFO] [38;5;220m Procesando Full Band (slice 69)[0m
[INFO] [38;5;220m Progreso: slice 070/114 (60.9%) (chunk 002)[0m
[INFO] [38;5;220m Procesando slice 070 (chunk 002)[0m
[INFO] [38;5;220m Procesando Full Band (slice 70)[0m
[INFO] [38;5;220m Procesando slice 071 (chunk 002)[0m
[INFO] [38;5;220m Procesando Full Band (slice 71)[0m
[INFO] [38;5;220m Procesando slice 072 (chunk 002)[0m
[INFO] [38;5;220m Procesando Full Band (slice 72)[0m
[INFO] [38;5;220m Procesando slice 073 (chunk 002)[0m
[INFO] [38;5;220m Procesando Full Band (slice 73)[0m
[INFO] [38;5;220m Procesando slice 074 (chunk 002)[0m
[INFO] [38;5;220m Procesando Full Band (slice 74)[0m
[INFO] [38;5;220m Procesando slice 075 (chunk 002)[0m
[INFO] [38;5;220m Procesando Full Band (slice 75)[0m
[INFO] [38;5;220m Procesando slice 076 (chunk 002)[0m
[INFO] [38;5;220m Procesando Full Band (slice 76)[0m
[INFO] [38;5;220m Procesando slice 077 (chunk 002)[0m
[INFO] [38;5;220m Procesando Full Band (slice 77)[0m
[INFO] [38;5;220m Procesando slice 078 (chunk 002)[0m
[INFO] [38;5;220m Procesando Full Band (slice 78)[0m
[INFO] [38;5;220m Procesando slice 079 (chunk 002)[0m
[INFO] [38;5;220m Procesando Full Band (slice 79)[0m
[INFO] [38;5;220m Progreso: slice 080/114 (69.6%) (chunk 002)[0m
[INFO] [38;5;220m Procesando slice 080 (chunk 002)[0m
[INFO] [38;5;220m Procesando Full Band (slice 80)[0m
[INFO] [38;5;82m Full Band: 1 candidatos detectados[0m
[INFO] [38;5;82m Candidato encontrado: DM=555.6 t=310.031s conf=0.84 class=1.00 → BURST[0m
[INFO] [96m SNR Raw: 1.78σ, SNR Patch: 3.86σ[0m
[INFO] [38;5;82m Slice 080 completado: 1 candidatos (1 bursts, 0 no bursts)[0m
[INFO] [38;5;82m Slice 080 completado: 1 candidatos (1 bursts, 0 no bursts)[0m
[INFO] [38;5;220m Procesando slice 081 (chunk 002)[0m
[INFO] [38;5;220m Procesando Full Band (slice 81)[0m
[INFO] [38;5;220m Procesando slice 082 (chunk 002)[0m
[INFO] [38;5;220m Procesando Full Band (slice 82)[0m
[INFO] [38;5;220m Procesando slice 083 (chunk 002)[0m
[INFO] [38;5;220m Procesando Full Band (slice 83)[0m
[INFO] [38;5;220m Procesando slice 084 (chunk 002)[0m
[INFO] [38;5;220m Procesando Full Band (slice 84)[0m
[INFO] [38;5;220m Procesando slice 085 (chunk 002)[0m
[INFO] [38;5;220m Procesando Full Band (slice 85)[0m
[INFO] [38;5;82m Full Band: 1 candidatos detectados[0m
[INFO] [38;5;82m Candidato encontrado: DM=171.9 t=314.990s conf=0.54 class=0.04 → NO burst[0m
[INFO] [96m SNR Raw: 3.47σ, SNR Patch: 3.01σ[0m
[INFO] [38;5;82m Slice 085 completado: 1 candidatos (0 bursts, 1 no bursts)[0m
[INFO] [38;5;82m Slice 085 completado: 1 candidatos (0 bursts, 1 no bursts)[0m
[INFO] [38;5;220m Procesando slice 086 (chunk 002)[0m
[INFO] [38;5;220m Procesando Full Band (slice 86)[0m
[INFO] [38;5;220m Procesando slice 087 (chunk 002)[0m
[INFO] [38;5;220m Procesando Full Band (slice 87)[0m
[INFO] [38;5;220m Procesando slice 088 (chunk 002)[0m
[INFO] [38;5;220m Procesando Full Band (slice 88)[0m
[INFO] [38;5;220m Procesando slice 089 (chunk 002)[0m
[INFO] [38;5;220m Procesando Full Band (slice 89)[0m
[INFO] [38;5;220m Progreso: slice 090/114 (78.3%) (chunk 002)[0m
[INFO] [38;5;220m Procesando slice 090 (chunk 002)[0m
[INFO] [38;5;220m Procesando Full Band (slice 90)[0m
[INFO] [38;5;220m Procesando slice 091 (chunk 002)[0m
[INFO] [38;5;220m Procesando Full Band (slice 91)[0m
[INFO] [38;5;220m Procesando slice 092 (chunk 002)[0m
[INFO] [38;5;220m Procesando Full Band (slice 92)[0m
[INFO] [38;5;220m Procesando slice 093 (chunk 002)[0m
[INFO] [38;5;220m Procesando Full Band (slice 93)[0m
[INFO] [38;5;220m Procesando slice 094 (chunk 002)[0m
[INFO] [38;5;220m Procesando Full Band (slice 94)[0m
[INFO] [38;5;220m Procesando slice 095 (chunk 002)[0m
[INFO] [38;5;220m Procesando Full Band (slice 95)[0m
[INFO] [38;5;220m Procesando slice 096 (chunk 002)[0m
[INFO] [38;5;220m Procesando Full Band (slice 96)[0m
[INFO] [38;5;220m Procesando slice 097 (chunk 002)[0m
[INFO] [38;5;220m Procesando Full Band (slice 97)[0m
[INFO] [38;5;220m Procesando slice 098 (chunk 002)[0m
[INFO] [38;5;220m Procesando Full Band (slice 98)[0m
[INFO] [38;5;220m Procesando slice 099 (chunk 002)[0m
[INFO] [38;5;220m Procesando Full Band (slice 99)[0m
[INFO] [38;5;220m Progreso: slice 100/114 (87.0%) (chunk 002)[0m
[INFO] [38;5;220m Procesando slice 100 (chunk 002)[0m
[INFO] [38;5;220m Procesando Full Band (slice 100)[0m
[INFO] [38;5;220m Procesando slice 101 (chunk 002)[0m
[INFO] [38;5;220m Procesando Full Band (slice 101)[0m
[INFO] [38;5;220m Procesando slice 102 (chunk 002)[0m
[INFO] [38;5;220m Procesando Full Band (slice 102)[0m
[INFO] [38;5;220m Procesando slice 103 (chunk 002)[0m
[INFO] [38;5;220m Procesando Full Band (slice 103)[0m
[INFO] [38;5;220m Procesando slice 104 (chunk 002)[0m
[INFO] [38;5;220m Procesando Full Band (slice 104)[0m
[INFO] [38;5;220m Procesando slice 105 (chunk 002)[0m
[INFO] [38;5;220m Procesando Full Band (slice 105)[0m
[INFO] [38;5;220m Procesando slice 106 (chunk 002)[0m
[INFO] [38;5;220m Procesando Full Band (slice 106)[0m
[INFO] [38;5;220m Procesando slice 107 (chunk 002)[0m
[INFO] [38;5;220m Procesando Full Band (slice 107)[0m
[INFO] [38;5;220m Procesando slice 108 (chunk 002)[0m
[INFO] [38;5;220m Procesando Full Band (slice 108)[0m
[INFO] [38;5;220m Procesando slice 109 (chunk 002)[0m
[INFO] [38;5;220m Procesando Full Band (slice 109)[0m
[INFO] [38;5;220m Progreso: slice 110/114 (95.7%) (chunk 002)[0m
[INFO] [38;5;220m Procesando slice 110 (chunk 002)[0m
[INFO] [38;5;220m Procesando Full Band (slice 110)[0m
[INFO] [38;5;220m Procesando slice 111 (chunk 002)[0m
[INFO] [38;5;220m Procesando Full Band (slice 111)[0m
[INFO] [38;5;220m Procesando slice 112 (chunk 002)[0m
[INFO] [38;5;220m Procesando Full Band (slice 112)[0m
[INFO] [38;5;220m Procesando slice 113 (chunk 002)[0m
[INFO] [38;5;220m Procesando Full Band (slice 113)[0m
[INFO] [38;5;220m Procesando slice 114 (chunk 002)[0m
[INFO] [38;5;220m Procesando Full Band (slice 114)[0m
[INFO] [38;5;220m Chunk 002 completado: 3 candidatos totales (2 bursts, 1 no bursts)[0m
[INFO] Configuración de slice:
[INFO] Duración objetivo: 1000.0 ms
[INFO] SLICE_LEN: 1308 muestras
[INFO] Duración real: 1000.1 ms
[INFO] [38;5;220m Progreso: slice 000/114 (0.0%) (chunk 003)[0m
[INFO] [38;5;220m Procesando slice 000 (chunk 003)[0m
[INFO] [38;5;220m Procesando Full Band (slice 0)[0m
[INFO] [38;5;220m Procesando slice 001 (chunk 003)[0m
[INFO] [38;5;220m Procesando Full Band (slice 1)[0m
[INFO] [38;5;220m Procesando slice 002 (chunk 003)[0m
[INFO] [38;5;220m Procesando Full Band (slice 2)[0m
[INFO] [38;5;220m Procesando slice 003 (chunk 003)[0m
[INFO] [38;5;220m Procesando Full Band (slice 3)[0m
[INFO] [38;5;220m Procesando slice 004 (chunk 003)[0m
[INFO] [38;5;220m Procesando Full Band (slice 4)[0m
[INFO] [38;5;220m Procesando slice 005 (chunk 003)[0m
[INFO] [38;5;220m Procesando Full Band (slice 5)[0m
[INFO] [38;5;220m Procesando slice 006 (chunk 003)[0m
[INFO] [38;5;220m Procesando Full Band (slice 6)[0m
[INFO] [38;5;220m Procesando slice 007 (chunk 003)[0m
[INFO] [38;5;220m Procesando Full Band (slice 7)[0m
[INFO] [38;5;220m Procesando slice 008 (chunk 003)[0m
[INFO] [38;5;220m Procesando Full Band (slice 8)[0m
[INFO] [38;5;220m Procesando slice 009 (chunk 003)[0m
[INFO] [38;5;220m Procesando Full Band (slice 9)[0m
[INFO] [38;5;220m Progreso: slice 010/114 (8.7%) (chunk 003)[0m
[INFO] [38;5;220m Procesando slice 010 (chunk 003)[0m
[INFO] [38;5;220m Procesando Full Band (slice 10)[0m
[INFO] [38;5;220m Procesando slice 011 (chunk 003)[0m
[INFO] [38;5;220m Procesando Full Band (slice 11)[0m
[INFO] [38;5;220m Procesando slice 012 (chunk 003)[0m
[INFO] [38;5;220m Procesando Full Band (slice 12)[0m
[INFO] [38;5;220m Procesando slice 013 (chunk 003)[0m
[INFO] [38;5;220m Procesando Full Band (slice 13)[0m
[INFO] [38;5;220m Procesando slice 014 (chunk 003)[0m
[INFO] [38;5;220m Procesando Full Band (slice 14)[0m
[INFO] [38;5;220m Procesando slice 015 (chunk 003)[0m
[INFO] [38;5;220m Procesando Full Band (slice 15)[0m
[INFO] [38;5;220m Procesando slice 016 (chunk 003)[0m
[INFO] [38;5;220m Procesando Full Band (slice 16)[0m
[INFO] [38;5;220m Procesando slice 017 (chunk 003)[0m
[INFO] [38;5;220m Procesando Full Band (slice 17)[0m
[INFO] [38;5;220m Procesando slice 018 (chunk 003)[0m
[INFO] [38;5;220m Procesando Full Band (slice 18)[0m
[INFO] [38;5;220m Procesando slice 019 (chunk 003)[0m
[INFO] [38;5;220m Procesando Full Band (slice 19)[0m
[INFO] [38;5;220m Progreso: slice 020/114 (17.4%) (chunk 003)[0m
[INFO] [38;5;220m Procesando slice 020 (chunk 003)[0m
[INFO] [38;5;220m Procesando Full Band (slice 20)[0m
[INFO] [38;5;220m Procesando slice 021 (chunk 003)[0m
[INFO] [38;5;220m Procesando Full Band (slice 21)[0m
[INFO] [38;5;220m Procesando slice 022 (chunk 003)[0m
[INFO] [38;5;220m Procesando Full Band (slice 22)[0m
[INFO] [38;5;220m Procesando slice 023 (chunk 003)[0m
[INFO] [38;5;220m Procesando Full Band (slice 23)[0m
[INFO] [38;5;220m Procesando slice 024 (chunk 003)[0m
[INFO] [38;5;220m Procesando Full Band (slice 24)[0m
[INFO] [38;5;220m Procesando slice 025 (chunk 003)[0m
[INFO] [38;5;220m Procesando Full Band (slice 25)[0m
[INFO] [38;5;220m Procesando slice 026 (chunk 003)[0m
[INFO] [38;5;220m Procesando Full Band (slice 26)[0m
[INFO] [38;5;220m Procesando slice 027 (chunk 003)[0m
[INFO] [38;5;220m Procesando Full Band (slice 27)[0m
[INFO] [38;5;220m Procesando slice 028 (chunk 003)[0m
[INFO] [38;5;220m Procesando Full Band (slice 28)[0m
[INFO] [38;5;220m Procesando slice 029 (chunk 003)[0m
[INFO] [38;5;220m Procesando Full Band (slice 29)[0m
[INFO] [38;5;220m Progreso: slice 030/114 (26.1%) (chunk 003)[0m
[INFO] [38;5;220m Procesando slice 030 (chunk 003)[0m
[INFO] [38;5;220m Procesando Full Band (slice 30)[0m
[INFO] [38;5;82m Full Band: 1 candidatos detectados[0m
[INFO] [38;5;82m Candidato encontrado: DM=244.3 t=374.331s conf=0.64 class=0.03 → NO burst[0m
[INFO] [96m SNR Raw: 2.84σ, SNR Patch: 2.84σ[0m
[INFO] [38;5;82m Slice 030 completado: 1 candidatos (0 bursts, 1 no bursts)[0m
